<?xml version="1.0" encoding="UTF-8"?>
<coverage generated="1782249481156" clover="3.2.0">
  <project timestamp="1782249481156" name="All files">
    <metrics statements="299" coveredstatements="240" conditionals="264" coveredconditionals="178" methods="127" coveredmethods="77" elements="690" coveredelements="495" complexity="0" loc="299" ncloc="299" packages="4" files="4" classes="4"/>
    <package name="components">
      <metrics statements="20" coveredstatements="16" conditionals="12" coveredconditionals="8" methods="8" coveredmethods="6"/>
      <file name="DateTimePicker.jsx" path="/Users/gago/Work/Jobee/jems/jems-web-zero/src/components/DateTimePicker.jsx">
        <metrics statements="20" coveredstatements="16" conditionals="12" coveredconditionals="8" methods="8" coveredmethods="6"/>
        <line num="6" count="243" type="stmt"/>
        <line num="7" count="243" type="stmt"/>
        <line num="8" count="243" type="stmt"/>
        <line num="9" count="243" type="stmt"/>
        <line num="11" count="243" type="stmt"/>
        <line num="12" count="94" type="stmt"/>
        <line num="19" count="0" type="cond" truecount="0" falsecount="2"/>
        <line num="20" count="0" type="stmt"/>
        <line num="21" count="0" type="stmt"/>
        <line num="22" count="0" type="stmt"/>
        <line num="25" count="94" type="stmt"/>
        <line num="28" count="243" type="stmt"/>
        <line num="29" count="94" type="cond" truecount="1" falsecount="1"/>
        <line num="30" count="94" type="cond" truecount="2" falsecount="0"/>
        <line num="31" count="19" type="stmt"/>
        <line num="33" count="75" type="stmt"/>
        <line num="37" count="243" type="stmt"/>
        <line num="38" count="95" type="cond" truecount="1" falsecount="1"/>
        <line num="39" count="95" type="cond" truecount="2" falsecount="0"/>
        <line num="42" count="243" type="stmt"/>
      </file>
    </package>
    <package name="hooks">
      <metrics statements="17" coveredstatements="16" conditionals="10" coveredconditionals="5" methods="9" coveredmethods="6"/>
      <file name="useLoads.js" path="/Users/gago/Work/Jobee/jems/jems-web-zero/src/hooks/useLoads.js">
        <metrics statements="17" coveredstatements="16" conditionals="10" coveredconditionals="5" methods="9" coveredmethods="6"/>
        <line num="5" count="4" type="stmt"/>
        <line num="6" count="4" type="stmt"/>
        <line num="7" count="4" type="stmt"/>
        <line num="8" count="4" type="stmt"/>
        <line num="10" count="4" type="stmt"/>
        <line num="11" count="4" type="stmt"/>
        <line num="13" count="4" type="stmt"/>
        <line num="15" count="4" type="stmt"/>
        <line num="16" count="2" type="stmt"/>
        <line num="17" count="2" type="stmt"/>
        <line num="18" count="2" type="stmt"/>
        <line num="19" count="2" type="stmt"/>
        <line num="21" count="2" type="cond" truecount="4" falsecount="2"/>
        <line num="23" count="0" type="cond" truecount="0" falsecount="2"/>
        <line num="24" count="2" type="cond" truecount="1" falsecount="1"/>
        <line num="25" count="2" type="stmt"/>
        <line num="30" count="4" type="stmt"/>
      </file>
    </package>
    <package name="pages.loads">
      <metrics statements="253" coveredstatements="199" conditionals="234" coveredconditionals="158" methods="108" coveredmethods="63"/>
      <file name="LoadFormPage.jsx" path="/Users/gago/Work/Jobee/jems/jems-web-zero/src/pages/loads/LoadFormPage.jsx">
        <metrics statements="253" coveredstatements="199" conditionals="234" coveredconditionals="158" methods="108" coveredmethods="63"/>
        <line num="10" count="1" type="stmt"/>
        <line num="19" count="7" type="stmt"/>
        <line num="20" count="7" type="stmt"/>
        <line num="21" count="7" type="stmt"/>
        <line num="23" count="7" type="stmt"/>
        <line num="24" count="1" type="cond" truecount="1" falsecount="1"/>
        <line num="25" count="1" type="stmt"/>
        <line num="26" count="1" type="stmt"/>
        <line num="27" count="1" type="stmt"/>
        <line num="28" count="1" type="stmt"/>
        <line num="29" count="1" type="stmt"/>
        <line num="31" count="0" type="cond" truecount="0" falsecount="2"/>
        <line num="33" count="1" type="stmt"/>
        <line num="37" count="7" type="stmt"/>
        <line num="45" count="1" type="stmt"/>
        <line num="46" count="0" type="cond" truecount="0" falsecount="2"/>
        <line num="59" count="583" type="cond" truecount="2" falsecount="0"/>
        <line num="60" count="583" type="stmt"/>
        <line num="61" count="583" type="stmt"/>
        <line num="62" count="583" type="stmt"/>
        <line num="64" count="583" type="cond" truecount="2" falsecount="0"/>
        <line num="66" count="583" type="stmt"/>
        <line num="67" count="1" type="stmt"/>
        <line num="68" count="1" type="stmt"/>
        <line num="69" count="1" type="stmt"/>
        <line num="70" count="1" type="cond" truecount="1" falsecount="1"/>
        <line num="71" count="1" type="stmt"/>
        <line num="72" count="1" type="stmt"/>
        <line num="73" count="1" type="stmt"/>
        <line num="74" count="1" type="stmt"/>
        <line num="78" count="583" type="stmt"/>
        <line num="79" count="0" type="stmt"/>
        <line num="80" count="0" type="stmt"/>
        <line num="81" count="0" type="stmt"/>
        <line num="82" count="0" type="stmt"/>
        <line num="85" count="583" type="stmt"/>
        <line num="86" count="0" type="stmt"/>
        <line num="87" count="0" type="stmt"/>
        <line num="88" count="0" type="stmt"/>
        <line num="91" count="583" type="stmt"/>
        <line num="107" count="0" type="cond" truecount="0" falsecount="2"/>
        <line num="108" count="0" type="stmt"/>
        <line num="120" count="1" type="stmt"/>
        <line num="124" count="0" type="stmt"/>
        <line num="138" count="131" type="stmt"/>
        <line num="139" count="131" type="stmt"/>
        <line num="140" count="131" type="stmt"/>
        <line num="141" count="131" type="stmt"/>
        <line num="142" count="131" type="stmt"/>
        <line num="143" count="131" type="stmt"/>
        <line num="144" count="131" type="stmt"/>
        <line num="146" count="131" type="stmt"/>
        <line num="147" count="86" type="cond" truecount="4" falsecount="0"/>
        <line num="148" count="2" type="stmt"/>
        <line num="149" count="2" type="cond" truecount="1" falsecount="1"/>
        <line num="150" count="2" type="stmt"/>
        <line num="151" count="2" type="stmt"/>
        <line num="155" count="131" type="stmt"/>
        <line num="156" count="1" type="stmt"/>
        <line num="157" count="1" type="stmt"/>
        <line num="158" count="1" type="cond" truecount="1" falsecount="1"/>
        <line num="159" count="0" type="stmt"/>
        <line num="162" count="1" type="cond" truecount="3" falsecount="1"/>
        <line num="163" count="1" type="stmt"/>
        <line num="164" count="2" type="stmt"/>
        <line num="165" count="2" type="stmt"/>
        <line num="166" count="1" type="stmt"/>
        <line num="169" count="1" type="stmt"/>
        <line num="172" count="131" type="stmt"/>
        <line num="173" count="2" type="cond" truecount="5" falsecount="1"/>
        <line num="174" count="2" type="stmt"/>
        <line num="175" count="2" type="stmt"/>
        <line num="176" count="2" type="stmt"/>
        <line num="177" count="2" type="stmt"/>
        <line num="178" count="2" type="stmt"/>
        <line num="179" count="2" type="stmt"/>
        <line num="180" count="2" type="stmt"/>
        <line num="181" count="2" type="stmt"/>
        <line num="183" count="0" type="stmt"/>
        <line num="184" count="0" type="cond" truecount="0" falsecount="2"/>
        <line num="186" count="2" type="stmt"/>
        <line num="190" count="131" type="stmt"/>
        <line num="200" count="3" type="stmt"/>
        <line num="213" count="3" type="stmt"/>
        <line num="222" count="3" type="stmt"/>
        <line num="231" count="2" type="stmt"/>
        <line num="250" count="56" type="stmt"/>
        <line num="251" count="56" type="stmt"/>
        <line num="258" count="1" type="stmt"/>
        <line num="277" count="133" type="cond" truecount="2" falsecount="0"/>
        <line num="278" count="37" type="stmt"/>
        <line num="280" count="42" type="stmt"/>
        <line num="284" count="1" type="stmt"/>
        <line num="296" count="1" type="stmt"/>
        <line num="301" count="134" type="stmt"/>
        <line num="302" count="134" type="stmt"/>
        <line num="303" count="134" type="stmt"/>
        <line num="305" count="134" type="stmt"/>
        <line num="306" count="134" type="stmt"/>
        <line num="307" count="134" type="stmt"/>
        <line num="308" count="134" type="stmt"/>
        <line num="309" count="134" type="stmt"/>
        <line num="310" count="134" type="stmt"/>
        <line num="311" count="134" type="stmt"/>
        <line num="312" count="134" type="stmt"/>
        <line num="313" count="134" type="stmt"/>
        <line num="315" count="134" type="stmt"/>
        <line num="316" count="134" type="stmt"/>
        <line num="318" count="134" type="stmt"/>
        <line num="319" count="134" type="stmt"/>
        <line num="320" count="134" type="stmt"/>
        <line num="321" count="134" type="stmt"/>
        <line num="323" count="134" type="stmt"/>
        <line num="324" count="51" type="cond" truecount="2" falsecount="0"/>
        <line num="326" count="42" type="stmt"/>
        <line num="328" count="42" type="stmt"/>
        <line num="329" count="10" type="cond" truecount="1" falsecount="1"/>
        <line num="330" count="10" type="stmt"/>
        <line num="331" count="10" type="cond" truecount="1" falsecount="1"/>
        <line num="332" count="10" type="cond" truecount="2" falsecount="0"/>
        <line num="334" count="8" type="cond" truecount="1" falsecount="1"/>
        <line num="335" count="8" type="stmt"/>
        <line num="336" count="8" type="cond" truecount="1" falsecount="1"/>
        <line num="337" count="8" type="cond" truecount="1" falsecount="1"/>
        <line num="339" count="8" type="stmt"/>
        <line num="342" count="42" type="stmt"/>
        <line num="343" count="9" type="cond" truecount="2" falsecount="0"/>
        <line num="344" count="8" type="stmt"/>
        <line num="349" count="8" type="stmt"/>
        <line num="350" count="8" type="stmt"/>
        <line num="351" count="6" type="stmt"/>
        <line num="352" count="6" type="cond" truecount="1" falsecount="1"/>
        <line num="353" count="6" type="stmt"/>
        <line num="354" count="6" type="cond" truecount="1" falsecount="1"/>
        <line num="355" count="6" type="stmt"/>
        <line num="356" count="6" type="stmt"/>
        <line num="357" count="6" type="cond" truecount="2" falsecount="0"/>
        <line num="358" count="1" type="stmt"/>
        <line num="359" count="1" type="stmt"/>
        <line num="361" count="6" type="cond" truecount="2" falsecount="0"/>
        <line num="362" count="2" type="stmt"/>
        <line num="363" count="2" type="cond" truecount="1" falsecount="1"/>
        <line num="367" count="8" type="stmt"/>
        <line num="368" count="8" type="stmt"/>
        <line num="369" count="4" type="stmt"/>
        <line num="370" count="4" type="cond" truecount="1" falsecount="1"/>
        <line num="371" count="4" type="stmt"/>
        <line num="372" count="4" type="cond" truecount="1" falsecount="1"/>
        <line num="373" count="4" type="stmt"/>
        <line num="374" count="4" type="stmt"/>
        <line num="375" count="4" type="cond" truecount="2" falsecount="0"/>
        <line num="376" count="1" type="stmt"/>
        <line num="377" count="1" type="stmt"/>
        <line num="379" count="4" type="cond" truecount="2" falsecount="0"/>
        <line num="380" count="2" type="stmt"/>
        <line num="381" count="2" type="cond" truecount="1" falsecount="1"/>
        <line num="385" count="42" type="stmt"/>
        <line num="388" count="134" type="stmt"/>
        <line num="389" count="2" type="cond" truecount="1" falsecount="1"/>
        <line num="390" count="0" type="stmt"/>
        <line num="391" count="0" type="stmt"/>
        <line num="394" count="2" type="stmt"/>
        <line num="395" count="2" type="stmt"/>
        <line num="396" count="2" type="stmt"/>
        <line num="397" count="2" type="stmt"/>
        <line num="398" count="2" type="stmt"/>
        <line num="400" count="0" type="stmt"/>
        <line num="401" count="0" type="stmt"/>
        <line num="403" count="2" type="stmt"/>
        <line num="407" count="134" type="stmt"/>
        <line num="408" count="42" type="cond" truecount="2" falsecount="0"/>
        <line num="409" count="9" type="stmt"/>
        <line num="410" count="9" type="stmt"/>
        <line num="425" count="9" type="stmt"/>
        <line num="433" count="9" type="stmt"/>
        <line num="437" count="134" type="stmt"/>
        <line num="438" count="51" type="cond" truecount="2" falsecount="0"/>
        <line num="439" count="42" type="stmt"/>
        <line num="440" count="42" type="stmt"/>
        <line num="443" count="9" type="stmt"/>
        <line num="444" count="9" type="stmt"/>
        <line num="445" count="9" type="stmt"/>
        <line num="447" count="9" type="cond" truecount="1" falsecount="1"/>
        <line num="450" count="0" type="cond" truecount="0" falsecount="2"/>
        <line num="453" count="9" type="cond" truecount="1" falsecount="1"/>
        <line num="456" count="9" type="stmt"/>
        <line num="459" count="134" type="stmt"/>
        <line num="460" count="134" type="stmt"/>
        <line num="462" count="134" type="stmt"/>
        <line num="463" count="0" type="stmt"/>
        <line num="464" count="0" type="stmt"/>
        <line num="467" count="134" type="stmt"/>
        <line num="468" count="0" type="stmt"/>
        <line num="469" count="0" type="cond" truecount="0" falsecount="2"/>
        <line num="472" count="134" type="stmt"/>
        <line num="473" count="1" type="stmt"/>
        <line num="474" count="1" type="cond" truecount="1" falsecount="1"/>
        <line num="477" count="134" type="stmt"/>
        <line num="478" count="3" type="stmt"/>
        <line num="479" count="3" type="stmt"/>
        <line num="480" count="3" type="stmt"/>
        <line num="481" count="3" type="stmt"/>
        <line num="482" count="3" type="cond" truecount="1" falsecount="1"/>
        <line num="483" count="0" type="stmt"/>
        <line num="484" count="0" type="stmt"/>
        <line num="486" count="3" type="stmt"/>
        <line num="487" count="2" type="stmt"/>
        <line num="490" count="1" type="cond" truecount="1" falsecount="1"/>
        <line num="492" count="3" type="stmt"/>
        <line num="496" count="134" type="cond" truecount="2" falsecount="0"/>
        <line num="498" count="1044" type="cond" truecount="2" falsecount="0"/>
        <line num="502" count="116" type="stmt"/>
        <line num="509" count="0" type="stmt"/>
        <line num="523" count="0" type="cond" truecount="0" falsecount="2"/>
        <line num="527" count="232" type="stmt"/>
        <line num="537" count="0" type="stmt"/>
        <line num="545" count="0" type="cond" truecount="0" falsecount="2"/>
        <line num="550" count="0" type="stmt"/>
        <line num="559" count="0" type="cond" truecount="2" falsecount="2"/>
        <line num="561" count="232" type="stmt"/>
        <line num="571" count="0" type="stmt"/>
        <line num="572" count="0" type="stmt"/>
        <line num="581" count="1" type="stmt"/>
        <line num="583" count="2" type="stmt"/>
        <line num="584" count="4" type="cond" truecount="1" falsecount="1"/>
        <line num="585" count="2" type="stmt"/>
        <line num="587" count="2" type="stmt"/>
        <line num="604" count="0" type="stmt"/>
        <line num="609" count="0" type="stmt"/>
        <line num="622" count="0" type="stmt"/>
        <line num="623" count="0" type="stmt"/>
        <line num="634" count="0" type="stmt"/>
        <line num="635" count="0" type="stmt"/>
        <line num="647" count="0" type="stmt"/>
        <line num="657" count="0" type="stmt"/>
        <line num="675" count="0" type="stmt"/>
        <line num="676" count="0" type="stmt"/>
        <line num="681" count="4" type="stmt"/>
        <line num="688" count="1" type="stmt"/>
        <line num="689" count="1" type="stmt"/>
        <line num="701" count="0" type="stmt"/>
        <line num="702" count="0" type="stmt"/>
        <line num="707" count="1" type="stmt"/>
        <line num="714" count="0" type="stmt"/>
        <line num="715" count="0" type="stmt"/>
        <line num="732" count="0" type="cond" truecount="0" falsecount="2"/>
        <line num="737" count="1" type="cond" truecount="1" falsecount="1"/>
        <line num="742" count="0" type="cond" truecount="0" falsecount="2"/>
        <line num="747" count="0" type="stmt"/>
        <line num="748" count="464" type="stmt"/>
        <line num="754" count="0" type="cond" truecount="0" falsecount="2"/>
        <line num="763" count="0" type="stmt"/>
        <line num="773" count="0" type="stmt"/>
      </file>
    </package>
    <package name="utils">
      <metrics statements="9" coveredstatements="9" conditionals="8" coveredconditionals="7" methods="2" coveredmethods="2"/>
      <file name="dates.js" path="/Users/gago/Work/Jobee/jems/jems-web-zero/src/utils/dates.js">
        <metrics statements="9" coveredstatements="9" conditionals="8" coveredconditionals="7" methods="2" coveredmethods="2"/>
        <line num="1" count="2" type="stmt"/>
        <line num="11" count="29" type="cond" truecount="2" falsecount="0"/>
        <line num="12" count="26" type="cond" truecount="2" falsecount="0"/>
        <line num="14" count="25" type="stmt"/>
        <line num="15" count="25" type="cond" truecount="2" falsecount="0"/>
        <line num="17" count="24" type="stmt"/>
        <line num="27" count="216" type="stmt"/>
        <line num="28" count="24" type="cond" truecount="1" falsecount="1"/>
        <line num="29" count="29" type="stmt"/>
      </file>
    </package>
  </project>
</coverage>
