<?xml version="1.0" encoding="UTF-8"?>
<coverage generated="1782238661274" clover="3.2.0">
  <project timestamp="1782238661274" name="All files">
    <metrics statements="288" coveredstatements="166" conditionals="244" coveredconditionals="121" methods="121" coveredmethods="54" elements="653" coveredelements="341" complexity="0" loc="288" ncloc="288" packages="4" files="4" classes="4"/>
    <package name="components">
      <metrics statements="17" coveredstatements="14" conditionals="8" coveredconditionals="6" methods="7" coveredmethods="6"/>
      <file name="DateTimePicker.jsx" path="/Users/gago/Work/Jobee/jems/jems-web-zero/src/components/DateTimePicker.jsx">
        <metrics statements="17" coveredstatements="14" conditionals="8" coveredconditionals="6" methods="7" coveredmethods="6"/>
        <line num="6" count="79" type="stmt"/>
        <line num="7" count="79" type="stmt"/>
        <line num="8" count="79" type="stmt"/>
        <line num="9" count="79" type="stmt"/>
        <line num="11" count="79" type="stmt"/>
        <line num="12" count="43" type="stmt"/>
        <line num="19" count="20" type="cond" truecount="1" falsecount="1"/>
        <line num="20" count="0" type="stmt"/>
        <line num="21" count="0" type="stmt"/>
        <line num="22" count="0" type="stmt"/>
        <line num="25" count="43" type="stmt"/>
        <line num="28" count="79" type="stmt"/>
        <line num="29" count="43" type="cond" truecount="1" falsecount="1"/>
        <line num="30" count="43" type="cond" truecount="2" falsecount="0"/>
        <line num="31" count="17" type="stmt"/>
        <line num="33" count="26" type="stmt"/>
        <line num="37" count="79" type="stmt"/>
      </file>
    </package>
    <package name="hooks">
      <metrics statements="17" coveredstatements="16" conditionals="10" coveredconditionals="5" methods="9" coveredmethods="6"/>
      <file name="useLoads.js" path="/Users/gago/Work/Jobee/jems/jems-web-zero/src/hooks/useLoads.js">
        <metrics statements="17" coveredstatements="16" conditionals="10" coveredconditionals="5" methods="9" coveredmethods="6"/>
        <line num="5" count="4" type="stmt"/>
        <line num="6" count="4" type="stmt"/>
        <line num="7" count="4" type="stmt"/>
        <line num="8" count="4" type="stmt"/>
        <line num="10" count="4" type="stmt"/>
        <line num="11" count="4" type="stmt"/>
        <line num="13" count="4" type="stmt"/>
        <line num="15" count="4" type="stmt"/>
        <line num="16" count="2" type="stmt"/>
        <line num="17" count="2" type="stmt"/>
        <line num="18" count="2" type="stmt"/>
        <line num="19" count="2" type="stmt"/>
        <line num="21" count="2" type="cond" truecount="4" falsecount="2"/>
        <line num="23" count="0" type="cond" truecount="0" falsecount="2"/>
        <line num="24" count="2" type="cond" truecount="1" falsecount="1"/>
        <line num="25" count="2" type="stmt"/>
        <line num="30" count="4" type="stmt"/>
      </file>
    </package>
    <package name="pages.loads">
      <metrics statements="234" coveredstatements="125" conditionals="215" coveredconditionals="107" methods="97" coveredmethods="40"/>
      <file name="LoadFormPage.jsx" path="/Users/gago/Work/Jobee/jems/jems-web-zero/src/pages/loads/LoadFormPage.jsx">
        <metrics statements="234" coveredstatements="125" conditionals="215" coveredconditionals="107" methods="97" coveredmethods="40"/>
        <line num="9" count="1" type="stmt"/>
        <line num="18" count="180" type="cond" truecount="2" falsecount="0"/>
        <line num="19" count="180" type="stmt"/>
        <line num="20" count="180" type="stmt"/>
        <line num="21" count="180" type="stmt"/>
        <line num="23" count="180" type="cond" truecount="2" falsecount="0"/>
        <line num="25" count="180" type="stmt"/>
        <line num="26" count="0" type="stmt"/>
        <line num="27" count="0" type="stmt"/>
        <line num="28" count="0" type="stmt"/>
        <line num="29" count="0" type="cond" truecount="0" falsecount="2"/>
        <line num="30" count="0" type="stmt"/>
        <line num="31" count="0" type="stmt"/>
        <line num="32" count="0" type="stmt"/>
        <line num="33" count="0" type="stmt"/>
        <line num="37" count="180" type="stmt"/>
        <line num="38" count="0" type="stmt"/>
        <line num="39" count="0" type="stmt"/>
        <line num="40" count="0" type="stmt"/>
        <line num="41" count="0" type="stmt"/>
        <line num="44" count="180" type="stmt"/>
        <line num="45" count="0" type="stmt"/>
        <line num="46" count="0" type="stmt"/>
        <line num="47" count="0" type="stmt"/>
        <line num="50" count="180" type="stmt"/>
        <line num="61" count="0" type="cond" truecount="0" falsecount="2"/>
        <line num="62" count="0" type="stmt"/>
        <line num="74" count="0" type="stmt"/>
        <line num="78" count="0" type="stmt"/>
        <line num="92" count="51" type="stmt"/>
        <line num="93" count="51" type="stmt"/>
        <line num="94" count="51" type="stmt"/>
        <line num="95" count="51" type="stmt"/>
        <line num="96" count="51" type="stmt"/>
        <line num="97" count="51" type="stmt"/>
        <line num="98" count="51" type="stmt"/>
        <line num="100" count="51" type="stmt"/>
        <line num="101" count="37" type="cond" truecount="4" falsecount="0"/>
        <line num="102" count="2" type="stmt"/>
        <line num="103" count="2" type="cond" truecount="1" falsecount="1"/>
        <line num="104" count="2" type="stmt"/>
        <line num="105" count="2" type="stmt"/>
        <line num="109" count="51" type="stmt"/>
        <line num="110" count="1" type="stmt"/>
        <line num="111" count="1" type="stmt"/>
        <line num="112" count="1" type="cond" truecount="1" falsecount="1"/>
        <line num="113" count="0" type="stmt"/>
        <line num="116" count="1" type="cond" truecount="3" falsecount="1"/>
        <line num="117" count="1" type="stmt"/>
        <line num="118" count="2" type="stmt"/>
        <line num="119" count="2" type="stmt"/>
        <line num="120" count="1" type="stmt"/>
        <line num="123" count="1" type="stmt"/>
        <line num="126" count="51" type="stmt"/>
        <line num="127" count="2" type="cond" truecount="5" falsecount="1"/>
        <line num="128" count="2" type="stmt"/>
        <line num="129" count="2" type="stmt"/>
        <line num="130" count="2" type="stmt"/>
        <line num="131" count="2" type="stmt"/>
        <line num="132" count="2" type="stmt"/>
        <line num="133" count="2" type="stmt"/>
        <line num="134" count="2" type="stmt"/>
        <line num="135" count="2" type="stmt"/>
        <line num="137" count="0" type="stmt"/>
        <line num="138" count="0" type="cond" truecount="0" falsecount="2"/>
        <line num="140" count="2" type="stmt"/>
        <line num="144" count="51" type="stmt"/>
        <line num="154" count="3" type="stmt"/>
        <line num="167" count="3" type="stmt"/>
        <line num="176" count="3" type="stmt"/>
        <line num="185" count="2" type="stmt"/>
        <line num="204" count="50" type="stmt"/>
        <line num="205" count="50" type="stmt"/>
        <line num="212" count="1" type="stmt"/>
        <line num="231" count="53" type="cond" truecount="2" falsecount="0"/>
        <line num="232" count="33" type="stmt"/>
        <line num="234" count="38" type="stmt"/>
        <line num="238" count="1" type="stmt"/>
        <line num="250" count="1" type="stmt"/>
        <line num="255" count="52" type="stmt"/>
        <line num="256" count="52" type="stmt"/>
        <line num="257" count="52" type="stmt"/>
        <line num="259" count="52" type="stmt"/>
        <line num="260" count="52" type="stmt"/>
        <line num="261" count="52" type="stmt"/>
        <line num="262" count="52" type="stmt"/>
        <line num="263" count="52" type="stmt"/>
        <line num="264" count="52" type="stmt"/>
        <line num="265" count="52" type="stmt"/>
        <line num="267" count="52" type="stmt"/>
        <line num="268" count="52" type="stmt"/>
        <line num="270" count="52" type="stmt"/>
        <line num="271" count="52" type="stmt"/>
        <line num="272" count="52" type="stmt"/>
        <line num="273" count="52" type="stmt"/>
        <line num="274" count="52" type="stmt"/>
        <line num="276" count="52" type="stmt"/>
        <line num="277" count="26" type="cond" truecount="2" falsecount="0"/>
        <line num="278" count="18" type="cond" truecount="1" falsecount="1"/>
        <line num="279" count="18" type="stmt"/>
        <line num="281" count="18" type="stmt"/>
        <line num="283" count="18" type="stmt"/>
        <line num="284" count="0" type="cond" truecount="0" falsecount="2"/>
        <line num="285" count="0" type="stmt"/>
        <line num="286" count="0" type="cond" truecount="0" falsecount="2"/>
        <line num="287" count="0" type="cond" truecount="0" falsecount="2"/>
        <line num="289" count="0" type="cond" truecount="0" falsecount="2"/>
        <line num="290" count="0" type="stmt"/>
        <line num="291" count="0" type="cond" truecount="0" falsecount="2"/>
        <line num="292" count="0" type="cond" truecount="0" falsecount="2"/>
        <line num="294" count="0" type="stmt"/>
        <line num="297" count="18" type="stmt"/>
        <line num="298" count="0" type="cond" truecount="0" falsecount="2"/>
        <line num="299" count="0" type="stmt"/>
        <line num="304" count="0" type="stmt"/>
        <line num="305" count="0" type="stmt"/>
        <line num="306" count="0" type="stmt"/>
        <line num="307" count="0" type="cond" truecount="0" falsecount="2"/>
        <line num="308" count="0" type="stmt"/>
        <line num="309" count="0" type="cond" truecount="0" falsecount="2"/>
        <line num="310" count="0" type="stmt"/>
        <line num="311" count="0" type="stmt"/>
        <line num="312" count="0" type="cond" truecount="0" falsecount="2"/>
        <line num="313" count="0" type="stmt"/>
        <line num="314" count="0" type="stmt"/>
        <line num="316" count="0" type="cond" truecount="0" falsecount="2"/>
        <line num="317" count="0" type="stmt"/>
        <line num="318" count="0" type="cond" truecount="0" falsecount="2"/>
        <line num="322" count="0" type="stmt"/>
        <line num="323" count="0" type="stmt"/>
        <line num="324" count="0" type="stmt"/>
        <line num="325" count="0" type="cond" truecount="0" falsecount="2"/>
        <line num="326" count="0" type="stmt"/>
        <line num="327" count="0" type="cond" truecount="0" falsecount="2"/>
        <line num="328" count="0" type="stmt"/>
        <line num="329" count="0" type="stmt"/>
        <line num="330" count="0" type="cond" truecount="0" falsecount="2"/>
        <line num="331" count="0" type="stmt"/>
        <line num="332" count="0" type="stmt"/>
        <line num="334" count="0" type="cond" truecount="0" falsecount="2"/>
        <line num="335" count="0" type="stmt"/>
        <line num="336" count="0" type="cond" truecount="0" falsecount="2"/>
        <line num="340" count="18" type="stmt"/>
        <line num="343" count="52" type="stmt"/>
        <line num="344" count="2" type="cond" truecount="1" falsecount="1"/>
        <line num="345" count="0" type="stmt"/>
        <line num="346" count="0" type="stmt"/>
        <line num="349" count="2" type="stmt"/>
        <line num="350" count="2" type="stmt"/>
        <line num="351" count="2" type="stmt"/>
        <line num="352" count="2" type="stmt"/>
        <line num="353" count="2" type="stmt"/>
        <line num="355" count="0" type="stmt"/>
        <line num="356" count="0" type="stmt"/>
        <line num="358" count="2" type="stmt"/>
        <line num="362" count="52" type="stmt"/>
        <line num="363" count="18" type="cond" truecount="2" falsecount="0"/>
        <line num="364" count="8" type="stmt"/>
        <line num="365" count="8" type="stmt"/>
        <line num="380" count="8" type="stmt"/>
        <line num="388" count="8" type="stmt"/>
        <line num="392" count="52" type="stmt"/>
        <line num="393" count="26" type="cond" truecount="2" falsecount="0"/>
        <line num="394" count="18" type="stmt"/>
        <line num="395" count="18" type="stmt"/>
        <line num="398" count="8" type="stmt"/>
        <line num="399" count="8" type="stmt"/>
        <line num="400" count="8" type="stmt"/>
        <line num="402" count="8" type="cond" truecount="1" falsecount="1"/>
        <line num="405" count="0" type="cond" truecount="0" falsecount="2"/>
        <line num="408" count="8" type="cond" truecount="1" falsecount="1"/>
        <line num="411" count="8" type="stmt"/>
        <line num="414" count="52" type="stmt"/>
        <line num="415" count="52" type="stmt"/>
        <line num="417" count="52" type="stmt"/>
        <line num="418" count="0" type="stmt"/>
        <line num="419" count="0" type="stmt"/>
        <line num="422" count="52" type="stmt"/>
        <line num="423" count="0" type="stmt"/>
        <line num="424" count="0" type="cond" truecount="0" falsecount="2"/>
        <line num="427" count="52" type="stmt"/>
        <line num="428" count="0" type="stmt"/>
        <line num="429" count="0" type="stmt"/>
        <line num="432" count="52" type="stmt"/>
        <line num="433" count="0" type="stmt"/>
        <line num="434" count="0" type="stmt"/>
        <line num="435" count="0" type="stmt"/>
        <line num="436" count="0" type="stmt"/>
        <line num="437" count="0" type="cond" truecount="0" falsecount="2"/>
        <line num="438" count="0" type="stmt"/>
        <line num="439" count="0" type="stmt"/>
        <line num="441" count="0" type="stmt"/>
        <line num="442" count="0" type="stmt"/>
        <line num="445" count="0" type="cond" truecount="0" falsecount="2"/>
        <line num="447" count="0" type="stmt"/>
        <line num="451" count="52" type="cond" truecount="2" falsecount="0"/>
        <line num="453" count="252" type="cond" truecount="1" falsecount="1"/>
        <line num="457" count="36" type="stmt"/>
        <line num="464" count="0" type="stmt"/>
        <line num="478" count="0" type="cond" truecount="0" falsecount="2"/>
        <line num="482" count="72" type="stmt"/>
        <line num="492" count="0" type="stmt"/>
        <line num="500" count="0" type="cond" truecount="0" falsecount="2"/>
        <line num="505" count="0" type="stmt"/>
        <line num="514" count="0" type="cond" truecount="2" falsecount="2"/>
        <line num="516" count="72" type="stmt"/>
        <line num="526" count="0" type="stmt"/>
        <line num="527" count="0" type="stmt"/>
        <line num="536" count="1" type="stmt"/>
        <line num="538" count="2" type="stmt"/>
        <line num="539" count="4" type="cond" truecount="1" falsecount="1"/>
        <line num="540" count="2" type="stmt"/>
        <line num="542" count="2" type="stmt"/>
        <line num="559" count="0" type="stmt"/>
        <line num="564" count="0" type="stmt"/>
        <line num="577" count="0" type="stmt"/>
        <line num="578" count="0" type="stmt"/>
        <line num="589" count="0" type="stmt"/>
        <line num="590" count="0" type="stmt"/>
        <line num="602" count="10" type="stmt"/>
        <line num="612" count="10" type="stmt"/>
        <line num="629" count="0" type="stmt"/>
        <line num="630" count="0" type="stmt"/>
        <line num="640" count="0" type="stmt"/>
        <line num="641" count="0" type="stmt"/>
        <line num="651" count="0" type="cond" truecount="0" falsecount="2"/>
        <line num="656" count="0" type="cond" truecount="0" falsecount="2"/>
        <line num="661" count="0" type="cond" truecount="0" falsecount="2"/>
        <line num="666" count="0" type="cond" truecount="0" falsecount="2"/>
        <line num="671" count="0" type="stmt"/>
        <line num="672" count="144" type="stmt"/>
        <line num="678" count="0" type="cond" truecount="0" falsecount="2"/>
        <line num="687" count="0" type="stmt"/>
        <line num="697" count="0" type="stmt"/>
      </file>
    </package>
    <package name="services">
      <metrics statements="20" coveredstatements="11" conditionals="11" coveredconditionals="3" methods="8" coveredmethods="2"/>
      <file name="googleMaps.js" path="/Users/gago/Work/Jobee/jems/jems-web-zero/src/services/googleMaps.js">
        <metrics statements="20" coveredstatements="11" conditionals="11" coveredconditionals="3" methods="8" coveredmethods="2"/>
        <line num="1" count="1" type="stmt"/>
        <line num="4" count="18" type="cond" truecount="2" falsecount="0"/>
        <line num="5" count="1" type="cond" truecount="1" falsecount="1"/>
        <line num="6" count="1" type="stmt"/>
        <line num="7" count="1" type="stmt"/>
        <line num="8" count="1" type="stmt"/>
        <line num="9" count="1" type="stmt"/>
        <line num="10" count="1" type="stmt"/>
        <line num="11" count="1" type="stmt"/>
        <line num="12" count="1" type="stmt"/>
        <line num="14" count="1" type="stmt"/>
        <line num="18" count="0" type="cond" truecount="0" falsecount="1"/>
        <line num="19" count="0" type="cond" truecount="0" falsecount="2"/>
        <line num="20" count="0" type="stmt"/>
        <line num="29" count="0" type="stmt"/>
        <line num="30" count="0" type="stmt"/>
        <line num="31" count="0" type="stmt"/>
        <line num="41" count="0" type="cond" truecount="0" falsecount="2"/>
        <line num="42" count="0" type="stmt"/>
        <line num="43" count="0" type="cond" truecount="0" falsecount="2"/>
      </file>
    </package>
  </project>
</coverage>
