{"/Users/gago/Work/Jobee/jems/jems-web-zero/src/components/DateTimePicker.jsx": {"path":"/Users/gago/Work/Jobee/jems/jems-web-zero/src/components/DateTimePicker.jsx","statementMap":{"0":{"start":{"line":6,"column":8},"end":{"line":6,"column":null}},"1":{"start":{"line":7,"column":8},"end":{"line":7,"column":null}},"2":{"start":{"line":8,"column":8},"end":{"line":8,"column":null}},"3":{"start":{"line":9,"column":2},"end":{"line":9,"column":null}},"4":{"start":{"line":9,"column":20},"end":{"line":9,"column":52}},"5":{"start":{"line":11,"column":2},"end":{"line":26,"column":null}},"6":{"start":{"line":12,"column":4},"end":{"line":24,"column":null}},"7":{"start":{"line":19,"column":8},"end":{"line":19,"column":null}},"8":{"start":{"line":19,"column":21},"end":{"line":19,"column":46}},"9":{"start":{"line":19,"column":46},"end":{"line":19,"column":54}},"10":{"start":{"line":20,"column":14},"end":{"line":20,"column":null}},"11":{"start":{"line":20,"column":27},"end":{"line":20,"column":null}},"12":{"start":{"line":21,"column":26},"end":{"line":21,"column":null}},"13":{"start":{"line":22,"column":8},"end":{"line":22,"column":null}},"14":{"start":{"line":25,"column":4},"end":{"line":25,"column":null}},"15":{"start":{"line":25,"column":17},"end":{"line":25,"column":null}},"16":{"start":{"line":28,"column":2},"end":{"line":35,"column":null}},"17":{"start":{"line":29,"column":4},"end":{"line":29,"column":null}},"18":{"start":{"line":29,"column":24},"end":{"line":29,"column":null}},"19":{"start":{"line":30,"column":4},"end":{"line":34,"column":null}},"20":{"start":{"line":31,"column":6},"end":{"line":31,"column":null}},"21":{"start":{"line":33,"column":6},"end":{"line":33,"column":null}},"22":{"start":{"line":37,"column":2},"end":{"line":40,"column":null}},"23":{"start":{"line":38,"column":4},"end":{"line":38,"column":null}},"24":{"start":{"line":38,"column":24},"end":{"line":38,"column":null}},"25":{"start":{"line":39,"column":4},"end":{"line":39,"column":null}},"26":{"start":{"line":42,"column":2},"end":{"line":51,"column":null}}},"fnMap":{"0":{"name":"DateTimePicker","decl":{"start":{"line":5,"column":24},"end":{"line":5,"column":39}},"loc":{"start":{"line":5,"column":94},"end":{"line":53,"column":null}},"line":5},"1":{"name":"(anonymous_1)","decl":{"start":{"line":9,"column":2},"end":{"line":9,"column":18}},"loc":{"start":{"line":9,"column":18},"end":{"line":9,"column":55}},"line":9},"2":{"name":"(anonymous_2)","decl":{"start":{"line":11,"column":2},"end":{"line":11,"column":18}},"loc":{"start":{"line":11,"column":18},"end":{"line":26,"column":5}},"line":11},"3":{"name":"(anonymous_3)","decl":{"start":{"line":18,"column":6},"end":{"line":18,"column":17}},"loc":{"start":{"line":18,"column":28},"end":{"line":23,"column":null}},"line":18},"4":{"name":"(anonymous_4)","decl":{"start":{"line":20,"column":14},"end":{"line":20,"column":21}},"loc":{"start":{"line":20,"column":27},"end":{"line":20,"column":null}},"line":20},"5":{"name":"(anonymous_5)","decl":{"start":{"line":25,"column":4},"end":{"line":25,"column":17}},"loc":{"start":{"line":25,"column":17},"end":{"line":25,"column":null}},"line":25},"6":{"name":"(anonymous_6)","decl":{"start":{"line":28,"column":2},"end":{"line":28,"column":18}},"loc":{"start":{"line":28,"column":18},"end":{"line":35,"column":5}},"line":28},"7":{"name":"(anonymous_7)","decl":{"start":{"line":37,"column":2},"end":{"line":37,"column":18}},"loc":{"start":{"line":37,"column":18},"end":{"line":40,"column":5}},"line":37}},"branchMap":{"0":{"loc":{"start":{"line":19,"column":8},"end":{"line":19,"column":null}},"type":"if","locations":[{"start":{"line":19,"column":8},"end":{"line":19,"column":null}},{"start":{},"end":{}}],"line":19},"1":{"loc":{"start":{"line":29,"column":4},"end":{"line":29,"column":null}},"type":"if","locations":[{"start":{"line":29,"column":4},"end":{"line":29,"column":null}},{"start":{},"end":{}}],"line":29},"2":{"loc":{"start":{"line":30,"column":4},"end":{"line":34,"column":null}},"type":"if","locations":[{"start":{"line":30,"column":4},"end":{"line":34,"column":null}},{"start":{"line":32,"column":11},"end":{"line":34,"column":null}}],"line":30},"3":{"loc":{"start":{"line":38,"column":4},"end":{"line":38,"column":null}},"type":"if","locations":[{"start":{"line":38,"column":4},"end":{"line":38,"column":null}},{"start":{},"end":{}}],"line":38},"4":{"loc":{"start":{"line":39,"column":33},"end":{"line":39,"column":48}},"type":"binary-expr","locations":[{"start":{"line":39,"column":33},"end":{"line":39,"column":44}},{"start":{"line":39,"column":44},"end":{"line":39,"column":48}}],"line":39},"5":{"loc":{"start":{"line":47,"column":17},"end":{"line":47,"column":null}},"type":"binary-expr","locations":[{"start":{"line":47,"column":17},"end":{"line":47,"column":30}},{"start":{"line":47,"column":30},"end":{"line":47,"column":null}}],"line":47}},"s":{"0":267,"1":267,"2":267,"3":267,"4":265,"5":267,"6":98,"7":0,"8":0,"9":0,"10":0,"11":0,"12":0,"13":0,"14":98,"15":98,"16":267,"17":98,"18":0,"19":98,"20":19,"21":79,"22":267,"23":99,"24":0,"25":99,"26":267},"f":{"0":267,"1":265,"2":98,"3":0,"4":0,"5":98,"6":98,"7":99},"b":{"0":[0,0],"1":[0,98],"2":[19,79],"3":[0,99],"4":[99,87],"5":[267,10]},"meta":{"lastBranch":6,"lastFunction":8,"lastStatement":27,"seen":{"f:5:24:5:39":0,"s:6:8:6:Infinity":0,"s:7:8:7:Infinity":1,"s:8:8:8:Infinity":2,"s:9:2:9:Infinity":3,"f:9:2:9:18":1,"s:9:20:9:52":4,"s:11:2:26:Infinity":5,"f:11:2:11:18":2,"s:12:4:24:Infinity":6,"f:18:6:18:17":3,"b:19:8:19:Infinity:undefined:undefined:undefined:undefined":0,"s:19:8:19:Infinity":7,"s:19:21:19:46":8,"s:19:46:19:54":9,"s:20:14:20:Infinity":10,"f:20:14:20:21":4,"s:20:27:20:Infinity":11,"s:21:26:21:Infinity":12,"s:22:8:22:Infinity":13,"s:25:4:25:Infinity":14,"f:25:4:25:17":5,"s:25:17:25:Infinity":15,"s:28:2:35:Infinity":16,"f:28:2:28:18":6,"b:29:4:29:Infinity:undefined:undefined:undefined:undefined":1,"s:29:4:29:Infinity":17,"s:29:24:29:Infinity":18,"b:30:4:34:Infinity:32:11:34:Infinity":2,"s:30:4:34:Infinity":19,"s:31:6:31:Infinity":20,"s:33:6:33:Infinity":21,"s:37:2:40:Infinity":22,"f:37:2:37:18":7,"b:38:4:38:Infinity:undefined:undefined:undefined:undefined":3,"s:38:4:38:Infinity":23,"s:38:24:38:Infinity":24,"s:39:4:39:Infinity":25,"b:39:33:39:44:39:44:39:48":4,"s:42:2:51:Infinity":26,"b:47:17:47:30:47:30:47:Infinity":5},"fnNames":{}}}
,"/Users/gago/Work/Jobee/jems/jems-web-zero/src/hooks/useLoads.js": {"path":"/Users/gago/Work/Jobee/jems/jems-web-zero/src/hooks/useLoads.js","statementMap":{"0":{"start":{"line":5,"column":16},"end":{"line":5,"column":null}},"1":{"start":{"line":6,"column":18},"end":{"line":6,"column":null}},"2":{"start":{"line":7,"column":16},"end":{"line":7,"column":null}},"3":{"start":{"line":8,"column":15},"end":{"line":8,"column":null}},"4":{"start":{"line":10,"column":8},"end":{"line":10,"column":null}},"5":{"start":{"line":11,"column":2},"end":{"line":11,"column":null}},"6":{"start":{"line":11,"column":20},"end":{"line":11,"column":50}},"7":{"start":{"line":13,"column":21},"end":{"line":13,"column":null}},"8":{"start":{"line":15,"column":2},"end":{"line":28,"column":null}},"9":{"start":{"line":16,"column":20},"end":{"line":16,"column":null}},"10":{"start":{"line":17,"column":4},"end":{"line":17,"column":null}},"11":{"start":{"line":18,"column":4},"end":{"line":18,"column":null}},"12":{"start":{"line":19,"column":4},"end":{"line":24,"column":null}},"13":{"start":{"line":21,"column":8},"end":{"line":21,"column":null}},"14":{"start":{"line":21,"column":24},"end":{"line":21,"column":null}},"15":{"start":{"line":23,"column":22},"end":{"line":23,"column":51}},"16":{"start":{"line":23,"column":38},"end":{"line":23,"column":51}},"17":{"start":{"line":24,"column":23},"end":{"line":24,"column":58}},"18":{"start":{"line":24,"column":39},"end":{"line":24,"column":58}},"19":{"start":{"line":25,"column":4},"end":{"line":25,"column":null}},"20":{"start":{"line":25,"column":19},"end":{"line":25,"column":37}},"21":{"start":{"line":30,"column":2},"end":{"line":30,"column":null}},"22":{"start":{"line":30,"column":49},"end":{"line":30,"column":71}},"23":{"start":{"line":30,"column":64},"end":{"line":30,"column":69}}},"fnMap":{"0":{"name":"useLoads","decl":{"start":{"line":4,"column":16},"end":{"line":4,"column":25}},"loc":{"start":{"line":4,"column":34},"end":{"line":31,"column":null}},"line":4},"1":{"name":"(anonymous_1)","decl":{"start":{"line":11,"column":2},"end":{"line":11,"column":18}},"loc":{"start":{"line":11,"column":18},"end":{"line":11,"column":51}},"line":11},"2":{"name":"(anonymous_2)","decl":{"start":{"line":15,"column":2},"end":{"line":15,"column":18}},"loc":{"start":{"line":15,"column":18},"end":{"line":28,"column":5}},"line":15},"3":{"name":"(anonymous_3)","decl":{"start":{"line":20,"column":7},"end":{"line":20,"column":13}},"loc":{"start":{"line":20,"column":26},"end":{"line":22,"column":7}},"line":20},"4":{"name":"(anonymous_4)","decl":{"start":{"line":23,"column":7},"end":{"line":23,"column":14}},"loc":{"start":{"line":23,"column":20},"end":{"line":23,"column":52}},"line":23},"5":{"name":"(anonymous_5)","decl":{"start":{"line":24,"column":7},"end":{"line":24,"column":21}},"loc":{"start":{"line":24,"column":21},"end":{"line":24,"column":59}},"line":24},"6":{"name":"(anonymous_6)","decl":{"start":{"line":25,"column":4},"end":{"line":25,"column":17}},"loc":{"start":{"line":25,"column":17},"end":{"line":25,"column":null}},"line":25},"7":{"name":"(anonymous_7)","decl":{"start":{"line":30,"column":34},"end":{"line":30,"column":49}},"loc":{"start":{"line":30,"column":49},"end":{"line":30,"column":71}},"line":30},"8":{"name":"(anonymous_8)","decl":{"start":{"line":30,"column":49},"end":{"line":30,"column":58}},"loc":{"start":{"line":30,"column":64},"end":{"line":30,"column":69}},"line":30}},"branchMap":{"0":{"loc":{"start":{"line":21,"column":8},"end":{"line":21,"column":null}},"type":"if","locations":[{"start":{"line":21,"column":8},"end":{"line":21,"column":null}},{"start":{},"end":{}}],"line":21},"1":{"loc":{"start":{"line":21,"column":33},"end":{"line":21,"column":80}},"type":"cond-expr","locations":[{"start":{"line":21,"column":55},"end":{"line":21,"column":62}},{"start":{"line":21,"column":62},"end":{"line":21,"column":80}}],"line":21},"2":{"loc":{"start":{"line":21,"column":62},"end":{"line":21,"column":80}},"type":"binary-expr","locations":[{"start":{"line":21,"column":62},"end":{"line":21,"column":78}},{"start":{"line":21,"column":78},"end":{"line":21,"column":80}}],"line":21},"3":{"loc":{"start":{"line":23,"column":22},"end":{"line":23,"column":51}},"type":"if","locations":[{"start":{"line":23,"column":22},"end":{"line":23,"column":51}},{"start":{},"end":{}}],"line":23},"4":{"loc":{"start":{"line":24,"column":23},"end":{"line":24,"column":58}},"type":"if","locations":[{"start":{"line":24,"column":23},"end":{"line":24,"column":58}},{"start":{},"end":{}}],"line":24}},"s":{"0":4,"1":4,"2":4,"3":4,"4":4,"5":4,"6":4,"7":4,"8":4,"9":2,"10":2,"11":2,"12":2,"13":2,"14":2,"15":0,"16":0,"17":2,"18":2,"19":2,"20":2,"21":4,"22":0,"23":0},"f":{"0":4,"1":4,"2":2,"3":2,"4":0,"5":2,"6":2,"7":0,"8":0},"b":{"0":[2,0],"1":[1,1],"2":[1,0],"3":[0,0],"4":[2,0]},"meta":{"lastBranch":5,"lastFunction":9,"lastStatement":24,"seen":{"f:4:16:4:25":0,"s:5:16:5:Infinity":0,"s:6:18:6:Infinity":1,"s:7:16:7:Infinity":2,"s:8:15:8:Infinity":3,"s:10:8:10:Infinity":4,"s:11:2:11:Infinity":5,"f:11:2:11:18":1,"s:11:20:11:50":6,"s:13:21:13:Infinity":7,"s:15:2:28:Infinity":8,"f:15:2:15:18":2,"s:16:20:16:Infinity":9,"s:17:4:17:Infinity":10,"s:18:4:18:Infinity":11,"s:19:4:24:Infinity":12,"f:20:7:20:13":3,"b:21:8:21:Infinity:undefined:undefined:undefined:undefined":0,"s:21:8:21:Infinity":13,"s:21:24:21:Infinity":14,"b:21:55:21:62:21:62:21:80":1,"b:21:62:21:78:21:78:21:80":2,"f:23:7:23:14":4,"b:23:22:23:51:undefined:undefined:undefined:undefined":3,"s:23:22:23:51":15,"s:23:38:23:51":16,"f:24:7:24:21":5,"b:24:23:24:58:undefined:undefined:undefined:undefined":4,"s:24:23:24:58":17,"s:24:39:24:58":18,"s:25:4:25:Infinity":19,"f:25:4:25:17":6,"s:25:19:25:37":20,"s:30:2:30:Infinity":21,"f:30:34:30:49":7,"s:30:49:30:71":22,"f:30:49:30:58":8,"s:30:64:30:69":23},"fnNames":{}}}
,"/Users/gago/Work/Jobee/jems/jems-web-zero/src/pages/loads/LoadFormPage.jsx": {"path":"/Users/gago/Work/Jobee/jems/jems-web-zero/src/pages/loads/LoadFormPage.jsx","statementMap":{"0":{"start":{"line":10,"column":23},"end":{"line":15,"column":null}},"1":{"start":{"line":19,"column":15},"end":{"line":19,"column":null}},"2":{"start":{"line":20,"column":17},"end":{"line":20,"column":null}},"3":{"start":{"line":21,"column":16},"end":{"line":21,"column":null}},"4":{"start":{"line":23,"column":21},"end":{"line":35,"column":null}},"5":{"start":{"line":24,"column":4},"end":{"line":24,"column":null}},"6":{"start":{"line":24,"column":22},"end":{"line":24,"column":null}},"7":{"start":{"line":25,"column":4},"end":{"line":25,"column":null}},"8":{"start":{"line":26,"column":4},"end":{"line":26,"column":null}},"9":{"start":{"line":27,"column":4},"end":{"line":34,"column":null}},"10":{"start":{"line":28,"column":23},"end":{"line":28,"column":null}},"11":{"start":{"line":29,"column":6},"end":{"line":29,"column":null}},"12":{"start":{"line":31,"column":6},"end":{"line":31,"column":null}},"13":{"start":{"line":33,"column":6},"end":{"line":33,"column":null}},"14":{"start":{"line":37,"column":2},"end":{"line":54,"column":null}},"15":{"start":{"line":45,"column":25},"end":{"line":45,"column":null}},"16":{"start":{"line":46,"column":26},"end":{"line":46,"column":null}},"17":{"start":{"line":59,"column":16},"end":{"line":59,"column":null}},"18":{"start":{"line":60,"column":18},"end":{"line":60,"column":null}},"19":{"start":{"line":61,"column":15},"end":{"line":61,"column":null}},"20":{"start":{"line":62,"column":8},"end":{"line":62,"column":null}},"21":{"start":{"line":64,"column":2},"end":{"line":64,"column":null}},"22":{"start":{"line":64,"column":20},"end":{"line":64,"column":50}},"23":{"start":{"line":66,"column":8},"end":{"line":76,"column":null}},"24":{"start":{"line":67,"column":14},"end":{"line":67,"column":null}},"25":{"start":{"line":68,"column":4},"end":{"line":68,"column":null}},"26":{"start":{"line":69,"column":4},"end":{"line":69,"column":null}},"27":{"start":{"line":70,"column":4},"end":{"line":70,"column":null}},"28":{"start":{"line":70,"column":24},"end":{"line":70,"column":40}},"29":{"start":{"line":70,"column":40},"end":{"line":70,"column":56}},"30":{"start":{"line":70,"column":56},"end":{"line":70,"column":64}},"31":{"start":{"line":71,"column":4},"end":{"line":75,"column":null}},"32":{"start":{"line":72,"column":19},"end":{"line":72,"column":null}},"33":{"start":{"line":73,"column":6},"end":{"line":73,"column":null}},"34":{"start":{"line":74,"column":6},"end":{"line":74,"column":null}},"35":{"start":{"line":78,"column":8},"end":{"line":83,"column":null}},"36":{"start":{"line":79,"column":4},"end":{"line":79,"column":null}},"37":{"start":{"line":80,"column":4},"end":{"line":80,"column":null}},"38":{"start":{"line":81,"column":4},"end":{"line":81,"column":null}},"39":{"start":{"line":82,"column":4},"end":{"line":82,"column":null}},"40":{"start":{"line":85,"column":8},"end":{"line":89,"column":null}},"41":{"start":{"line":86,"column":4},"end":{"line":86,"column":null}},"42":{"start":{"line":87,"column":4},"end":{"line":87,"column":null}},"43":{"start":{"line":88,"column":4},"end":{"line":88,"column":null}},"44":{"start":{"line":91,"column":2},"end":{"line":133,"column":null}},"45":{"start":{"line":107,"column":27},"end":{"line":107,"column":null}},"46":{"start":{"line":108,"column":26},"end":{"line":108,"column":null}},"47":{"start":{"line":108,"column":43},"end":{"line":108,"column":59}},"48":{"start":{"line":120,"column":14},"end":{"line":128,"column":null}},"49":{"start":{"line":124,"column":35},"end":{"line":124,"column":null}},"50":{"start":{"line":138,"column":25},"end":{"line":138,"column":null}},"51":{"start":{"line":139,"column":21},"end":{"line":139,"column":null}},"52":{"start":{"line":140,"column":26},"end":{"line":140,"column":null}},"53":{"start":{"line":141,"column":22},"end":{"line":141,"column":null}},"54":{"start":{"line":142,"column":24},"end":{"line":142,"column":null}},"55":{"start":{"line":143,"column":8},"end":{"line":143,"column":null}},"56":{"start":{"line":144,"column":22},"end":{"line":144,"column":null}},"57":{"start":{"line":146,"column":2},"end":{"line":153,"column":null}},"58":{"start":{"line":147,"column":4},"end":{"line":147,"column":null}},"59":{"start":{"line":147,"column":44},"end":{"line":147,"column":null}},"60":{"start":{"line":148,"column":15},"end":{"line":148,"column":null}},"61":{"start":{"line":149,"column":4},"end":{"line":152,"column":null}},"62":{"start":{"line":150,"column":6},"end":{"line":150,"column":null}},"63":{"start":{"line":151,"column":6},"end":{"line":151,"column":null}},"64":{"start":{"line":155,"column":8},"end":{"line":170,"column":null}},"65":{"start":{"line":156,"column":22},"end":{"line":156,"column":null}},"66":{"start":{"line":157,"column":23},"end":{"line":157,"column":null}},"67":{"start":{"line":158,"column":15},"end":{"line":160,"column":null}},"68":{"start":{"line":159,"column":35},"end":{"line":159,"column":51}},"69":{"start":{"line":162,"column":4},"end":{"line":167,"column":null}},"70":{"start":{"line":163,"column":22},"end":{"line":165,"column":null}},"71":{"start":{"line":164,"column":26},"end":{"line":164,"column":52}},"72":{"start":{"line":165,"column":23},"end":{"line":165,"column":38}},"73":{"start":{"line":166,"column":6},"end":{"line":166,"column":null}},"74":{"start":{"line":169,"column":4},"end":{"line":169,"column":null}},"75":{"start":{"line":172,"column":30},"end":{"line":188,"column":null}},"76":{"start":{"line":173,"column":4},"end":{"line":173,"column":null}},"77":{"start":{"line":173,"column":81},"end":{"line":173,"column":null}},"78":{"start":{"line":174,"column":4},"end":{"line":174,"column":null}},"79":{"start":{"line":175,"column":4},"end":{"line":175,"column":null}},"80":{"start":{"line":176,"column":4},"end":{"line":187,"column":null}},"81":{"start":{"line":177,"column":23},"end":{"line":177,"column":null}},"82":{"start":{"line":178,"column":6},"end":{"line":178,"column":null}},"83":{"start":{"line":179,"column":6},"end":{"line":179,"column":null}},"84":{"start":{"line":180,"column":6},"end":{"line":180,"column":null}},"85":{"start":{"line":181,"column":6},"end":{"line":181,"column":null}},"86":{"start":{"line":183,"column":23},"end":{"line":183,"column":null}},"87":{"start":{"line":184,"column":6},"end":{"line":184,"column":null}},"88":{"start":{"line":186,"column":6},"end":{"line":186,"column":null}},"89":{"start":{"line":190,"column":2},"end":{"line":272,"column":null}},"90":{"start":{"line":200,"column":25},"end":{"line":200,"column":null}},"91":{"start":{"line":200,"column":56},"end":{"line":200,"column":64}},"92":{"start":{"line":213,"column":33},"end":{"line":213,"column":null}},"93":{"start":{"line":222,"column":33},"end":{"line":222,"column":null}},"94":{"start":{"line":231,"column":35},"end":{"line":231,"column":null}},"95":{"start":{"line":250,"column":28},"end":{"line":250,"column":null}},"96":{"start":{"line":251,"column":10},"end":{"line":263,"column":null}},"97":{"start":{"line":258,"column":32},"end":{"line":258,"column":null}},"98":{"start":{"line":277,"column":2},"end":{"line":277,"column":null}},"99":{"start":{"line":277,"column":14},"end":{"line":277,"column":null}},"100":{"start":{"line":278,"column":2},"end":{"line":281,"column":null}},"101":{"start":{"line":280,"column":17},"end":{"line":280,"column":26}},"102":{"start":{"line":284,"column":14},"end":{"line":294,"column":null}},"103":{"start":{"line":296,"column":22},"end":{"line":298,"column":null}},"104":{"start":{"line":301,"column":10},"end":{"line":301,"column":null}},"105":{"start":{"line":302,"column":8},"end":{"line":302,"column":null}},"106":{"start":{"line":303,"column":17},"end":{"line":303,"column":null}},"107":{"start":{"line":305,"column":15},"end":{"line":305,"column":null}},"108":{"start":{"line":306,"column":18},"end":{"line":306,"column":null}},"109":{"start":{"line":307,"column":17},"end":{"line":307,"column":null}},"110":{"start":{"line":308,"column":25},"end":{"line":308,"column":null}},"111":{"start":{"line":309,"column":32},"end":{"line":309,"column":null}},"112":{"start":{"line":310,"column":17},"end":{"line":310,"column":null}},"113":{"start":{"line":311,"column":22},"end":{"line":311,"column":null}},"114":{"start":{"line":312,"column":25},"end":{"line":312,"column":null}},"115":{"start":{"line":313,"column":26},"end":{"line":313,"column":null}},"116":{"start":{"line":315,"column":8},"end":{"line":315,"column":null}},"117":{"start":{"line":316,"column":8},"end":{"line":316,"column":null}},"118":{"start":{"line":318,"column":8},"end":{"line":318,"column":null}},"119":{"start":{"line":319,"column":8},"end":{"line":319,"column":null}},"120":{"start":{"line":320,"column":8},"end":{"line":320,"column":null}},"121":{"start":{"line":321,"column":8},"end":{"line":321,"column":null}},"122":{"start":{"line":323,"column":2},"end":{"line":386,"column":null}},"123":{"start":{"line":324,"column":4},"end":{"line":324,"column":null}},"124":{"start":{"line":324,"column":21},"end":{"line":324,"column":null}},"125":{"start":{"line":326,"column":20},"end":{"line":326,"column":null}},"126":{"start":{"line":328,"column":21},"end":{"line":340,"column":null}},"127":{"start":{"line":329,"column":6},"end":{"line":333,"column":null}},"128":{"start":{"line":330,"column":25},"end":{"line":330,"column":null}},"129":{"start":{"line":330,"column":101},"end":{"line":330,"column":114}},"130":{"start":{"line":331,"column":22},"end":{"line":331,"column":null}},"131":{"start":{"line":331,"column":45},"end":{"line":331,"column":62}},"132":{"start":{"line":332,"column":8},"end":{"line":332,"column":null}},"133":{"start":{"line":332,"column":19},"end":{"line":332,"column":null}},"134":{"start":{"line":334,"column":6},"end":{"line":338,"column":null}},"135":{"start":{"line":335,"column":25},"end":{"line":335,"column":null}},"136":{"start":{"line":335,"column":106},"end":{"line":335,"column":119}},"137":{"start":{"line":336,"column":22},"end":{"line":336,"column":null}},"138":{"start":{"line":336,"column":45},"end":{"line":336,"column":62}},"139":{"start":{"line":337,"column":8},"end":{"line":337,"column":null}},"140":{"start":{"line":337,"column":19},"end":{"line":337,"column":null}},"141":{"start":{"line":339,"column":6},"end":{"line":339,"column":null}},"142":{"start":{"line":342,"column":4},"end":{"line":384,"column":null}},"143":{"start":{"line":343,"column":6},"end":{"line":343,"column":null}},"144":{"start":{"line":343,"column":21},"end":{"line":343,"column":null}},"145":{"start":{"line":344,"column":22},"end":{"line":347,"column":null}},"146":{"start":{"line":349,"column":23},"end":{"line":349,"column":null}},"147":{"start":{"line":350,"column":6},"end":{"line":365,"column":null}},"148":{"start":{"line":351,"column":22},"end":{"line":351,"column":null}},"149":{"start":{"line":352,"column":8},"end":{"line":352,"column":null}},"150":{"start":{"line":352,"column":29},"end":{"line":352,"column":null}},"151":{"start":{"line":353,"column":14},"end":{"line":353,"column":null}},"152":{"start":{"line":354,"column":8},"end":{"line":354,"column":null}},"153":{"start":{"line":354,"column":31},"end":{"line":354,"column":null}},"154":{"start":{"line":355,"column":8},"end":{"line":355,"column":null}},"155":{"start":{"line":356,"column":21},"end":{"line":356,"column":null}},"156":{"start":{"line":357,"column":8},"end":{"line":360,"column":null}},"157":{"start":{"line":358,"column":10},"end":{"line":358,"column":null}},"158":{"start":{"line":358,"column":24},"end":{"line":358,"column":55}},"159":{"start":{"line":359,"column":10},"end":{"line":359,"column":null}},"160":{"start":{"line":361,"column":8},"end":{"line":364,"column":null}},"161":{"start":{"line":362,"column":24},"end":{"line":362,"column":null}},"162":{"start":{"line":363,"column":10},"end":{"line":363,"column":null}},"163":{"start":{"line":363,"column":21},"end":{"line":363,"column":null}},"164":{"start":{"line":367,"column":24},"end":{"line":367,"column":null}},"165":{"start":{"line":368,"column":6},"end":{"line":383,"column":null}},"166":{"start":{"line":369,"column":22},"end":{"line":369,"column":null}},"167":{"start":{"line":370,"column":8},"end":{"line":370,"column":null}},"168":{"start":{"line":370,"column":29},"end":{"line":370,"column":null}},"169":{"start":{"line":371,"column":14},"end":{"line":371,"column":null}},"170":{"start":{"line":372,"column":8},"end":{"line":372,"column":null}},"171":{"start":{"line":372,"column":31},"end":{"line":372,"column":null}},"172":{"start":{"line":373,"column":8},"end":{"line":373,"column":null}},"173":{"start":{"line":374,"column":21},"end":{"line":374,"column":null}},"174":{"start":{"line":375,"column":8},"end":{"line":378,"column":null}},"175":{"start":{"line":376,"column":10},"end":{"line":376,"column":null}},"176":{"start":{"line":376,"column":24},"end":{"line":376,"column":56}},"177":{"start":{"line":377,"column":10},"end":{"line":377,"column":null}},"178":{"start":{"line":379,"column":8},"end":{"line":382,"column":null}},"179":{"start":{"line":380,"column":24},"end":{"line":380,"column":null}},"180":{"start":{"line":381,"column":10},"end":{"line":381,"column":null}},"181":{"start":{"line":381,"column":21},"end":{"line":381,"column":null}},"182":{"start":{"line":385,"column":4},"end":{"line":385,"column":null}},"183":{"start":{"line":385,"column":19},"end":{"line":385,"column":37}},"184":{"start":{"line":388,"column":29},"end":{"line":405,"column":null}},"185":{"start":{"line":389,"column":4},"end":{"line":392,"column":null}},"186":{"start":{"line":390,"column":6},"end":{"line":390,"column":null}},"187":{"start":{"line":391,"column":6},"end":{"line":391,"column":null}},"188":{"start":{"line":394,"column":4},"end":{"line":394,"column":null}},"189":{"start":{"line":395,"column":4},"end":{"line":404,"column":null}},"190":{"start":{"line":396,"column":23},"end":{"line":396,"column":null}},"191":{"start":{"line":397,"column":6},"end":{"line":397,"column":null}},"192":{"start":{"line":398,"column":6},"end":{"line":398,"column":null}},"193":{"start":{"line":400,"column":6},"end":{"line":400,"column":null}},"194":{"start":{"line":401,"column":6},"end":{"line":401,"column":null}},"195":{"start":{"line":403,"column":6},"end":{"line":403,"column":null}},"196":{"start":{"line":407,"column":2},"end":{"line":435,"column":null}},"197":{"start":{"line":408,"column":4},"end":{"line":408,"column":null}},"198":{"start":{"line":408,"column":17},"end":{"line":408,"column":null}},"199":{"start":{"line":409,"column":4},"end":{"line":434,"column":null}},"200":{"start":{"line":410,"column":6},"end":{"line":424,"column":null}},"201":{"start":{"line":425,"column":6},"end":{"line":432,"column":null}},"202":{"start":{"line":433,"column":6},"end":{"line":433,"column":null}},"203":{"start":{"line":437,"column":2},"end":{"line":457,"column":null}},"204":{"start":{"line":438,"column":4},"end":{"line":441,"column":null}},"205":{"start":{"line":439,"column":6},"end":{"line":439,"column":null}},"206":{"start":{"line":440,"column":6},"end":{"line":440,"column":null}},"207":{"start":{"line":443,"column":20},"end":{"line":443,"column":null}},"208":{"start":{"line":444,"column":4},"end":{"line":444,"column":null}},"209":{"start":{"line":445,"column":4},"end":{"line":454,"column":null}},"210":{"start":{"line":447,"column":8},"end":{"line":447,"column":null}},"211":{"start":{"line":447,"column":24},"end":{"line":447,"column":null}},"212":{"start":{"line":450,"column":8},"end":{"line":450,"column":null}},"213":{"start":{"line":450,"column":24},"end":{"line":450,"column":null}},"214":{"start":{"line":453,"column":8},"end":{"line":453,"column":null}},"215":{"start":{"line":453,"column":24},"end":{"line":453,"column":null}},"216":{"start":{"line":456,"column":4},"end":{"line":456,"column":null}},"217":{"start":{"line":456,"column":19},"end":{"line":456,"column":37}},"218":{"start":{"line":459,"column":8},"end":{"line":459,"column":null}},"219":{"start":{"line":459,"column":32},"end":{"line":459,"column":null}},"220":{"start":{"line":459,"column":46},"end":{"line":459,"column":71}},"221":{"start":{"line":460,"column":8},"end":{"line":460,"column":null}},"222":{"start":{"line":460,"column":36},"end":{"line":460,"column":null}},"223":{"start":{"line":460,"column":53},"end":{"line":460,"column":78}},"224":{"start":{"line":461,"column":8},"end":{"line":464,"column":null}},"225":{"start":{"line":462,"column":19},"end":{"line":462,"column":null}},"226":{"start":{"line":463,"column":4},"end":{"line":463,"column":null}},"227":{"start":{"line":463,"column":18},"end":{"line":463,"column":87}},"228":{"start":{"line":466,"column":23},"end":{"line":469,"column":null}},"229":{"start":{"line":467,"column":21},"end":{"line":467,"column":null}},"230":{"start":{"line":468,"column":4},"end":{"line":468,"column":null}},"231":{"start":{"line":468,"column":26},"end":{"line":468,"column":88}},"232":{"start":{"line":471,"column":24},"end":{"line":474,"column":null}},"233":{"start":{"line":472,"column":21},"end":{"line":472,"column":null}},"234":{"start":{"line":473,"column":4},"end":{"line":473,"column":null}},"235":{"start":{"line":473,"column":26},"end":{"line":473,"column":68}},"236":{"start":{"line":476,"column":25},"end":{"line":479,"column":null}},"237":{"start":{"line":477,"column":21},"end":{"line":477,"column":null}},"238":{"start":{"line":477,"column":96},"end":{"line":477,"column":109}},"239":{"start":{"line":478,"column":4},"end":{"line":478,"column":null}},"240":{"start":{"line":478,"column":26},"end":{"line":478,"column":86}},"241":{"start":{"line":481,"column":23},"end":{"line":498,"column":null}},"242":{"start":{"line":482,"column":4},"end":{"line":482,"column":null}},"243":{"start":{"line":483,"column":4},"end":{"line":483,"column":null}},"244":{"start":{"line":484,"column":4},"end":{"line":484,"column":null}},"245":{"start":{"line":485,"column":4},"end":{"line":497,"column":null}},"246":{"start":{"line":486,"column":6},"end":{"line":492,"column":null}},"247":{"start":{"line":487,"column":8},"end":{"line":487,"column":null}},"248":{"start":{"line":488,"column":8},"end":{"line":488,"column":null}},"249":{"start":{"line":490,"column":25},"end":{"line":490,"column":null}},"250":{"start":{"line":491,"column":8},"end":{"line":491,"column":null}},"251":{"start":{"line":494,"column":6},"end":{"line":494,"column":null}},"252":{"start":{"line":494,"column":30},"end":{"line":494,"column":null}},"253":{"start":{"line":496,"column":6},"end":{"line":496,"column":null}},"254":{"start":{"line":500,"column":2},"end":{"line":500,"column":null}},"255":{"start":{"line":500,"column":19},"end":{"line":500,"column":null}},"256":{"start":{"line":502,"column":8},"end":{"line":503,"column":null}},"257":{"start":{"line":502,"column":25},"end":{"line":503,"column":null}},"258":{"start":{"line":506,"column":2},"end":{"line":786,"column":null}},"259":{"start":{"line":513,"column":90},"end":{"line":513,"column":null}},"260":{"start":{"line":527,"column":29},"end":{"line":527,"column":null}},"261":{"start":{"line":531,"column":33},"end":{"line":531,"column":82}},"262":{"start":{"line":541,"column":29},"end":{"line":541,"column":null}},"263":{"start":{"line":549,"column":29},"end":{"line":549,"column":77}},"264":{"start":{"line":554,"column":50},"end":{"line":554,"column":82}},"265":{"start":{"line":563,"column":106},"end":{"line":563,"column":151}},"266":{"start":{"line":565,"column":37},"end":{"line":565,"column":103}},"267":{"start":{"line":575,"column":34},"end":{"line":575,"column":58}},"268":{"start":{"line":575,"column":58},"end":{"line":575,"column":86}},"269":{"start":{"line":575,"column":86},"end":{"line":575,"column":117}},"270":{"start":{"line":576,"column":31},"end":{"line":576,"column":52}},"271":{"start":{"line":576,"column":52},"end":{"line":576,"column":80}},"272":{"start":{"line":576,"column":80},"end":{"line":576,"column":103}},"273":{"start":{"line":585,"column":35},"end":{"line":585,"column":null}},"274":{"start":{"line":587,"column":33},"end":{"line":587,"column":null}},"275":{"start":{"line":588,"column":16},"end":{"line":590,"column":null}},"276":{"start":{"line":588,"column":45},"end":{"line":588,"column":83}},"277":{"start":{"line":589,"column":18},"end":{"line":589,"column":null}},"278":{"start":{"line":589,"column":49},"end":{"line":589,"column":70}},"279":{"start":{"line":591,"column":16},"end":{"line":597,"column":null}},"280":{"start":{"line":591,"column":38},"end":{"line":597,"column":18}},"281":{"start":{"line":608,"column":29},"end":{"line":608,"column":68}},"282":{"start":{"line":613,"column":29},"end":{"line":613,"column":69}},"283":{"start":{"line":626,"column":34},"end":{"line":626,"column":63}},"284":{"start":{"line":626,"column":63},"end":{"line":626,"column":99}},"285":{"start":{"line":627,"column":31},"end":{"line":627,"column":57}},"286":{"start":{"line":627,"column":57},"end":{"line":627,"column":85}},"287":{"start":{"line":638,"column":34},"end":{"line":638,"column":64}},"288":{"start":{"line":638,"column":64},"end":{"line":638,"column":101}},"289":{"start":{"line":639,"column":31},"end":{"line":639,"column":58}},"290":{"start":{"line":639,"column":58},"end":{"line":639,"column":87}},"291":{"start":{"line":651,"column":29},"end":{"line":651,"column":null}},"292":{"start":{"line":661,"column":29},"end":{"line":661,"column":null}},"293":{"start":{"line":679,"column":34},"end":{"line":679,"column":59}},"294":{"start":{"line":679,"column":59},"end":{"line":679,"column":91}},"295":{"start":{"line":680,"column":31},"end":{"line":680,"column":53}},"296":{"start":{"line":680,"column":53},"end":{"line":680,"column":77}},"297":{"start":{"line":685,"column":54},"end":{"line":685,"column":null}},"298":{"start":{"line":685,"column":77},"end":{"line":685,"column":79}},"299":{"start":{"line":692,"column":33},"end":{"line":692,"column":57}},"300":{"start":{"line":692,"column":57},"end":{"line":692,"column":87}},"301":{"start":{"line":692,"column":87},"end":{"line":692,"column":113}},"302":{"start":{"line":693,"column":32},"end":{"line":693,"column":null}},"303":{"start":{"line":705,"column":34},"end":{"line":705,"column":60}},"304":{"start":{"line":705,"column":60},"end":{"line":705,"column":93}},"305":{"start":{"line":706,"column":31},"end":{"line":706,"column":54}},"306":{"start":{"line":706,"column":54},"end":{"line":706,"column":79}},"307":{"start":{"line":711,"column":54},"end":{"line":711,"column":null}},"308":{"start":{"line":711,"column":78},"end":{"line":711,"column":80}},"309":{"start":{"line":718,"column":33},"end":{"line":718,"column":58}},"310":{"start":{"line":718,"column":58},"end":{"line":718,"column":89}},"311":{"start":{"line":718,"column":89},"end":{"line":718,"column":116}},"312":{"start":{"line":719,"column":32},"end":{"line":719,"column":null}},"313":{"start":{"line":736,"column":29},"end":{"line":736,"column":83}},"314":{"start":{"line":741,"column":29},"end":{"line":741,"column":81}},"315":{"start":{"line":746,"column":29},"end":{"line":746,"column":57}},"316":{"start":{"line":752,"column":31},"end":{"line":752,"column":null}},"317":{"start":{"line":753,"column":41},"end":{"line":753,"column":97}},"318":{"start":{"line":761,"column":29},"end":{"line":761,"column":84}},"319":{"start":{"line":770,"column":50},"end":{"line":770,"column":83}},"320":{"start":{"line":780,"column":82},"end":{"line":780,"column":102}}},"fnMap":{"0":{"name":"BusinessCreateRow","decl":{"start":{"line":18,"column":9},"end":{"line":18,"column":27}},"loc":{"start":{"line":18,"column":49},"end":{"line":56,"column":null}},"line":18},"1":{"name":"(anonymous_1)","decl":{"start":{"line":23,"column":21},"end":{"line":23,"column":33}},"loc":{"start":{"line":23,"column":33},"end":{"line":35,"column":null}},"line":23},"2":{"name":"(anonymous_2)","decl":{"start":{"line":45,"column":10},"end":{"line":45,"column":20}},"loc":{"start":{"line":45,"column":25},"end":{"line":45,"column":null}},"line":45},"3":{"name":"(anonymous_3)","decl":{"start":{"line":46,"column":10},"end":{"line":46,"column":21}},"loc":{"start":{"line":46,"column":26},"end":{"line":46,"column":null}},"line":46},"4":{"name":"AsyncSearch","decl":{"start":{"line":58,"column":9},"end":{"line":58,"column":21}},"loc":{"start":{"line":58,"column":173},"end":{"line":135,"column":null}},"line":58},"5":{"name":"(anonymous_5)","decl":{"start":{"line":64,"column":2},"end":{"line":64,"column":18}},"loc":{"start":{"line":64,"column":18},"end":{"line":64,"column":53}},"line":64},"6":{"name":"(anonymous_6)","decl":{"start":{"line":66,"column":8},"end":{"line":66,"column":24}},"loc":{"start":{"line":66,"column":30},"end":{"line":76,"column":null}},"line":66},"7":{"name":"(anonymous_7)","decl":{"start":{"line":71,"column":31},"end":{"line":71,"column":43}},"loc":{"start":{"line":71,"column":43},"end":{"line":75,"column":7}},"line":71},"8":{"name":"(anonymous_8)","decl":{"start":{"line":78,"column":8},"end":{"line":78,"column":16}},"loc":{"start":{"line":78,"column":25},"end":{"line":83,"column":null}},"line":78},"9":{"name":"(anonymous_9)","decl":{"start":{"line":85,"column":8},"end":{"line":85,"column":22}},"loc":{"start":{"line":85,"column":22},"end":{"line":89,"column":null}},"line":85},"10":{"name":"(anonymous_10)","decl":{"start":{"line":107,"column":12},"end":{"line":107,"column":27}},"loc":{"start":{"line":107,"column":27},"end":{"line":107,"column":null}},"line":107},"11":{"name":"(anonymous_11)","decl":{"start":{"line":108,"column":12},"end":{"line":108,"column":26}},"loc":{"start":{"line":108,"column":26},"end":{"line":108,"column":null}},"line":108},"12":{"name":"(anonymous_12)","decl":{"start":{"line":108,"column":26},"end":{"line":108,"column":43}},"loc":{"start":{"line":108,"column":43},"end":{"line":108,"column":59}},"line":108},"13":{"name":"(anonymous_13)","decl":{"start":{"line":119,"column":21},"end":{"line":119,"column":25}},"loc":{"start":{"line":120,"column":14},"end":{"line":128,"column":null}},"line":120},"14":{"name":"(anonymous_14)","decl":{"start":{"line":124,"column":16},"end":{"line":124,"column":35}},"loc":{"start":{"line":124,"column":35},"end":{"line":124,"column":null}},"line":124},"15":{"name":"BrokerContactsSelect","decl":{"start":{"line":137,"column":9},"end":{"line":137,"column":30}},"loc":{"start":{"line":137,"column":98},"end":{"line":274,"column":null}},"line":137},"16":{"name":"(anonymous_16)","decl":{"start":{"line":146,"column":2},"end":{"line":146,"column":18}},"loc":{"start":{"line":146,"column":18},"end":{"line":153,"column":5}},"line":146},"17":{"name":"(anonymous_17)","decl":{"start":{"line":155,"column":8},"end":{"line":155,"column":25}},"loc":{"start":{"line":155,"column":37},"end":{"line":170,"column":null}},"line":155},"18":{"name":"(anonymous_18)","decl":{"start":{"line":159,"column":20},"end":{"line":159,"column":28}},"loc":{"start":{"line":159,"column":35},"end":{"line":159,"column":51}},"line":159},"19":{"name":"(anonymous_19)","decl":{"start":{"line":164,"column":9},"end":{"line":164,"column":17}},"loc":{"start":{"line":164,"column":26},"end":{"line":164,"column":52}},"line":164},"20":{"name":"(anonymous_20)","decl":{"start":{"line":165,"column":9},"end":{"line":165,"column":14}},"loc":{"start":{"line":165,"column":23},"end":{"line":165,"column":38}},"line":165},"21":{"name":"(anonymous_21)","decl":{"start":{"line":172,"column":30},"end":{"line":172,"column":42}},"loc":{"start":{"line":172,"column":42},"end":{"line":188,"column":null}},"line":172},"22":{"name":"(anonymous_22)","decl":{"start":{"line":200,"column":10},"end":{"line":200,"column":25}},"loc":{"start":{"line":200,"column":25},"end":{"line":200,"column":null}},"line":200},"23":{"name":"(anonymous_23)","decl":{"start":{"line":200,"column":25},"end":{"line":200,"column":44}},"loc":{"start":{"line":200,"column":56},"end":{"line":200,"column":64}},"line":200},"24":{"name":"(anonymous_24)","decl":{"start":{"line":213,"column":16},"end":{"line":213,"column":27}},"loc":{"start":{"line":213,"column":33},"end":{"line":213,"column":null}},"line":213},"25":{"name":"(anonymous_25)","decl":{"start":{"line":222,"column":16},"end":{"line":222,"column":27}},"loc":{"start":{"line":222,"column":33},"end":{"line":222,"column":null}},"line":222},"26":{"name":"(anonymous_26)","decl":{"start":{"line":231,"column":18},"end":{"line":231,"column":29}},"loc":{"start":{"line":231,"column":35},"end":{"line":231,"column":null}},"line":231},"27":{"name":"(anonymous_27)","decl":{"start":{"line":249,"column":18},"end":{"line":249,"column":23}},"loc":{"start":{"line":249,"column":35},"end":{"line":265,"column":9}},"line":249},"28":{"name":"(anonymous_28)","decl":{"start":{"line":258,"column":16},"end":{"line":258,"column":32}},"loc":{"start":{"line":258,"column":32},"end":{"line":258,"column":null}},"line":258},"29":{"name":"csvToIds","decl":{"start":{"line":276,"column":9},"end":{"line":276,"column":18}},"loc":{"start":{"line":276,"column":25},"end":{"line":282,"column":null}},"line":276},"30":{"name":"(anonymous_30)","decl":{"start":{"line":280,"column":5},"end":{"line":280,"column":10}},"loc":{"start":{"line":280,"column":17},"end":{"line":280,"column":26}},"line":280},"31":{"name":"LoadFormPage","decl":{"start":{"line":300,"column":24},"end":{"line":300,"column":39}},"loc":{"start":{"line":300,"column":39},"end":{"line":788,"column":null}},"line":300},"32":{"name":"(anonymous_32)","decl":{"start":{"line":323,"column":2},"end":{"line":323,"column":18}},"loc":{"start":{"line":323,"column":18},"end":{"line":386,"column":5}},"line":323},"33":{"name":"(anonymous_33)","decl":{"start":{"line":328,"column":21},"end":{"line":328,"column":28}},"loc":{"start":{"line":328,"column":57},"end":{"line":340,"column":null}},"line":328},"34":{"name":"(anonymous_34)","decl":{"start":{"line":330,"column":88},"end":{"line":330,"column":101}},"loc":{"start":{"line":330,"column":101},"end":{"line":330,"column":114}},"line":330},"35":{"name":"(anonymous_35)","decl":{"start":{"line":331,"column":35},"end":{"line":331,"column":40}},"loc":{"start":{"line":331,"column":45},"end":{"line":331,"column":62}},"line":331},"36":{"name":"(anonymous_36)","decl":{"start":{"line":335,"column":93},"end":{"line":335,"column":106}},"loc":{"start":{"line":335,"column":106},"end":{"line":335,"column":119}},"line":335},"37":{"name":"(anonymous_37)","decl":{"start":{"line":336,"column":35},"end":{"line":336,"column":40}},"loc":{"start":{"line":336,"column":45},"end":{"line":336,"column":62}},"line":336},"38":{"name":"(anonymous_38)","decl":{"start":{"line":342,"column":21},"end":{"line":342,"column":32}},"loc":{"start":{"line":342,"column":32},"end":{"line":384,"column":5}},"line":342},"39":{"name":"(anonymous_39)","decl":{"start":{"line":350,"column":44},"end":{"line":350,"column":56}},"loc":{"start":{"line":350,"column":56},"end":{"line":365,"column":7}},"line":350},"40":{"name":"(anonymous_40)","decl":{"start":{"line":358,"column":10},"end":{"line":358,"column":18}},"loc":{"start":{"line":358,"column":24},"end":{"line":358,"column":55}},"line":358},"41":{"name":"(anonymous_41)","decl":{"start":{"line":368,"column":45},"end":{"line":368,"column":57}},"loc":{"start":{"line":368,"column":57},"end":{"line":383,"column":7}},"line":368},"42":{"name":"(anonymous_42)","decl":{"start":{"line":376,"column":10},"end":{"line":376,"column":18}},"loc":{"start":{"line":376,"column":24},"end":{"line":376,"column":56}},"line":376},"43":{"name":"(anonymous_43)","decl":{"start":{"line":385,"column":4},"end":{"line":385,"column":17}},"loc":{"start":{"line":385,"column":17},"end":{"line":385,"column":null}},"line":385},"44":{"name":"(anonymous_44)","decl":{"start":{"line":388,"column":29},"end":{"line":388,"column":36}},"loc":{"start":{"line":388,"column":49},"end":{"line":405,"column":null}},"line":388},"45":{"name":"(anonymous_45)","decl":{"start":{"line":407,"column":2},"end":{"line":407,"column":18}},"loc":{"start":{"line":407,"column":18},"end":{"line":435,"column":5}},"line":407},"46":{"name":"(anonymous_46)","decl":{"start":{"line":409,"column":25},"end":{"line":409,"column":31}},"loc":{"start":{"line":409,"column":44},"end":{"line":434,"column":5}},"line":409},"47":{"name":"(anonymous_47)","decl":{"start":{"line":437,"column":2},"end":{"line":437,"column":18}},"loc":{"start":{"line":437,"column":18},"end":{"line":457,"column":5}},"line":437},"48":{"name":"(anonymous_48)","decl":{"start":{"line":446,"column":7},"end":{"line":446,"column":13}},"loc":{"start":{"line":446,"column":26},"end":{"line":448,"column":7}},"line":446},"49":{"name":"(anonymous_49)","decl":{"start":{"line":449,"column":7},"end":{"line":449,"column":19}},"loc":{"start":{"line":449,"column":19},"end":{"line":451,"column":7}},"line":449},"50":{"name":"(anonymous_50)","decl":{"start":{"line":452,"column":7},"end":{"line":452,"column":21}},"loc":{"start":{"line":452,"column":21},"end":{"line":454,"column":7}},"line":452},"51":{"name":"(anonymous_51)","decl":{"start":{"line":456,"column":4},"end":{"line":456,"column":17}},"loc":{"start":{"line":456,"column":17},"end":{"line":456,"column":null}},"line":456},"52":{"name":"(anonymous_52)","decl":{"start":{"line":459,"column":8},"end":{"line":459,"column":15}},"loc":{"start":{"line":459,"column":32},"end":{"line":459,"column":null}},"line":459},"53":{"name":"(anonymous_53)","decl":{"start":{"line":459,"column":32},"end":{"line":459,"column":40}},"loc":{"start":{"line":459,"column":46},"end":{"line":459,"column":71}},"line":459},"54":{"name":"(anonymous_54)","decl":{"start":{"line":460,"column":8},"end":{"line":460,"column":19}},"loc":{"start":{"line":460,"column":36},"end":{"line":460,"column":null}},"line":460},"55":{"name":"(anonymous_55)","decl":{"start":{"line":460,"column":36},"end":{"line":460,"column":47}},"loc":{"start":{"line":460,"column":53},"end":{"line":460,"column":78}},"line":460},"56":{"name":"(anonymous_56)","decl":{"start":{"line":461,"column":8},"end":{"line":461,"column":21}},"loc":{"start":{"line":461,"column":31},"end":{"line":464,"column":null}},"line":461},"57":{"name":"(anonymous_57)","decl":{"start":{"line":463,"column":4},"end":{"line":463,"column":12}},"loc":{"start":{"line":463,"column":18},"end":{"line":463,"column":87}},"line":463},"58":{"name":"(anonymous_58)","decl":{"start":{"line":466,"column":23},"end":{"line":466,"column":30}},"loc":{"start":{"line":466,"column":36},"end":{"line":469,"column":null}},"line":466},"59":{"name":"(anonymous_59)","decl":{"start":{"line":468,"column":16},"end":{"line":468,"column":20}},"loc":{"start":{"line":468,"column":26},"end":{"line":468,"column":88}},"line":468},"60":{"name":"(anonymous_60)","decl":{"start":{"line":471,"column":24},"end":{"line":471,"column":31}},"loc":{"start":{"line":471,"column":37},"end":{"line":474,"column":null}},"line":471},"61":{"name":"(anonymous_61)","decl":{"start":{"line":473,"column":16},"end":{"line":473,"column":20}},"loc":{"start":{"line":473,"column":26},"end":{"line":473,"column":68}},"line":473},"62":{"name":"(anonymous_62)","decl":{"start":{"line":476,"column":25},"end":{"line":476,"column":32}},"loc":{"start":{"line":476,"column":38},"end":{"line":479,"column":null}},"line":476},"63":{"name":"(anonymous_63)","decl":{"start":{"line":477,"column":83},"end":{"line":477,"column":96}},"loc":{"start":{"line":477,"column":96},"end":{"line":477,"column":109}},"line":477},"64":{"name":"(anonymous_64)","decl":{"start":{"line":478,"column":16},"end":{"line":478,"column":20}},"loc":{"start":{"line":478,"column":26},"end":{"line":478,"column":86}},"line":478},"65":{"name":"(anonymous_65)","decl":{"start":{"line":481,"column":23},"end":{"line":481,"column":30}},"loc":{"start":{"line":481,"column":36},"end":{"line":498,"column":null}},"line":481},"66":{"name":"(anonymous_66)","decl":{"start":{"line":502,"column":8},"end":{"line":502,"column":15}},"loc":{"start":{"line":502,"column":25},"end":{"line":503,"column":null}},"line":502},"67":{"name":"(anonymous_67)","decl":{"start":{"line":513,"column":75},"end":{"line":513,"column":90}},"loc":{"start":{"line":513,"column":90},"end":{"line":513,"column":null}},"line":513},"68":{"name":"(anonymous_68)","decl":{"start":{"line":527,"column":14},"end":{"line":527,"column":24}},"loc":{"start":{"line":527,"column":29},"end":{"line":527,"column":null}},"line":527},"69":{"name":"(anonymous_69)","decl":{"start":{"line":531,"column":24},"end":{"line":531,"column":28}},"loc":{"start":{"line":531,"column":33},"end":{"line":531,"column":82}},"line":531},"70":{"name":"(anonymous_70)","decl":{"start":{"line":541,"column":14},"end":{"line":541,"column":24}},"loc":{"start":{"line":541,"column":29},"end":{"line":541,"column":null}},"line":541},"71":{"name":"(anonymous_71)","decl":{"start":{"line":549,"column":14},"end":{"line":549,"column":24}},"loc":{"start":{"line":549,"column":29},"end":{"line":549,"column":77}},"line":549},"72":{"name":"(anonymous_72)","decl":{"start":{"line":554,"column":35},"end":{"line":554,"column":45}},"loc":{"start":{"line":554,"column":50},"end":{"line":554,"column":82}},"line":554},"73":{"name":"(anonymous_73)","decl":{"start":{"line":563,"column":91},"end":{"line":563,"column":101}},"loc":{"start":{"line":563,"column":106},"end":{"line":563,"column":151}},"line":563},"74":{"name":"(anonymous_74)","decl":{"start":{"line":565,"column":28},"end":{"line":565,"column":32}},"loc":{"start":{"line":565,"column":37},"end":{"line":565,"column":103}},"line":565},"75":{"name":"(anonymous_75)","decl":{"start":{"line":575,"column":14},"end":{"line":575,"column":24}},"loc":{"start":{"line":575,"column":32},"end":{"line":575,"column":null}},"line":575},"76":{"name":"(anonymous_76)","decl":{"start":{"line":576,"column":14},"end":{"line":576,"column":29}},"loc":{"start":{"line":576,"column":29},"end":{"line":576,"column":null}},"line":576},"77":{"name":"(anonymous_77)","decl":{"start":{"line":585,"column":14},"end":{"line":585,"column":25}},"loc":{"start":{"line":585,"column":35},"end":{"line":585,"column":null}},"line":585},"78":{"name":"(anonymous_78)","decl":{"start":{"line":586,"column":32},"end":{"line":586,"column":39}},"loc":{"start":{"line":586,"column":51},"end":{"line":598,"column":null}},"line":586},"79":{"name":"(anonymous_79)","decl":{"start":{"line":588,"column":30},"end":{"line":588,"column":36}},"loc":{"start":{"line":588,"column":45},"end":{"line":588,"column":83}},"line":588},"80":{"name":"(anonymous_80)","decl":{"start":{"line":589,"column":18},"end":{"line":589,"column":37}},"loc":{"start":{"line":589,"column":49},"end":{"line":589,"column":70}},"line":589},"81":{"name":"(anonymous_81)","decl":{"start":{"line":591,"column":16},"end":{"line":591,"column":25}},"loc":{"start":{"line":591,"column":38},"end":{"line":597,"column":18}},"line":591},"82":{"name":"(anonymous_82)","decl":{"start":{"line":608,"column":14},"end":{"line":608,"column":24}},"loc":{"start":{"line":608,"column":29},"end":{"line":608,"column":68}},"line":608},"83":{"name":"(anonymous_83)","decl":{"start":{"line":613,"column":14},"end":{"line":613,"column":24}},"loc":{"start":{"line":613,"column":29},"end":{"line":613,"column":69}},"line":613},"84":{"name":"(anonymous_84)","decl":{"start":{"line":626,"column":14},"end":{"line":626,"column":24}},"loc":{"start":{"line":626,"column":32},"end":{"line":626,"column":null}},"line":626},"85":{"name":"(anonymous_85)","decl":{"start":{"line":627,"column":14},"end":{"line":627,"column":29}},"loc":{"start":{"line":627,"column":29},"end":{"line":627,"column":null}},"line":627},"86":{"name":"(anonymous_86)","decl":{"start":{"line":638,"column":14},"end":{"line":638,"column":24}},"loc":{"start":{"line":638,"column":32},"end":{"line":638,"column":null}},"line":638},"87":{"name":"(anonymous_87)","decl":{"start":{"line":639,"column":14},"end":{"line":639,"column":29}},"loc":{"start":{"line":639,"column":29},"end":{"line":639,"column":null}},"line":639},"88":{"name":"(anonymous_88)","decl":{"start":{"line":651,"column":14},"end":{"line":651,"column":24}},"loc":{"start":{"line":651,"column":29},"end":{"line":651,"column":null}},"line":651},"89":{"name":"(anonymous_89)","decl":{"start":{"line":661,"column":14},"end":{"line":661,"column":24}},"loc":{"start":{"line":661,"column":29},"end":{"line":661,"column":null}},"line":661},"90":{"name":"(anonymous_90)","decl":{"start":{"line":679,"column":14},"end":{"line":679,"column":24}},"loc":{"start":{"line":679,"column":32},"end":{"line":679,"column":null}},"line":679},"91":{"name":"(anonymous_91)","decl":{"start":{"line":680,"column":14},"end":{"line":680,"column":29}},"loc":{"start":{"line":680,"column":29},"end":{"line":680,"column":null}},"line":680},"92":{"name":"(anonymous_92)","decl":{"start":{"line":685,"column":39},"end":{"line":685,"column":54}},"loc":{"start":{"line":685,"column":54},"end":{"line":685,"column":null}},"line":685},"93":{"name":"(anonymous_93)","decl":{"start":{"line":685,"column":54},"end":{"line":685,"column":72}},"loc":{"start":{"line":685,"column":77},"end":{"line":685,"column":79}},"line":685},"94":{"name":"(anonymous_94)","decl":{"start":{"line":692,"column":16},"end":{"line":692,"column":24}},"loc":{"start":{"line":692,"column":31},"end":{"line":692,"column":null}},"line":692},"95":{"name":"(anonymous_95)","decl":{"start":{"line":693,"column":16},"end":{"line":693,"column":32}},"loc":{"start":{"line":693,"column":32},"end":{"line":693,"column":null}},"line":693},"96":{"name":"(anonymous_96)","decl":{"start":{"line":705,"column":14},"end":{"line":705,"column":24}},"loc":{"start":{"line":705,"column":32},"end":{"line":705,"column":null}},"line":705},"97":{"name":"(anonymous_97)","decl":{"start":{"line":706,"column":14},"end":{"line":706,"column":29}},"loc":{"start":{"line":706,"column":29},"end":{"line":706,"column":null}},"line":706},"98":{"name":"(anonymous_98)","decl":{"start":{"line":711,"column":39},"end":{"line":711,"column":54}},"loc":{"start":{"line":711,"column":54},"end":{"line":711,"column":null}},"line":711},"99":{"name":"(anonymous_99)","decl":{"start":{"line":711,"column":54},"end":{"line":711,"column":73}},"loc":{"start":{"line":711,"column":78},"end":{"line":711,"column":80}},"line":711},"100":{"name":"(anonymous_100)","decl":{"start":{"line":718,"column":16},"end":{"line":718,"column":24}},"loc":{"start":{"line":718,"column":31},"end":{"line":718,"column":null}},"line":718},"101":{"name":"(anonymous_101)","decl":{"start":{"line":719,"column":16},"end":{"line":719,"column":32}},"loc":{"start":{"line":719,"column":32},"end":{"line":719,"column":null}},"line":719},"102":{"name":"(anonymous_102)","decl":{"start":{"line":736,"column":14},"end":{"line":736,"column":24}},"loc":{"start":{"line":736,"column":29},"end":{"line":736,"column":83}},"line":736},"103":{"name":"(anonymous_103)","decl":{"start":{"line":741,"column":14},"end":{"line":741,"column":24}},"loc":{"start":{"line":741,"column":29},"end":{"line":741,"column":81}},"line":741},"104":{"name":"(anonymous_104)","decl":{"start":{"line":746,"column":14},"end":{"line":746,"column":24}},"loc":{"start":{"line":746,"column":29},"end":{"line":746,"column":57}},"line":746},"105":{"name":"(anonymous_105)","decl":{"start":{"line":752,"column":16},"end":{"line":752,"column":26}},"loc":{"start":{"line":752,"column":31},"end":{"line":752,"column":null}},"line":752},"106":{"name":"(anonymous_106)","decl":{"start":{"line":753,"column":32},"end":{"line":753,"column":36}},"loc":{"start":{"line":753,"column":41},"end":{"line":753,"column":97}},"line":753},"107":{"name":"(anonymous_107)","decl":{"start":{"line":761,"column":14},"end":{"line":761,"column":24}},"loc":{"start":{"line":761,"column":29},"end":{"line":761,"column":84}},"line":761},"108":{"name":"(anonymous_108)","decl":{"start":{"line":770,"column":35},"end":{"line":770,"column":45}},"loc":{"start":{"line":770,"column":50},"end":{"line":770,"column":83}},"line":770},"109":{"name":"(anonymous_109)","decl":{"start":{"line":780,"column":67},"end":{"line":780,"column":82}},"loc":{"start":{"line":780,"column":82},"end":{"line":780,"column":102}},"line":780}},"branchMap":{"0":{"loc":{"start":{"line":24,"column":4},"end":{"line":24,"column":null}},"type":"if","locations":[{"start":{"line":24,"column":4},"end":{"line":24,"column":null}},{"start":{},"end":{}}],"line":24},"1":{"loc":{"start":{"line":31,"column":15},"end":{"line":31,"column":74}},"type":"binary-expr","locations":[{"start":{"line":31,"column":15},"end":{"line":31,"column":46}},{"start":{"line":31,"column":46},"end":{"line":31,"column":74}}],"line":31},"2":{"loc":{"start":{"line":46,"column":26},"end":{"line":46,"column":null}},"type":"binary-expr","locations":[{"start":{"line":46,"column":26},"end":{"line":46,"column":47}},{"start":{"line":46,"column":47},"end":{"line":46,"column":null}}],"line":46},"3":{"loc":{"start":{"line":48,"column":89},"end":{"line":48,"column":null}},"type":"binary-expr","locations":[{"start":{"line":48,"column":89},"end":{"line":48,"column":99}},{"start":{"line":48,"column":99},"end":{"line":48,"column":null}}],"line":48},"4":{"loc":{"start":{"line":49,"column":11},"end":{"line":49,"column":null}},"type":"cond-expr","locations":[{"start":{"line":49,"column":20},"end":{"line":49,"column":26}},{"start":{"line":49,"column":26},"end":{"line":49,"column":null}}],"line":49},"5":{"loc":{"start":{"line":53,"column":7},"end":{"line":54,"column":null}},"type":"binary-expr","locations":[{"start":{"line":53,"column":7},"end":{"line":53,"column":16}},{"start":{"line":53,"column":16},"end":{"line":54,"column":null}}],"line":53},"6":{"loc":{"start":{"line":58,"column":30},"end":{"line":58,"column":65}},"type":"default-arg","locations":[{"start":{"line":58,"column":44},"end":{"line":58,"column":65}}],"line":58},"7":{"loc":{"start":{"line":58,"column":115},"end":{"line":58,"column":133}},"type":"default-arg","locations":[{"start":{"line":58,"column":126},"end":{"line":58,"column":133}}],"line":58},"8":{"loc":{"start":{"line":58,"column":133},"end":{"line":58,"column":152}},"type":"default-arg","locations":[{"start":{"line":58,"column":145},"end":{"line":58,"column":152}}],"line":58},"9":{"loc":{"start":{"line":58,"column":152},"end":{"line":58,"column":173}},"type":"default-arg","locations":[{"start":{"line":58,"column":165},"end":{"line":58,"column":173}}],"line":58},"10":{"loc":{"start":{"line":59,"column":37},"end":{"line":59,"column":55}},"type":"binary-expr","locations":[{"start":{"line":59,"column":37},"end":{"line":59,"column":53}},{"start":{"line":59,"column":53},"end":{"line":59,"column":55}}],"line":59},"11":{"loc":{"start":{"line":64,"column":29},"end":{"line":64,"column":47}},"type":"binary-expr","locations":[{"start":{"line":64,"column":29},"end":{"line":64,"column":45}},{"start":{"line":64,"column":45},"end":{"line":64,"column":47}}],"line":64},"12":{"loc":{"start":{"line":70,"column":4},"end":{"line":70,"column":null}},"type":"if","locations":[{"start":{"line":70,"column":4},"end":{"line":70,"column":null}},{"start":{},"end":{}}],"line":70},"13":{"loc":{"start":{"line":93,"column":7},"end":{"line":99,"column":7}},"type":"binary-expr","locations":[{"start":{"line":93,"column":7},"end":{"line":93,"column":null}},{"start":{"line":94,"column":8},"end":{"line":99,"column":7}}],"line":93},"14":{"loc":{"start":{"line":95,"column":18},"end":{"line":95,"column":null}},"type":"binary-expr","locations":[{"start":{"line":95,"column":18},"end":{"line":95,"column":30}},{"start":{"line":95,"column":30},"end":{"line":95,"column":null}}],"line":95},"15":{"loc":{"start":{"line":103,"column":38},"end":{"line":103,"column":null}},"type":"cond-expr","locations":[{"start":{"line":103,"column":50},"end":{"line":103,"column":66}},{"start":{"line":103,"column":66},"end":{"line":103,"column":null}}],"line":103},"16":{"loc":{"start":{"line":107,"column":27},"end":{"line":107,"column":null}},"type":"binary-expr","locations":[{"start":{"line":107,"column":27},"end":{"line":107,"column":45}},{"start":{"line":107,"column":45},"end":{"line":107,"column":null}}],"line":107},"17":{"loc":{"start":{"line":111,"column":11},"end":{"line":116,"column":null}},"type":"binary-expr","locations":[{"start":{"line":111,"column":11},"end":{"line":111,"column":null}},{"start":{"line":112,"column":12},"end":{"line":116,"column":null}}],"line":111},"18":{"loc":{"start":{"line":117,"column":9},"end":{"line":132,"column":null}},"type":"binary-expr","locations":[{"start":{"line":117,"column":9},"end":{"line":117,"column":17}},{"start":{"line":117,"column":17},"end":{"line":117,"column":null}},{"start":{"line":118,"column":10},"end":{"line":132,"column":null}}],"line":117},"19":{"loc":{"start":{"line":127,"column":17},"end":{"line":128,"column":null}},"type":"binary-expr","locations":[{"start":{"line":127,"column":17},"end":{"line":127,"column":31}},{"start":{"line":127,"column":31},"end":{"line":128,"column":null}}],"line":127},"20":{"loc":{"start":{"line":147,"column":4},"end":{"line":147,"column":null}},"type":"if","locations":[{"start":{"line":147,"column":4},"end":{"line":147,"column":null}},{"start":{},"end":{}}],"line":147},"21":{"loc":{"start":{"line":147,"column":8},"end":{"line":147,"column":44}},"type":"binary-expr","locations":[{"start":{"line":147,"column":8},"end":{"line":147,"column":26}},{"start":{"line":147,"column":26},"end":{"line":147,"column":44}}],"line":147},"22":{"loc":{"start":{"line":149,"column":4},"end":{"line":152,"column":null}},"type":"if","locations":[{"start":{"line":149,"column":4},"end":{"line":152,"column":null}},{"start":{},"end":{}}],"line":149},"23":{"loc":{"start":{"line":158,"column":15},"end":{"line":160,"column":null}},"type":"cond-expr","locations":[{"start":{"line":159,"column":8},"end":{"line":159,"column":null}},{"start":{"line":160,"column":8},"end":{"line":160,"column":null}}],"line":158},"24":{"loc":{"start":{"line":162,"column":4},"end":{"line":167,"column":null}},"type":"if","locations":[{"start":{"line":162,"column":4},"end":{"line":167,"column":null}},{"start":{},"end":{}}],"line":162},"25":{"loc":{"start":{"line":162,"column":8},"end":{"line":162,"column":38}},"type":"binary-expr","locations":[{"start":{"line":162,"column":8},"end":{"line":162,"column":23}},{"start":{"line":162,"column":23},"end":{"line":162,"column":38}}],"line":162},"26":{"loc":{"start":{"line":173,"column":4},"end":{"line":173,"column":null}},"type":"if","locations":[{"start":{"line":173,"column":4},"end":{"line":173,"column":null}},{"start":{},"end":{}}],"line":173},"27":{"loc":{"start":{"line":173,"column":8},"end":{"line":173,"column":81}},"type":"binary-expr","locations":[{"start":{"line":173,"column":8},"end":{"line":173,"column":21}},{"start":{"line":173,"column":21},"end":{"line":173,"column":41}},{"start":{"line":173,"column":41},"end":{"line":173,"column":62}},{"start":{"line":173,"column":62},"end":{"line":173,"column":81}}],"line":173},"28":{"loc":{"start":{"line":184,"column":21},"end":{"line":184,"column":86}},"type":"cond-expr","locations":[{"start":{"line":184,"column":32},"end":{"line":184,"column":59}},{"start":{"line":184,"column":59},"end":{"line":184,"column":86}}],"line":184},"29":{"loc":{"start":{"line":205,"column":7},"end":{"line":246,"column":null}},"type":"binary-expr","locations":[{"start":{"line":205,"column":7},"end":{"line":205,"column":null}},{"start":{"line":206,"column":8},"end":{"line":246,"column":null}}],"line":205},"30":{"loc":{"start":{"line":237,"column":28},"end":{"line":237,"column":null}},"type":"binary-expr","locations":[{"start":{"line":237,"column":28},"end":{"line":237,"column":47}},{"start":{"line":237,"column":47},"end":{"line":237,"column":67}},{"start":{"line":237,"column":67},"end":{"line":237,"column":88}},{"start":{"line":237,"column":88},"end":{"line":237,"column":null}}],"line":237},"31":{"loc":{"start":{"line":245,"column":11},"end":{"line":246,"column":null}},"type":"binary-expr","locations":[{"start":{"line":245,"column":11},"end":{"line":245,"column":26}},{"start":{"line":245,"column":26},"end":{"line":246,"column":null}}],"line":245},"32":{"loc":{"start":{"line":257,"column":26},"end":{"line":257,"column":null}},"type":"binary-expr","locations":[{"start":{"line":257,"column":26},"end":{"line":257,"column":39}},{"start":{"line":257,"column":39},"end":{"line":257,"column":null}}],"line":257},"33":{"loc":{"start":{"line":267,"column":7},"end":{"line":267,"column":null}},"type":"binary-expr","locations":[{"start":{"line":267,"column":7},"end":{"line":267,"column":20}},{"start":{"line":267,"column":20},"end":{"line":267,"column":null}}],"line":267},"34":{"loc":{"start":{"line":268,"column":7},"end":{"line":268,"column":null}},"type":"binary-expr","locations":[{"start":{"line":268,"column":7},"end":{"line":268,"column":19}},{"start":{"line":268,"column":19},"end":{"line":268,"column":30}},{"start":{"line":268,"column":30},"end":{"line":268,"column":null}}],"line":268},"35":{"loc":{"start":{"line":269,"column":7},"end":{"line":270,"column":null}},"type":"binary-expr","locations":[{"start":{"line":269,"column":7},"end":{"line":269,"column":19}},{"start":{"line":269,"column":19},"end":{"line":269,"column":31}},{"start":{"line":269,"column":31},"end":{"line":269,"column":null}},{"start":{"line":270,"column":8},"end":{"line":270,"column":null}}],"line":269},"36":{"loc":{"start":{"line":277,"column":2},"end":{"line":277,"column":null}},"type":"if","locations":[{"start":{"line":277,"column":2},"end":{"line":277,"column":null}},{"start":{},"end":{}}],"line":277},"37":{"loc":{"start":{"line":324,"column":4},"end":{"line":324,"column":null}},"type":"if","locations":[{"start":{"line":324,"column":4},"end":{"line":324,"column":null}},{"start":{},"end":{}}],"line":324},"38":{"loc":{"start":{"line":329,"column":6},"end":{"line":333,"column":null}},"type":"if","locations":[{"start":{"line":329,"column":6},"end":{"line":333,"column":null}},{"start":{},"end":{}}],"line":329},"39":{"loc":{"start":{"line":331,"column":22},"end":{"line":331,"column":null}},"type":"cond-expr","locations":[{"start":{"line":331,"column":30},"end":{"line":331,"column":66}},{"start":{"line":331,"column":66},"end":{"line":331,"column":null}}],"line":331},"40":{"loc":{"start":{"line":332,"column":8},"end":{"line":332,"column":null}},"type":"if","locations":[{"start":{"line":332,"column":8},"end":{"line":332,"column":null}},{"start":{},"end":{}}],"line":332},"41":{"loc":{"start":{"line":334,"column":6},"end":{"line":338,"column":null}},"type":"if","locations":[{"start":{"line":334,"column":6},"end":{"line":338,"column":null}},{"start":{},"end":{}}],"line":334},"42":{"loc":{"start":{"line":336,"column":22},"end":{"line":336,"column":null}},"type":"cond-expr","locations":[{"start":{"line":336,"column":30},"end":{"line":336,"column":66}},{"start":{"line":336,"column":66},"end":{"line":336,"column":null}}],"line":336},"43":{"loc":{"start":{"line":337,"column":8},"end":{"line":337,"column":null}},"type":"if","locations":[{"start":{"line":337,"column":8},"end":{"line":337,"column":null}},{"start":{},"end":{}}],"line":337},"44":{"loc":{"start":{"line":343,"column":6},"end":{"line":343,"column":null}},"type":"if","locations":[{"start":{"line":343,"column":6},"end":{"line":343,"column":null}},{"start":{},"end":{}}],"line":343},"45":{"loc":{"start":{"line":352,"column":8},"end":{"line":352,"column":null}},"type":"if","locations":[{"start":{"line":352,"column":8},"end":{"line":352,"column":null}},{"start":{},"end":{}}],"line":352},"46":{"loc":{"start":{"line":354,"column":8},"end":{"line":354,"column":null}},"type":"if","locations":[{"start":{"line":354,"column":8},"end":{"line":354,"column":null}},{"start":{},"end":{}}],"line":354},"47":{"loc":{"start":{"line":357,"column":8},"end":{"line":360,"column":null}},"type":"if","locations":[{"start":{"line":357,"column":8},"end":{"line":360,"column":null}},{"start":{},"end":{}}],"line":357},"48":{"loc":{"start":{"line":361,"column":8},"end":{"line":364,"column":null}},"type":"if","locations":[{"start":{"line":361,"column":8},"end":{"line":364,"column":null}},{"start":{},"end":{}}],"line":361},"49":{"loc":{"start":{"line":363,"column":10},"end":{"line":363,"column":null}},"type":"if","locations":[{"start":{"line":363,"column":10},"end":{"line":363,"column":null}},{"start":{},"end":{}}],"line":363},"50":{"loc":{"start":{"line":370,"column":8},"end":{"line":370,"column":null}},"type":"if","locations":[{"start":{"line":370,"column":8},"end":{"line":370,"column":null}},{"start":{},"end":{}}],"line":370},"51":{"loc":{"start":{"line":372,"column":8},"end":{"line":372,"column":null}},"type":"if","locations":[{"start":{"line":372,"column":8},"end":{"line":372,"column":null}},{"start":{},"end":{}}],"line":372},"52":{"loc":{"start":{"line":375,"column":8},"end":{"line":378,"column":null}},"type":"if","locations":[{"start":{"line":375,"column":8},"end":{"line":378,"column":null}},{"start":{},"end":{}}],"line":375},"53":{"loc":{"start":{"line":379,"column":8},"end":{"line":382,"column":null}},"type":"if","locations":[{"start":{"line":379,"column":8},"end":{"line":382,"column":null}},{"start":{},"end":{}}],"line":379},"54":{"loc":{"start":{"line":381,"column":10},"end":{"line":381,"column":null}},"type":"if","locations":[{"start":{"line":381,"column":10},"end":{"line":381,"column":null}},{"start":{},"end":{}}],"line":381},"55":{"loc":{"start":{"line":389,"column":4},"end":{"line":392,"column":null}},"type":"if","locations":[{"start":{"line":389,"column":4},"end":{"line":392,"column":null}},{"start":{},"end":{}}],"line":389},"56":{"loc":{"start":{"line":408,"column":4},"end":{"line":408,"column":null}},"type":"if","locations":[{"start":{"line":408,"column":4},"end":{"line":408,"column":null}},{"start":{},"end":{}}],"line":408},"57":{"loc":{"start":{"line":411,"column":16},"end":{"line":411,"column":35}},"type":"binary-expr","locations":[{"start":{"line":411,"column":16},"end":{"line":411,"column":31}},{"start":{"line":411,"column":31},"end":{"line":411,"column":35}}],"line":411},"58":{"loc":{"start":{"line":411,"column":43},"end":{"line":411,"column":null}},"type":"binary-expr","locations":[{"start":{"line":411,"column":43},"end":{"line":411,"column":58}},{"start":{"line":411,"column":58},"end":{"line":411,"column":null}}],"line":411},"59":{"loc":{"start":{"line":412,"column":17},"end":{"line":412,"column":37}},"type":"binary-expr","locations":[{"start":{"line":412,"column":17},"end":{"line":412,"column":33}},{"start":{"line":412,"column":33},"end":{"line":412,"column":37}}],"line":412},"60":{"loc":{"start":{"line":412,"column":48},"end":{"line":412,"column":null}},"type":"binary-expr","locations":[{"start":{"line":412,"column":48},"end":{"line":412,"column":66}},{"start":{"line":412,"column":66},"end":{"line":412,"column":null}}],"line":412},"61":{"loc":{"start":{"line":413,"column":16},"end":{"line":413,"column":34}},"type":"binary-expr","locations":[{"start":{"line":413,"column":16},"end":{"line":413,"column":31}},{"start":{"line":413,"column":31},"end":{"line":413,"column":34}}],"line":413},"62":{"loc":{"start":{"line":413,"column":50},"end":{"line":413,"column":null}},"type":"binary-expr","locations":[{"start":{"line":413,"column":50},"end":{"line":413,"column":73}},{"start":{"line":413,"column":73},"end":{"line":413,"column":null}}],"line":413},"63":{"loc":{"start":{"line":414,"column":22},"end":{"line":414,"column":46}},"type":"binary-expr","locations":[{"start":{"line":414,"column":22},"end":{"line":414,"column":43}},{"start":{"line":414,"column":43},"end":{"line":414,"column":46}}],"line":414},"64":{"loc":{"start":{"line":414,"column":53},"end":{"line":414,"column":null}},"type":"binary-expr","locations":[{"start":{"line":414,"column":53},"end":{"line":414,"column":67}},{"start":{"line":414,"column":67},"end":{"line":414,"column":null}}],"line":414},"65":{"loc":{"start":{"line":415,"column":21},"end":{"line":415,"column":null}},"type":"binary-expr","locations":[{"start":{"line":415,"column":21},"end":{"line":415,"column":41}},{"start":{"line":415,"column":41},"end":{"line":415,"column":null}}],"line":415},"66":{"loc":{"start":{"line":416,"column":74},"end":{"line":416,"column":null}},"type":"binary-expr","locations":[{"start":{"line":416,"column":74},"end":{"line":416,"column":97}},{"start":{"line":416,"column":97},"end":{"line":416,"column":null}}],"line":416},"67":{"loc":{"start":{"line":417,"column":21},"end":{"line":417,"column":null}},"type":"binary-expr","locations":[{"start":{"line":417,"column":21},"end":{"line":417,"column":41}},{"start":{"line":417,"column":41},"end":{"line":417,"column":null}}],"line":417},"68":{"loc":{"start":{"line":418,"column":77},"end":{"line":418,"column":null}},"type":"binary-expr","locations":[{"start":{"line":418,"column":77},"end":{"line":418,"column":101}},{"start":{"line":418,"column":101},"end":{"line":418,"column":null}}],"line":418},"69":{"loc":{"start":{"line":419,"column":22},"end":{"line":419,"column":null}},"type":"binary-expr","locations":[{"start":{"line":419,"column":22},"end":{"line":419,"column":43}},{"start":{"line":419,"column":43},"end":{"line":419,"column":null}}],"line":419},"70":{"loc":{"start":{"line":420,"column":16},"end":{"line":420,"column":37}},"type":"binary-expr","locations":[{"start":{"line":420,"column":16},"end":{"line":420,"column":31}},{"start":{"line":420,"column":31},"end":{"line":420,"column":37}}],"line":420},"71":{"loc":{"start":{"line":420,"column":54},"end":{"line":420,"column":null}},"type":"binary-expr","locations":[{"start":{"line":420,"column":54},"end":{"line":420,"column":78}},{"start":{"line":420,"column":78},"end":{"line":420,"column":null}}],"line":420},"72":{"loc":{"start":{"line":421,"column":22},"end":{"line":421,"column":49}},"type":"binary-expr","locations":[{"start":{"line":421,"column":22},"end":{"line":421,"column":43}},{"start":{"line":421,"column":43},"end":{"line":421,"column":49}}],"line":421},"73":{"loc":{"start":{"line":421,"column":58},"end":{"line":421,"column":null}},"type":"binary-expr","locations":[{"start":{"line":421,"column":58},"end":{"line":421,"column":74}},{"start":{"line":421,"column":74},"end":{"line":421,"column":null}}],"line":421},"74":{"loc":{"start":{"line":422,"column":17},"end":{"line":422,"column":39}},"type":"binary-expr","locations":[{"start":{"line":422,"column":17},"end":{"line":422,"column":33}},{"start":{"line":422,"column":33},"end":{"line":422,"column":39}}],"line":422},"75":{"loc":{"start":{"line":422,"column":49},"end":{"line":422,"column":null}},"type":"binary-expr","locations":[{"start":{"line":422,"column":49},"end":{"line":422,"column":66}},{"start":{"line":422,"column":66},"end":{"line":422,"column":null}}],"line":422},"76":{"loc":{"start":{"line":423,"column":17},"end":{"line":423,"column":null}},"type":"binary-expr","locations":[{"start":{"line":423,"column":17},"end":{"line":423,"column":33}},{"start":{"line":423,"column":33},"end":{"line":423,"column":null}}],"line":423},"77":{"loc":{"start":{"line":426,"column":16},"end":{"line":426,"column":null}},"type":"binary-expr","locations":[{"start":{"line":426,"column":16},"end":{"line":426,"column":36}},{"start":{"line":426,"column":36},"end":{"line":426,"column":null}}],"line":426},"78":{"loc":{"start":{"line":427,"column":21},"end":{"line":427,"column":null}},"type":"binary-expr","locations":[{"start":{"line":427,"column":21},"end":{"line":427,"column":49}},{"start":{"line":427,"column":49},"end":{"line":427,"column":null}}],"line":427},"79":{"loc":{"start":{"line":428,"column":22},"end":{"line":428,"column":null}},"type":"binary-expr","locations":[{"start":{"line":428,"column":22},"end":{"line":428,"column":51}},{"start":{"line":428,"column":51},"end":{"line":428,"column":null}}],"line":428},"80":{"loc":{"start":{"line":429,"column":17},"end":{"line":429,"column":null}},"type":"binary-expr","locations":[{"start":{"line":429,"column":17},"end":{"line":429,"column":38}},{"start":{"line":429,"column":38},"end":{"line":429,"column":null}}],"line":429},"81":{"loc":{"start":{"line":430,"column":18},"end":{"line":430,"column":null}},"type":"binary-expr","locations":[{"start":{"line":430,"column":18},"end":{"line":430,"column":40}},{"start":{"line":430,"column":40},"end":{"line":430,"column":null}}],"line":430},"82":{"loc":{"start":{"line":431,"column":17},"end":{"line":431,"column":null}},"type":"binary-expr","locations":[{"start":{"line":431,"column":17},"end":{"line":431,"column":38}},{"start":{"line":431,"column":38},"end":{"line":431,"column":null}}],"line":431},"83":{"loc":{"start":{"line":438,"column":4},"end":{"line":441,"column":null}},"type":"if","locations":[{"start":{"line":438,"column":4},"end":{"line":441,"column":null}},{"start":{},"end":{}}],"line":438},"84":{"loc":{"start":{"line":447,"column":8},"end":{"line":447,"column":null}},"type":"if","locations":[{"start":{"line":447,"column":8},"end":{"line":447,"column":null}},{"start":{},"end":{}}],"line":447},"85":{"loc":{"start":{"line":450,"column":8},"end":{"line":450,"column":null}},"type":"if","locations":[{"start":{"line":450,"column":8},"end":{"line":450,"column":null}},{"start":{},"end":{}}],"line":450},"86":{"loc":{"start":{"line":453,"column":8},"end":{"line":453,"column":null}},"type":"if","locations":[{"start":{"line":453,"column":8},"end":{"line":453,"column":null}},{"start":{},"end":{}}],"line":453},"87":{"loc":{"start":{"line":462,"column":19},"end":{"line":462,"column":null}},"type":"binary-expr","locations":[{"start":{"line":462,"column":19},"end":{"line":462,"column":40}},{"start":{"line":462,"column":40},"end":{"line":462,"column":null}}],"line":462},"88":{"loc":{"start":{"line":463,"column":50},"end":{"line":463,"column":85}},"type":"cond-expr","locations":[{"start":{"line":463,"column":63},"end":{"line":463,"column":82}},{"start":{"line":463,"column":82},"end":{"line":463,"column":85}}],"line":463},"89":{"loc":{"start":{"line":473,"column":45},"end":{"line":473,"column":66}},"type":"binary-expr","locations":[{"start":{"line":473,"column":45},"end":{"line":473,"column":59}},{"start":{"line":473,"column":59},"end":{"line":473,"column":66}}],"line":473},"90":{"loc":{"start":{"line":478,"column":63},"end":{"line":478,"column":84}},"type":"binary-expr","locations":[{"start":{"line":478,"column":63},"end":{"line":478,"column":81}},{"start":{"line":478,"column":81},"end":{"line":478,"column":84}}],"line":478},"91":{"loc":{"start":{"line":486,"column":6},"end":{"line":492,"column":null}},"type":"if","locations":[{"start":{"line":486,"column":6},"end":{"line":492,"column":null}},{"start":{"line":489,"column":13},"end":{"line":492,"column":null}}],"line":486},"92":{"loc":{"start":{"line":494,"column":6},"end":{"line":494,"column":null}},"type":"if","locations":[{"start":{"line":494,"column":6},"end":{"line":494,"column":null}},{"start":{},"end":{}}],"line":494},"93":{"loc":{"start":{"line":500,"column":2},"end":{"line":500,"column":null}},"type":"if","locations":[{"start":{"line":500,"column":2},"end":{"line":500,"column":null}},{"start":{},"end":{}}],"line":500},"94":{"loc":{"start":{"line":502,"column":25},"end":{"line":503,"column":null}},"type":"binary-expr","locations":[{"start":{"line":502,"column":25},"end":{"line":502,"column":null}},{"start":{"line":503,"column":4},"end":{"line":503,"column":null}}],"line":502},"95":{"loc":{"start":{"line":503,"column":45},"end":{"line":503,"column":122}},"type":"cond-expr","locations":[{"start":{"line":503,"column":76},"end":{"line":503,"column":103}},{"start":{"line":503,"column":103},"end":{"line":503,"column":122}}],"line":503},"96":{"loc":{"start":{"line":511,"column":11},"end":{"line":511,"column":null}},"type":"cond-expr","locations":[{"start":{"line":511,"column":20},"end":{"line":511,"column":50}},{"start":{"line":511,"column":50},"end":{"line":511,"column":null}}],"line":511},"97":{"loc":{"start":{"line":525,"column":55},"end":{"line":5
[...]
"51":[4,0],"52":[1,3],"53":[2,2],"54":[2,0],"55":[0,2],"56":[35,9],"57":[9,0],"58":[9,0],"59":[9,0],"60":[9,9],"61":[9,9],"62":[9,9],"63":[9,9],"64":[9,0],"65":[9,0],"66":[9,0],"67":[9,0],"68":[9,0],"69":[9,0],"70":[9,0],"71":[9,0],"72":[9,0],"73":[9,0],"74":[9,9],"75":[9,9],"76":[9,0],"77":[9,0],"78":[9,0],"79":[9,0],"80":[9,9],"81":[9,9],"82":[9,0],"83":[44,9],"84":[9,0],"85":[0,0],"86":[9,0],"87":[4,2],"88":[2,2],"89":[0,0],"90":[1,0],"91":[0,4],"92":[1,0],"93":[18,128],"94":[1155,1],"95":[1,0],"96":[21,107],"97":[0,128],"98":[146,107],"99":[0,0],"100":[0,128],"101":[0,0],"102":[0,128],"103":[146,107],"104":[0,0],"105":[2,0],"106":[0,128],"107":[146,107],"108":[0,128],"109":[146,4],"110":[146,1],"111":[0,0],"112":[1,0],"113":[146,3],"114":[0,0],"115":[146,4],"116":[21,107]},"meta":{"lastBranch":117,"lastFunction":110,"lastStatement":321,"seen":{"s:10:23:15:Infinity":0,"f:18:9:18:27":0,"s:19:15:19:Infinity":1,"s:20:17:20:Infinity":2,"s:21:16:21:Infinity":3,"s:23:21:35:Infinity":4,"f:23:21:23:33":1,"b:24:4:24:Infinity:undefined:undefined:undefined:undefined":0,"s:24:4:24:Infinity":5,"s:24:22:24:Infinity":6,"s:25:4:25:Infinity":7,"s:26:4:26:Infinity":8,"s:27:4:34:Infinity":9,"s:28:23:28:Infinity":10,"s:29:6:29:Infinity":11,"s:31:6:31:Infinity":12,"b:31:15:31:46:31:46:31:74":1,"s:33:6:33:Infinity":13,"s:37:2:54:Infinity":14,"f:45:10:45:20":2,"s:45:25:45:Infinity":15,"f:46:10:46:21":3,"s:46:26:46:Infinity":16,"b:46:26:46:47:46:47:46:Infinity":2,"b:48:89:48:99:48:99:48:Infinity":3,"b:49:20:49:26:49:26:49:Infinity":4,"b:53:7:53:16:53:16:54:Infinity":5,"f:58:9:58:21":4,"b:58:44:58:65":6,"b:58:126:58:133":7,"b:58:145:58:152":8,"b:58:165:58:173":9,"s:59:16:59:Infinity":17,"b:59:37:59:53:59:53:59:55":10,"s:60:18:60:Infinity":18,"s:61:15:61:Infinity":19,"s:62:8:62:Infinity":20,"s:64:2:64:Infinity":21,"f:64:2:64:18":5,"s:64:20:64:50":22,"b:64:29:64:45:64:45:64:47":11,"s:66:8:76:Infinity":23,"f:66:8:66:24":6,"s:67:14:67:Infinity":24,"s:68:4:68:Infinity":25,"s:69:4:69:Infinity":26,"b:70:4:70:Infinity:undefined:undefined:undefined:undefined":12,"s:70:4:70:Infinity":27,"s:70:24:70:40":28,"s:70:40:70:56":29,"s:70:56:70:64":30,"s:71:4:75:Infinity":31,"f:71:31:71:43":7,"s:72:19:72:Infinity":32,"s:73:6:73:Infinity":33,"s:74:6:74:Infinity":34,"s:78:8:83:Infinity":35,"f:78:8:78:16":8,"s:79:4:79:Infinity":36,"s:80:4:80:Infinity":37,"s:81:4:81:Infinity":38,"s:82:4:82:Infinity":39,"s:85:8:89:Infinity":40,"f:85:8:85:22":9,"s:86:4:86:Infinity":41,"s:87:4:87:Infinity":42,"s:88:4:88:Infinity":43,"s:91:2:133:Infinity":44,"b:93:7:93:Infinity:94:8:99:7":13,"b:95:18:95:30:95:30:95:Infinity":14,"b:103:50:103:66:103:66:103:Infinity":15,"f:107:12:107:27":10,"s:107:27:107:Infinity":45,"b:107:27:107:45:107:45:107:Infinity":16,"f:108:12:108:26":11,"s:108:26:108:Infinity":46,"f:108:26:108:43":12,"s:108:43:108:59":47,"b:111:11:111:Infinity:112:12:116:Infinity":17,"b:117:9:117:17:117:17:117:Infinity:118:10:132:Infinity":18,"f:119:21:119:25":13,"s:120:14:128:Infinity":48,"f:124:16:124:35":14,"s:124:35:124:Infinity":49,"b:127:17:127:31:127:31:128:Infinity":19,"f:137:9:137:30":15,"s:138:25:138:Infinity":50,"s:139:21:139:Infinity":51,"s:140:26:140:Infinity":52,"s:141:22:141:Infinity":53,"s:142:24:142:Infinity":54,"s:143:8:143:Infinity":55,"s:144:22:144:Infinity":56,"s:146:2:153:Infinity":57,"f:146:2:146:18":16,"b:147:4:147:Infinity:undefined:undefined:undefined:undefined":20,"s:147:4:147:Infinity":58,"b:147:8:147:26:147:26:147:44":21,"s:147:44:147:Infinity":59,"s:148:15:148:Infinity":60,"b:149:4:152:Infinity:undefined:undefined:undefined:undefined":22,"s:149:4:152:Infinity":61,"s:150:6:150:Infinity":62,"s:151:6:151:Infinity":63,"s:155:8:170:Infinity":64,"f:155:8:155:25":17,"s:156:22:156:Infinity":65,"s:157:23:157:Infinity":66,"s:158:15:160:Infinity":67,"b:159:8:159:Infinity:160:8:160:Infinity":23,"f:159:20:159:28":18,"s:159:35:159:51":68,"b:162:4:167:Infinity:undefined:undefined:undefined:undefined":24,"s:162:4:167:Infinity":69,"b:162:8:162:23:162:23:162:38":25,"s:163:22:165:Infinity":70,"f:164:9:164:17":19,"s:164:26:164:52":71,"f:165:9:165:14":20,"s:165:23:165:38":72,"s:166:6:166:Infinity":73,"s:169:4:169:Infinity":74,"s:172:30:188:Infinity":75,"f:172:30:172:42":21,"b:173:4:173:Infinity:undefined:undefined:undefined:undefined":26,"s:173:4:173:Infinity":76,"b:173:8:173:21:173:21:173:41:173:41:173:62:173:62:173:81":27,"s:173:81:173:Infinity":77,"s:174:4:174:Infinity":78,"s:175:4:175:Infinity":79,"s:176:4:187:Infinity":80,"s:177:23:177:Infinity":81,"s:178:6:178:Infinity":82,"s:179:6:179:Infinity":83,"s:180:6:180:Infinity":84,"s:181:6:181:Infinity":85,"s:183:23:183:Infinity":86,"s:184:6:184:Infinity":87,"b:184:32:184:59:184:59:184:86":28,"s:186:6:186:Infinity":88,"s:190:2:272:Infinity":89,"f:200:10:200:25":22,"s:200:25:200:Infinity":90,"f:200:25:200:44":23,"s:200:56:200:64":91,"b:205:7:205:Infinity:206:8:246:Infinity":29,"f:213:16:213:27":24,"s:213:33:213:Infinity":92,"f:222:16:222:27":25,"s:222:33:222:Infinity":93,"f:231:18:231:29":26,"s:231:35:231:Infinity":94,"b:237:28:237:47:237:47:237:67:237:67:237:88:237:88:237:Infinity":30,"b:245:11:245:26:245:26:246:Infinity":31,"f:249:18:249:23":27,"s:250:28:250:Infinity":95,"s:251:10:263:Infinity":96,"b:257:26:257:39:257:39:257:Infinity":32,"f:258:16:258:32":28,"s:258:32:258:Infinity":97,"b:267:7:267:20:267:20:267:Infinity":33,"b:268:7:268:19:268:19:268:30:268:30:268:Infinity":34,"b:269:7:269:19:269:19:269:31:269:31:269:Infinity:270:8:270:Infinity":35,"f:276:9:276:18":29,"b:277:2:277:Infinity:undefined:undefined:undefined:undefined":36,"s:277:2:277:Infinity":98,"s:277:14:277:Infinity":99,"s:278:2:281:Infinity":100,"f:280:5:280:10":30,"s:280:17:280:26":101,"s:284:14:294:Infinity":102,"s:296:22:298:Infinity":103,"f:300:24:300:39":31,"s:301:10:301:Infinity":104,"s:302:8:302:Infinity":105,"s:303:17:303:Infinity":106,"s:305:15:305:Infinity":107,"s:306:18:306:Infinity":108,"s:307:17:307:Infinity":109,"s:308:25:308:Infinity":110,"s:309:32:309:Infinity":111,"s:310:17:310:Infinity":112,"s:311:22:311:Infinity":113,"s:312:25:312:Infinity":114,"s:313:26:313:Infinity":115,"s:315:8:315:Infinity":116,"s:316:8:316:Infinity":117,"s:318:8:318:Infinity":118,"s:319:8:319:Infinity":119,"s:320:8:320:Infinity":120,"s:321:8:321:Infinity":121,"s:323:2:386:Infinity":122,"f:323:2:323:18":32,"b:324:4:324:Infinity:undefined:undefined:undefined:undefined":37,"s:324:4:324:Infinity":123,"s:324:21:324:Infinity":124,"s:326:20:326:Infinity":125,"s:328:21:340:Infinity":126,"f:328:21:328:28":33,"b:329:6:333:Infinity:undefined:undefined:undefined:undefined":38,"s:329:6:333:Infinity":127,"s:330:25:330:Infinity":128,"f:330:88:330:101":34,"s:330:101:330:114":129,"s:331:22:331:Infinity":130,"b:331:30:331:66:331:66:331:Infinity":39,"f:331:35:331:40":35,"s:331:45:331:62":131,"b:332:8:332:Infinity:undefined:undefined:undefined:undefined":40,"s:332:8:332:Infinity":132,"s:332:19:332:Infinity":133,"b:334:6:338:Infinity:undefined:undefined:undefined:undefined":41,"s:334:6:338:Infinity":134,"s:335:25:335:Infinity":135,"f:335:93:335:106":36,"s:335:106:335:119":136,"s:336:22:336:Infinity":137,"b:336:30:336:66:336:66:336:Infinity":42,"f:336:35:336:40":37,"s:336:45:336:62":138,"b:337:8:337:Infinity:undefined:undefined:undefined:undefined":43,"s:337:8:337:Infinity":139,"s:337:19:337:Infinity":140,"s:339:6:339:Infinity":141,"s:342:4:384:Infinity":142,"f:342:21:342:32":38,"b:343:6:343:Infinity:undefined:undefined:undefined:undefined":44,"s:343:6:343:Infinity":143,"s:343:21:343:Infinity":144,"s:344:22:347:Infinity":145,"s:349:23:349:Infinity":146,"s:350:6:365:Infinity":147,"f:350:44:350:56":39,"s:351:22:351:Infinity":148,"b:352:8:352:Infinity:undefined:undefined:undefined:undefined":45,"s:352:8:352:Infinity":149,"s:352:29:352:Infinity":150,"s:353:14:353:Infinity":151,"b:354:8:354:Infinity:undefined:undefined:undefined:undefined":46,"s:354:8:354:Infinity":152,"s:354:31:354:Infinity":153,"s:355:8:355:Infinity":154,"s:356:21:356:Infinity":155,"b:357:8:360:Infinity:undefined:undefined:undefined:undefined":47,"s:357:8:360:Infinity":156,"s:358:10:358:Infinity":157,"f:358:10:358:18":40,"s:358:24:358:55":158,"s:359:10:359:Infinity":159,"b:361:8:364:Infinity:undefined:undefined:undefined:undefined":48,"s:361:8:364:Infinity":160,"s:362:24:362:Infinity":161,"b:363:10:363:Infinity:undefined:undefined:undefined:undefined":49,"s:363:10:363:Infinity":162,"s:363:21:363:Infinity":163,"s:367:24:367:Infinity":164,"s:368:6:383:Infinity":165,"f:368:45:368:57":41,"s:369:22:369:Infinity":166,"b:370:8:370:Infinity:undefined:undefined:undefined:undefined":50,"s:370:8:370:Infinity":167,"s:370:29:370:Infinity":168,"s:371:14:371:Infinity":169,"b:372:8:372:Infinity:undefined:undefined:undefined:undefined":51,"s:372:8:372:Infinity":170,"s:372:31:372:Infinity":171,"s:373:8:373:Infinity":172,"s:374:21:374:Infinity":173,"b:375:8:378:Infinity:undefined:undefined:undefined:undefined":52,"s:375:8:378:Infinity":174,"s:376:10:376:Infinity":175,"f:376:10:376:18":42,"s:376:24:376:56":176,"s:377:10:377:Infinity":177,"b:379:8:382:Infinity:undefined:undefined:undefined:undefined":53,"s:379:8:382:Infinity":178,"s:380:24:380:Infinity":179,"b:381:10:381:Infinity:undefined:undefined:undefined:undefined":54,"s:381:10:381:Infinity":180,"s:381:21:381:Infinity":181,"s:385:4:385:Infinity":182,"f:385:4:385:17":43,"s:385:19:385:37":183,"s:388:29:405:Infinity":184,"f:388:29:388:36":44,"b:389:4:392:Infinity:undefined:undefined:undefined:undefined":55,"s:389:4:392:Infinity":185,"s:390:6:390:Infinity":186,"s:391:6:391:Infinity":187,"s:394:4:394:Infinity":188,"s:395:4:404:Infinity":189,"s:396:23:396:Infinity":190,"s:397:6:397:Infinity":191,"s:398:6:398:Infinity":192,"s:400:6:400:Infinity":193,"s:401:6:401:Infinity":194,"s:403:6:403:Infinity":195,"s:407:2:435:Infinity":196,"f:407:2:407:18":45,"b:408:4:408:Infinity:undefined:undefined:undefined:undefined":56,"s:408:4:408:Infinity":197,"s:408:17:408:Infinity":198,"s:409:4:434:Infinity":199,"f:409:25:409:31":46,"s:410:6:424:Infinity":200,"b:411:16:411:31:411:31:411:35":57,"b:411:43:411:58:411:58:411:Infinity":58,"b:412:17:412:33:412:33:412:37":59,"b:412:48:412:66:412:66:412:Infinity":60,"b:413:16:413:31:413:31:413:34":61,"b:413:50:413:73:413:73:413:Infinity":62,"b:414:22:414:43:414:43:414:46":63,"b:414:53:414:67:414:67:414:Infinity":64,"b:415:21:415:41:415:41:415:Infinity":65,"b:416:74:416:97:416:97:416:Infinity":66,"b:417:21:417:41:417:41:417:Infinity":67,"b:418:77:418:101:418:101:418:Infinity":68,"b:419:22:419:43:419:43:419:Infinity":69,"b:420:16:420:31:420:31:420:37":70,"b:420:54:420:78:420:78:420:Infinity":71,"b:421:22:421:43:421:43:421:49":72,"b:421:58:421:74:421:74:421:Infinity":73,"b:422:17:422:33:422:33:422:39":74,"b:422:49:422:66:422:66:422:Infinity":75,"b:423:17:423:33:423:33:423:Infinity":76,"s:425:6:432:Infinity":201,"b:426:16:426:36:426:36:426:Infinity":77,"b:427:21:427:49:427:49:427:Infinity":78,"b:428:22:428:51:428:51:428:Infinity":79,"b:429:17:429:38:429:38:429:Infinity":80,"b:430:18:430:40:430:40:430:Infinity":81,"b:431:17:431:38:431:38:431:Infinity":82,"s:433:6:433:Infinity":202,"s:437:2:457:Infinity":203,"f:437:2:437:18":47,"b:438:4:441:Infinity:undefined:undefined:undefined:undefined":83,"s:438:4:441:Infinity":204,"s:439:6:439:Infinity":205,"s:440:6:440:Infinity":206,"s:443:20:443:Infinity":207,"s:444:4:444:Infinity":208,"s:445:4:454:Infinity":209,"f:446:7:446:13":48,"b:447:8:447:Infinity:undefined:undefined:undefined:undefined":84,"s:447:8:447:Infinity":210,"s:447:24:447:Infinity":211,"f:449:7:449:19":49,"b:450:8:450:Infinity:undefined:undefined:undefined:undefined":85,"s:450:8:450:Infinity":212,"s:450:24:450:Infinity":213,"f:452:7:452:21":50,"b:453:8:453:Infinity:undefined:undefined:undefined:undefined":86,"s:453:8:453:Infinity":214,"s:453:24:453:Infinity":215,"s:456:4:456:Infinity":216,"f:456:4:456:17":51,"s:456:19:456:37":217,"s:459:8:459:Infinity":218,"f:459:8:459:15":52,"s:459:32:459:Infinity":219,"f:459:32:459:40":53,"s:459:46:459:71":220,"s:460:8:460:Infinity":221,"f:460:8:460:19":54,"s:460:36:460:Infinity":222,"f:460:36:460:47":55,"s:460:53:460:78":223,"s:461:8:464:Infinity":224,"f:461:8:461:21":56,"s:462:19:462:Infinity":225,"b:462:19:462:40:462:40:462:Infinity":87,"s:463:4:463:Infinity":226,"f:463:4:463:12":57,"s:463:18:463:87":227,"b:463:63:463:82:463:82:463:85":88,"s:466:23:469:Infinity":228,"f:466:23:466:30":58,"s:467:21:467:Infinity":229,"s:468:4:468:Infinity":230,"f:468:16:468:20":59,"s:468:26:468:88":231,"s:471:24:474:Infinity":232,"f:471:24:471:31":60,"s:472:21:472:Infinity":233,"s:473:4:473:Infinity":234,"f:473:16:473:20":61,"s:473:26:473:68":235,"b:473:45:473:59:473:59:473:66":89,"s:476:25:479:Infinity":236,"f:476:25:476:32":62,"s:477:21:477:Infinity":237,"f:477:83:477:96":63,"s:477:96:477:109":238,"s:478:4:478:Infinity":239,"f:478:16:478:20":64,"s:478:26:478:86":240,"b:478:63:478:81:478:81:478:84":90,"s:481:23:498:Infinity":241,"f:481:23:481:30":65,"s:482:4:482:Infinity":242,"s:483:4:483:Infinity":243,"s:484:4:484:Infinity":244,"s:485:4:497:Infinity":245,"b:486:6:492:Infinity:489:13:492:Infinity":91,"s:486:6:492:Infinity":246,"s:487:8:487:Infinity":247,"s:488:8:488:Infinity":248,"s:490:25:490:Infinity":249,"s:491:8:491:Infinity":250,"b:494:6:494:Infinity:undefined:undefined:undefined:undefined":92,"s:494:6:494:Infinity":251,"s:494:30:494:Infinity":252,"s:496:6:496:Infinity":253,"b:500:2:500:Infinity:undefined:undefined:undefined:undefined":93,"s:500:2:500:Infinity":254,"s:500:19:500:Infinity":255,"s:502:8:503:Infinity":256,"f:502:8:502:15":66,"s:502:25:503:Infinity":257,"b:502:25:502:Infinity:503:4:503:Infinity":94,"b:503:76:503:103:503:103:503:122":95,"s:506:2:786:Infinity":258,"b:511:20:511:50:511:50:511:Infinity":96,"f:513:75:513:90":67,"s:513:90:513:Infinity":259,"b:525:72:525:87:525:87:525:Infinity":97,"b:526:21:526:37:526:37:526:Infinity":98,"f:527:14:527:24":68,"s:527:29:527:Infinity":260,"b:527:44:527:62:527:62:527:66":99,"f:531:24:531:28":69,"s:531:33:531:82":261,"b:539:73:539:88:539:88:539:Infinity":100,"f:541:14:541:24":70,"s:541:29:541:Infinity":262,"f:549:14:549:24":71,"s:549:29:549:77":263,"b:549:43:549:73:549:73:549:74":101,"b:553:105:553:120:553:120:553:Infinity":102,"f:554:35:554:45":72,"s:554:50:554:82":264,"b:563:66:563:87:563:87:563:91":103,"f:563:91:563:101":73,"s:563:106:563:151":265,"b:563:126:563:144:563:144:563:148":104,"f:565:28:565:32":74,"s:565:37:565:103":266,"f:575:14:575:24":75,"s:575:34:575:58":267,"s:575:58:575:86":268,"s:575:86:575:117":269,"f:576:14:576:29":76,"s:576:31:576:52":270,"s:576:52:576:80":271,"s:576:80:576:103":272,"f:585:14:585:25":77,"s:585:35:585:Infinity":273,"f:586:32:586:39":78,"s:587:33:587:Infinity":274,"b:588:16:590:Infinity:undefined:undefined:undefined:undefined":105,"s:588:16:590:Infinity":275,"f:588:30:588:36":79,"s:588:45:588:83":276,"s:589:18:589:Infinity":277,"f:589:18:589:37":80,"s:589:49:589:70":278,"s:591:16:597:Infinity":279,"f:591:16:591:25":81,"s:591:38:597:18":280,"f:608:14:608:24":82,"s:608:29:608:68":281,"f:613:14:613:24":83,"s:613:29:613:69":282,"f:626:14:626:24":84,"s:626:34:626:63":283,"s:626:63:626:99":284,"f:627:14:627:29":85,"s:627:31:627:57":285,"s:627:57:627:85":286,"f:638:14:638:24":86,"s:638:34:638:64":287,"s:638:64:638:101":288,"f:639:14:639:29":87,"s:639:31:639:58":289,"s:639:58:639:87":290,"f:651:14:651:24":88,"s:651:29:651:Infinity":291,"b:653:78:653:93:653:93:653:Infinity":106,"f:661:14:661:24":89,"s:661:29:661:Infinity":292,"b:663:23:663:43:663:43:663:Infinity":107,"b:664:79:664:94:664:94:664:Infinity":108,"f:679:14:679:24":90,"s:679:34:679:59":293,"s:679:59:679:91":294,"f:680:14:680:29":91,"s:680:31:680:53":295,"s:680:53:680:77":296,"f:685:39:685:54":92,"s:685:54:685:Infinity":297,"f:685:54:685:72":93,"s:685:77:685:79":298,"b:690:13:690:Infinity:691:14:694:Infinity":109,"f:692:16:692:24":94,"s:692:33:692:57":299,"s:692:57:692:87":300,"s:692:87:692:113":301,"f:693:16:693:32":95,"s:693:32:693:Infinity":302,"f:705:14:705:24":96,"s:705:34:705:60":303,"s:705:60:705:93":304,"f:706:14:706:29":97,"s:706:31:706:54":305,"s:706:54:706:79":306,"f:711:39:711:54":98,"s:711:54:711:Infinity":307,"f:711:54:711:73":99,"s:711:78:711:80":308,"b:716:13:716:Infinity:717:14:720:Infinity":110,"f:718:16:718:24":100,"s:718:33:718:58":309,"s:718:58:718:89":310,"s:718:89:718:116":311,"f:719:16:719:32":101,"s:719:32:719:Infinity":312,"f:736:14:736:24":102,"s:736:29:736:83":313,"b:736:48:736:78:736:78:736:79":111,"f:741:14:741:24":103,"s:741:29:741:81":314,"b:741:46:741:76:741:76:741:77":112,"f:746:14:746:24":104,"s:746:29:746:57":315,"b:748:11:748:Infinity:749:12:756:Infinity":113,"f:752:16:752:26":105,"s:752:31:752:Infinity":316,"f:753:32:753:36":106,"s:753:41:753:97":317,"f:761:14:761:24":107,"s:761:29:761:84":318,"b:761:49:761:79:761:79:761:80":114,"f:770:35:770:45":108,"s:770:50:770:83":319,"b:777:13:777:23:777:23:778:22":115,"b:778:22:778:39:778:39:778:Infinity":116,"f:780:67:780:82":109,"s:780:82:780:102":320},"fnNames":{}}}
,"/Users/gago/Work/Jobee/jems/jems-web-zero/src/utils/dates.js": {"path":"/Users/gago/Work/Jobee/jems/jems-web-zero/src/utils/dates.js","statementMap":{"0":{"start":{"line":1,"column":12},"end":{"line":1,"column":null}},"1":{"start":{"line":11,"column":2},"end":{"line":11,"column":null}},"2":{"start":{"line":11,"column":15},"end":{"line":11,"column":null}},"3":{"start":{"line":12,"column":2},"end":{"line":12,"column":null}},"4":{"start":{"line":12,"column":54},"end":{"line":12,"column":null}},"5":{"start":{"line":14,"column":15},"end":{"line":14,"column":null}},"6":{"start":{"line":15,"column":2},"end":{"line":15,"column":null}},"7":{"start":{"line":15,"column":29},"end":{"line":15,"column":null}},"8":{"start":{"line":17,"column":16},"end":{"line":25,"column":null}},"9":{"start":{"line":27,"column":12},"end":{"line":27,"column":null}},"10":{"start":{"line":27,"column":62},"end":{"line":27,"column":75}},"11":{"start":{"line":28,"column":15},"end":{"line":28,"column":null}},"12":{"start":{"line":29,"column":2},"end":{"line":29,"column":null}}},"fnMap":{"0":{"name":"utcIsoToEtDisplay","decl":{"start":{"line":10,"column":16},"end":{"line":10,"column":34}},"loc":{"start":{"line":10,"column":42},"end":{"line":30,"column":null}},"line":10},"1":{"name":"(anonymous_1)","decl":{"start":{"line":27,"column":37},"end":{"line":27,"column":42}},"loc":{"start":{"line":27,"column":62},"end":{"line":27,"column":75}},"line":27}},"branchMap":{"0":{"loc":{"start":{"line":11,"column":2},"end":{"line":11,"column":null}},"type":"if","locations":[{"start":{"line":11,"column":2},"end":{"line":11,"column":null}},{"start":{},"end":{}}],"line":11},"1":{"loc":{"start":{"line":12,"column":2},"end":{"line":12,"column":null}},"type":"if","locations":[{"start":{"line":12,"column":2},"end":{"line":12,"column":null}},{"start":{},"end":{}}],"line":12},"2":{"loc":{"start":{"line":15,"column":2},"end":{"line":15,"column":null}},"type":"if","locations":[{"start":{"line":15,"column":2},"end":{"line":15,"column":null}},{"start":{},"end":{}}],"line":15},"3":{"loc":{"start":{"line":28,"column":15},"end":{"line":28,"column":null}},"type":"cond-expr","locations":[{"start":{"line":28,"column":33},"end":{"line":28,"column":40}},{"start":{"line":28,"column":40},"end":{"line":28,"column":null}}],"line":28}},"s":{"0":2,"1":29,"2":3,"3":26,"4":1,"5":25,"6":25,"7":1,"8":24,"9":24,"10":216,"11":24,"12":29},"f":{"0":29,"1":216},"b":{"0":[3,26],"1":[1,25],"2":[1,24],"3":[0,24]},"meta":{"lastBranch":4,"lastFunction":2,"lastStatement":13,"seen":{"s:1:12:1:Infinity":0,"f:10:16:10:34":0,"b:11:2:11:Infinity:undefined:undefined:undefined:undefined":0,"s:11:2:11:Infinity":1,"s:11:15:11:Infinity":2,"b:12:2:12:Infinity:undefined:undefined:undefined:undefined":1,"s:12:2:12:Infinity":3,"s:12:54:12:Infinity":4,"s:14:15:14:Infinity":5,"b:15:2:15:Infinity:undefined:undefined:undefined:undefined":2,"s:15:2:15:Infinity":6,"s:15:29:15:Infinity":7,"s:17:16:25:Infinity":8,"s:27:12:27:Infinity":9,"f:27:37:27:42":1,"s:27:62:27:75":10,"s:28:15:28:Infinity":11,"b:28:33:28:40:28:40:28:Infinity":3,"s:29:2:29:Infinity":12},"fnNames":{}}}
}
