{"/Users/gago/Work/Jobee/jems/jems-web-zero/src/components/DateTimePicker.jsx": {"path":"/Users/gago/Work/Jobee/jems/jems-web-zero/src/components/DateTimePicker.jsx","statementMap":{"0":{"start":{"line":6,"column":8},"end":{"line":6,"column":null}},"1":{"start":{"line":7,"column":8},"end":{"line":7,"column":null}},"2":{"start":{"line":8,"column":8},"end":{"line":8,"column":null}},"3":{"start":{"line":9,"column":2},"end":{"line":9,"column":null}},"4":{"start":{"line":9,"column":20},"end":{"line":9,"column":52}},"5":{"start":{"line":11,"column":2},"end":{"line":26,"column":null}},"6":{"start":{"line":12,"column":4},"end":{"line":24,"column":null}},"7":{"start":{"line":19,"column":8},"end":{"line":19,"column":null}},"8":{"start":{"line":19,"column":21},"end":{"line":19,"column":46}},"9":{"start":{"line":19,"column":46},"end":{"line":19,"column":54}},"10":{"start":{"line":20,"column":14},"end":{"line":20,"column":null}},"11":{"start":{"line":20,"column":27},"end":{"line":20,"column":null}},"12":{"start":{"line":21,"column":26},"end":{"line":21,"column":null}},"13":{"start":{"line":22,"column":8},"end":{"line":22,"column":null}},"14":{"start":{"line":25,"column":4},"end":{"line":25,"column":null}},"15":{"start":{"line":25,"column":17},"end":{"line":25,"column":null}},"16":{"start":{"line":28,"column":2},"end":{"line":35,"column":null}},"17":{"start":{"line":29,"column":4},"end":{"line":29,"column":null}},"18":{"start":{"line":29,"column":24},"end":{"line":29,"column":null}},"19":{"start":{"line":30,"column":4},"end":{"line":34,"column":null}},"20":{"start":{"line":31,"column":6},"end":{"line":31,"column":null}},"21":{"start":{"line":33,"column":6},"end":{"line":33,"column":null}},"22":{"start":{"line":37,"column":2},"end":{"line":46,"column":null}}},"fnMap":{"0":{"name":"DateTimePicker","decl":{"start":{"line":5,"column":24},"end":{"line":5,"column":39}},"loc":{"start":{"line":5,"column":85},"end":{"line":48,"column":null}},"line":5},"1":{"name":"(anonymous_1)","decl":{"start":{"line":9,"column":2},"end":{"line":9,"column":18}},"loc":{"start":{"line":9,"column":18},"end":{"line":9,"column":55}},"line":9},"2":{"name":"(anonymous_2)","decl":{"start":{"line":11,"column":2},"end":{"line":11,"column":18}},"loc":{"start":{"line":11,"column":18},"end":{"line":26,"column":5}},"line":11},"3":{"name":"(anonymous_3)","decl":{"start":{"line":18,"column":6},"end":{"line":18,"column":17}},"loc":{"start":{"line":18,"column":28},"end":{"line":23,"column":null}},"line":18},"4":{"name":"(anonymous_4)","decl":{"start":{"line":20,"column":14},"end":{"line":20,"column":21}},"loc":{"start":{"line":20,"column":27},"end":{"line":20,"column":null}},"line":20},"5":{"name":"(anonymous_5)","decl":{"start":{"line":25,"column":4},"end":{"line":25,"column":17}},"loc":{"start":{"line":25,"column":17},"end":{"line":25,"column":null}},"line":25},"6":{"name":"(anonymous_6)","decl":{"start":{"line":28,"column":2},"end":{"line":28,"column":18}},"loc":{"start":{"line":28,"column":18},"end":{"line":35,"column":5}},"line":28}},"branchMap":{"0":{"loc":{"start":{"line":19,"column":8},"end":{"line":19,"column":null}},"type":"if","locations":[{"start":{"line":19,"column":8},"end":{"line":19,"column":null}},{"start":{},"end":{}}],"line":19},"1":{"loc":{"start":{"line":29,"column":4},"end":{"line":29,"column":null}},"type":"if","locations":[{"start":{"line":29,"column":4},"end":{"line":29,"column":null}},{"start":{},"end":{}}],"line":29},"2":{"loc":{"start":{"line":30,"column":4},"end":{"line":34,"column":null}},"type":"if","locations":[{"start":{"line":30,"column":4},"end":{"line":34,"column":null}},{"start":{"line":32,"column":11},"end":{"line":34,"column":null}}],"line":30},"3":{"loc":{"start":{"line":42,"column":17},"end":{"line":42,"column":null}},"type":"binary-expr","locations":[{"start":{"line":42,"column":17},"end":{"line":42,"column":30}},{"start":{"line":42,"column":30},"end":{"line":42,"column":null}}],"line":42}},"s":{"0":79,"1":79,"2":79,"3":79,"4":79,"5":79,"6":43,"7":20,"8":20,"9":20,"10":0,"11":0,"12":0,"13":0,"14":43,"15":43,"16":79,"17":43,"18":0,"19":43,"20":17,"21":26,"22":79},"f":{"0":79,"1":79,"2":43,"3":20,"4":0,"5":43,"6":43},"b":{"0":[20,0],"1":[0,43],"2":[17,26],"3":[79,6]},"meta":{"lastBranch":4,"lastFunction":7,"lastStatement":23,"seen":{"f:5:24:5:39":0,"s:6:8:6:Infinity":0,"s:7:8:7:Infinity":1,"s:8:8:8:Infinity":2,"s:9:2:9:Infinity":3,"f:9:2:9:18":1,"s:9:20:9:52":4,"s:11:2:26:Infinity":5,"f:11:2:11:18":2,"s:12:4:24:Infinity":6,"f:18:6:18:17":3,"b:19:8:19:Infinity:undefined:undefined:undefined:undefined":0,"s:19:8:19:Infinity":7,"s:19:21:19:46":8,"s:19:46:19:54":9,"s:20:14:20:Infinity":10,"f:20:14:20:21":4,"s:20:27:20:Infinity":11,"s:21:26:21:Infinity":12,"s:22:8:22:Infinity":13,"s:25:4:25:Infinity":14,"f:25:4:25:17":5,"s:25:17:25:Infinity":15,"s:28:2:35:Infinity":16,"f:28:2:28:18":6,"b:29:4:29:Infinity:undefined:undefined:undefined:undefined":1,"s:29:4:29:Infinity":17,"s:29:24:29:Infinity":18,"b:30:4:34:Infinity:32:11:34:Infinity":2,"s:30:4:34:Infinity":19,"s:31:6:31:Infinity":20,"s:33:6:33:Infinity":21,"s:37:2:46:Infinity":22,"b:42:17:42:30:42:30:42:Infinity":3},"fnNames":{}}}
,"/Users/gago/Work/Jobee/jems/jems-web-zero/src/hooks/useLoads.js": {"path":"/Users/gago/Work/Jobee/jems/jems-web-zero/src/hooks/useLoads.js","statementMap":{"0":{"start":{"line":5,"column":16},"end":{"line":5,"column":null}},"1":{"start":{"line":6,"column":18},"end":{"line":6,"column":null}},"2":{"start":{"line":7,"column":16},"end":{"line":7,"column":null}},"3":{"start":{"line":8,"column":15},"end":{"line":8,"column":null}},"4":{"start":{"line":10,"column":8},"end":{"line":10,"column":null}},"5":{"start":{"line":11,"column":2},"end":{"line":11,"column":null}},"6":{"start":{"line":11,"column":20},"end":{"line":11,"column":50}},"7":{"start":{"line":13,"column":21},"end":{"line":13,"column":null}},"8":{"start":{"line":15,"column":2},"end":{"line":28,"column":null}},"9":{"start":{"line":16,"column":20},"end":{"line":16,"column":null}},"10":{"start":{"line":17,"column":4},"end":{"line":17,"column":null}},"11":{"start":{"line":18,"column":4},"end":{"line":18,"column":null}},"12":{"start":{"line":19,"column":4},"end":{"line":24,"column":null}},"13":{"start":{"line":21,"column":8},"end":{"line":21,"column":null}},"14":{"start":{"line":21,"column":24},"end":{"line":21,"column":null}},"15":{"start":{"line":23,"column":22},"end":{"line":23,"column":51}},"16":{"start":{"line":23,"column":38},"end":{"line":23,"column":51}},"17":{"start":{"line":24,"column":23},"end":{"line":24,"column":58}},"18":{"start":{"line":24,"column":39},"end":{"line":24,"column":58}},"19":{"start":{"line":25,"column":4},"end":{"line":25,"column":null}},"20":{"start":{"line":25,"column":19},"end":{"line":25,"column":37}},"21":{"start":{"line":30,"column":2},"end":{"line":30,"column":null}},"22":{"start":{"line":30,"column":49},"end":{"line":30,"column":71}},"23":{"start":{"line":30,"column":64},"end":{"line":30,"column":69}}},"fnMap":{"0":{"name":"useLoads","decl":{"start":{"line":4,"column":16},"end":{"line":4,"column":25}},"loc":{"start":{"line":4,"column":34},"end":{"line":31,"column":null}},"line":4},"1":{"name":"(anonymous_1)","decl":{"start":{"line":11,"column":2},"end":{"line":11,"column":18}},"loc":{"start":{"line":11,"column":18},"end":{"line":11,"column":51}},"line":11},"2":{"name":"(anonymous_2)","decl":{"start":{"line":15,"column":2},"end":{"line":15,"column":18}},"loc":{"start":{"line":15,"column":18},"end":{"line":28,"column":5}},"line":15},"3":{"name":"(anonymous_3)","decl":{"start":{"line":20,"column":7},"end":{"line":20,"column":13}},"loc":{"start":{"line":20,"column":26},"end":{"line":22,"column":7}},"line":20},"4":{"name":"(anonymous_4)","decl":{"start":{"line":23,"column":7},"end":{"line":23,"column":14}},"loc":{"start":{"line":23,"column":20},"end":{"line":23,"column":52}},"line":23},"5":{"name":"(anonymous_5)","decl":{"start":{"line":24,"column":7},"end":{"line":24,"column":21}},"loc":{"start":{"line":24,"column":21},"end":{"line":24,"column":59}},"line":24},"6":{"name":"(anonymous_6)","decl":{"start":{"line":25,"column":4},"end":{"line":25,"column":17}},"loc":{"start":{"line":25,"column":17},"end":{"line":25,"column":null}},"line":25},"7":{"name":"(anonymous_7)","decl":{"start":{"line":30,"column":34},"end":{"line":30,"column":49}},"loc":{"start":{"line":30,"column":49},"end":{"line":30,"column":71}},"line":30},"8":{"name":"(anonymous_8)","decl":{"start":{"line":30,"column":49},"end":{"line":30,"column":58}},"loc":{"start":{"line":30,"column":64},"end":{"line":30,"column":69}},"line":30}},"branchMap":{"0":{"loc":{"start":{"line":21,"column":8},"end":{"line":21,"column":null}},"type":"if","locations":[{"start":{"line":21,"column":8},"end":{"line":21,"column":null}},{"start":{},"end":{}}],"line":21},"1":{"loc":{"start":{"line":21,"column":33},"end":{"line":21,"column":80}},"type":"cond-expr","locations":[{"start":{"line":21,"column":55},"end":{"line":21,"column":62}},{"start":{"line":21,"column":62},"end":{"line":21,"column":80}}],"line":21},"2":{"loc":{"start":{"line":21,"column":62},"end":{"line":21,"column":80}},"type":"binary-expr","locations":[{"start":{"line":21,"column":62},"end":{"line":21,"column":78}},{"start":{"line":21,"column":78},"end":{"line":21,"column":80}}],"line":21},"3":{"loc":{"start":{"line":23,"column":22},"end":{"line":23,"column":51}},"type":"if","locations":[{"start":{"line":23,"column":22},"end":{"line":23,"column":51}},{"start":{},"end":{}}],"line":23},"4":{"loc":{"start":{"line":24,"column":23},"end":{"line":24,"column":58}},"type":"if","locations":[{"start":{"line":24,"column":23},"end":{"line":24,"column":58}},{"start":{},"end":{}}],"line":24}},"s":{"0":4,"1":4,"2":4,"3":4,"4":4,"5":4,"6":4,"7":4,"8":4,"9":2,"10":2,"11":2,"12":2,"13":2,"14":2,"15":0,"16":0,"17":2,"18":2,"19":2,"20":2,"21":4,"22":0,"23":0},"f":{"0":4,"1":4,"2":2,"3":2,"4":0,"5":2,"6":2,"7":0,"8":0},"b":{"0":[2,0],"1":[1,1],"2":[1,0],"3":[0,0],"4":[2,0]},"meta":{"lastBranch":5,"lastFunction":9,"lastStatement":24,"seen":{"f:4:16:4:25":0,"s:5:16:5:Infinity":0,"s:6:18:6:Infinity":1,"s:7:16:7:Infinity":2,"s:8:15:8:Infinity":3,"s:10:8:10:Infinity":4,"s:11:2:11:Infinity":5,"f:11:2:11:18":1,"s:11:20:11:50":6,"s:13:21:13:Infinity":7,"s:15:2:28:Infinity":8,"f:15:2:15:18":2,"s:16:20:16:Infinity":9,"s:17:4:17:Infinity":10,"s:18:4:18:Infinity":11,"s:19:4:24:Infinity":12,"f:20:7:20:13":3,"b:21:8:21:Infinity:undefined:undefined:undefined:undefined":0,"s:21:8:21:Infinity":13,"s:21:24:21:Infinity":14,"b:21:55:21:62:21:62:21:80":1,"b:21:62:21:78:21:78:21:80":2,"f:23:7:23:14":4,"b:23:22:23:51:undefined:undefined:undefined:undefined":3,"s:23:22:23:51":15,"s:23:38:23:51":16,"f:24:7:24:21":5,"b:24:23:24:58:undefined:undefined:undefined:undefined":4,"s:24:23:24:58":17,"s:24:39:24:58":18,"s:25:4:25:Infinity":19,"f:25:4:25:17":6,"s:25:19:25:37":20,"s:30:2:30:Infinity":21,"f:30:34:30:49":7,"s:30:49:30:71":22,"f:30:49:30:58":8,"s:30:64:30:69":23},"fnNames":{}}}
,"/Users/gago/Work/Jobee/jems/jems-web-zero/src/pages/loads/LoadFormPage.jsx": {"path":"/Users/gago/Work/Jobee/jems/jems-web-zero/src/pages/loads/LoadFormPage.jsx","statementMap":{"0":{"start":{"line":9,"column":23},"end":{"line":14,"column":null}},"1":{"start":{"line":18,"column":16},"end":{"line":18,"column":null}},"2":{"start":{"line":19,"column":18},"end":{"line":19,"column":null}},"3":{"start":{"line":20,"column":15},"end":{"line":20,"column":null}},"4":{"start":{"line":21,"column":8},"end":{"line":21,"column":null}},"5":{"start":{"line":23,"column":2},"end":{"line":23,"column":null}},"6":{"start":{"line":23,"column":20},"end":{"line":23,"column":50}},"7":{"start":{"line":25,"column":8},"end":{"line":35,"column":null}},"8":{"start":{"line":26,"column":14},"end":{"line":26,"column":null}},"9":{"start":{"line":27,"column":4},"end":{"line":27,"column":null}},"10":{"start":{"line":28,"column":4},"end":{"line":28,"column":null}},"11":{"start":{"line":29,"column":4},"end":{"line":29,"column":null}},"12":{"start":{"line":29,"column":24},"end":{"line":29,"column":40}},"13":{"start":{"line":29,"column":40},"end":{"line":29,"column":56}},"14":{"start":{"line":29,"column":56},"end":{"line":29,"column":64}},"15":{"start":{"line":30,"column":4},"end":{"line":34,"column":null}},"16":{"start":{"line":31,"column":19},"end":{"line":31,"column":null}},"17":{"start":{"line":32,"column":6},"end":{"line":32,"column":null}},"18":{"start":{"line":33,"column":6},"end":{"line":33,"column":null}},"19":{"start":{"line":37,"column":8},"end":{"line":42,"column":null}},"20":{"start":{"line":38,"column":4},"end":{"line":38,"column":null}},"21":{"start":{"line":39,"column":4},"end":{"line":39,"column":null}},"22":{"start":{"line":40,"column":4},"end":{"line":40,"column":null}},"23":{"start":{"line":41,"column":4},"end":{"line":41,"column":null}},"24":{"start":{"line":44,"column":8},"end":{"line":48,"column":null}},"25":{"start":{"line":45,"column":4},"end":{"line":45,"column":null}},"26":{"start":{"line":46,"column":4},"end":{"line":46,"column":null}},"27":{"start":{"line":47,"column":4},"end":{"line":47,"column":null}},"28":{"start":{"line":50,"column":2},"end":{"line":87,"column":null}},"29":{"start":{"line":61,"column":27},"end":{"line":61,"column":null}},"30":{"start":{"line":62,"column":26},"end":{"line":62,"column":null}},"31":{"start":{"line":62,"column":43},"end":{"line":62,"column":59}},"32":{"start":{"line":74,"column":14},"end":{"line":82,"column":null}},"33":{"start":{"line":78,"column":35},"end":{"line":78,"column":null}},"34":{"start":{"line":92,"column":25},"end":{"line":92,"column":null}},"35":{"start":{"line":93,"column":21},"end":{"line":93,"column":null}},"36":{"start":{"line":94,"column":26},"end":{"line":94,"column":null}},"37":{"start":{"line":95,"column":22},"end":{"line":95,"column":null}},"38":{"start":{"line":96,"column":24},"end":{"line":96,"column":null}},"39":{"start":{"line":97,"column":8},"end":{"line":97,"column":null}},"40":{"start":{"line":98,"column":22},"end":{"line":98,"column":null}},"41":{"start":{"line":100,"column":2},"end":{"line":107,"column":null}},"42":{"start":{"line":101,"column":4},"end":{"line":101,"column":null}},"43":{"start":{"line":101,"column":44},"end":{"line":101,"column":null}},"44":{"start":{"line":102,"column":15},"end":{"line":102,"column":null}},"45":{"start":{"line":103,"column":4},"end":{"line":106,"column":null}},"46":{"start":{"line":104,"column":6},"end":{"line":104,"column":null}},"47":{"start":{"line":105,"column":6},"end":{"line":105,"column":null}},"48":{"start":{"line":109,"column":8},"end":{"line":124,"column":null}},"49":{"start":{"line":110,"column":22},"end":{"line":110,"column":null}},"50":{"start":{"line":111,"column":23},"end":{"line":111,"column":null}},"51":{"start":{"line":112,"column":15},"end":{"line":114,"column":null}},"52":{"start":{"line":113,"column":35},"end":{"line":113,"column":51}},"53":{"start":{"line":116,"column":4},"end":{"line":121,"column":null}},"54":{"start":{"line":117,"column":22},"end":{"line":119,"column":null}},"55":{"start":{"line":118,"column":26},"end":{"line":118,"column":52}},"56":{"start":{"line":119,"column":23},"end":{"line":119,"column":38}},"57":{"start":{"line":120,"column":6},"end":{"line":120,"column":null}},"58":{"start":{"line":123,"column":4},"end":{"line":123,"column":null}},"59":{"start":{"line":126,"column":30},"end":{"line":142,"column":null}},"60":{"start":{"line":127,"column":4},"end":{"line":127,"column":null}},"61":{"start":{"line":127,"column":81},"end":{"line":127,"column":null}},"62":{"start":{"line":128,"column":4},"end":{"line":128,"column":null}},"63":{"start":{"line":129,"column":4},"end":{"line":129,"column":null}},"64":{"start":{"line":130,"column":4},"end":{"line":141,"column":null}},"65":{"start":{"line":131,"column":23},"end":{"line":131,"column":null}},"66":{"start":{"line":132,"column":6},"end":{"line":132,"column":null}},"67":{"start":{"line":133,"column":6},"end":{"line":133,"column":null}},"68":{"start":{"line":134,"column":6},"end":{"line":134,"column":null}},"69":{"start":{"line":135,"column":6},"end":{"line":135,"column":null}},"70":{"start":{"line":137,"column":23},"end":{"line":137,"column":null}},"71":{"start":{"line":138,"column":6},"end":{"line":138,"column":null}},"72":{"start":{"line":140,"column":6},"end":{"line":140,"column":null}},"73":{"start":{"line":144,"column":2},"end":{"line":226,"column":null}},"74":{"start":{"line":154,"column":25},"end":{"line":154,"column":null}},"75":{"start":{"line":154,"column":56},"end":{"line":154,"column":64}},"76":{"start":{"line":167,"column":33},"end":{"line":167,"column":null}},"77":{"start":{"line":176,"column":33},"end":{"line":176,"column":null}},"78":{"start":{"line":185,"column":35},"end":{"line":185,"column":null}},"79":{"start":{"line":204,"column":28},"end":{"line":204,"column":null}},"80":{"start":{"line":205,"column":10},"end":{"line":217,"column":null}},"81":{"start":{"line":212,"column":32},"end":{"line":212,"column":null}},"82":{"start":{"line":231,"column":2},"end":{"line":231,"column":null}},"83":{"start":{"line":231,"column":14},"end":{"line":231,"column":null}},"84":{"start":{"line":232,"column":2},"end":{"line":235,"column":null}},"85":{"start":{"line":234,"column":17},"end":{"line":234,"column":26}},"86":{"start":{"line":238,"column":14},"end":{"line":248,"column":null}},"87":{"start":{"line":250,"column":22},"end":{"line":252,"column":null}},"88":{"start":{"line":255,"column":10},"end":{"line":255,"column":null}},"89":{"start":{"line":256,"column":8},"end":{"line":256,"column":null}},"90":{"start":{"line":257,"column":17},"end":{"line":257,"column":null}},"91":{"start":{"line":259,"column":15},"end":{"line":259,"column":null}},"92":{"start":{"line":260,"column":18},"end":{"line":260,"column":null}},"93":{"start":{"line":261,"column":17},"end":{"line":261,"column":null}},"94":{"start":{"line":262,"column":25},"end":{"line":262,"column":null}},"95":{"start":{"line":263,"column":32},"end":{"line":263,"column":null}},"96":{"start":{"line":264,"column":17},"end":{"line":264,"column":null}},"97":{"start":{"line":265,"column":22},"end":{"line":265,"column":null}},"98":{"start":{"line":267,"column":8},"end":{"line":267,"column":null}},"99":{"start":{"line":268,"column":8},"end":{"line":268,"column":null}},"100":{"start":{"line":270,"column":8},"end":{"line":270,"column":null}},"101":{"start":{"line":271,"column":8},"end":{"line":271,"column":null}},"102":{"start":{"line":272,"column":8},"end":{"line":272,"column":null}},"103":{"start":{"line":273,"column":8},"end":{"line":273,"column":null}},"104":{"start":{"line":274,"column":8},"end":{"line":274,"column":null}},"105":{"start":{"line":276,"column":2},"end":{"line":341,"column":null}},"106":{"start":{"line":277,"column":4},"end":{"line":277,"column":null}},"107":{"start":{"line":277,"column":21},"end":{"line":277,"column":null}},"108":{"start":{"line":278,"column":4},"end":{"line":278,"column":null}},"109":{"start":{"line":278,"column":35},"end":{"line":278,"column":null}},"110":{"start":{"line":279,"column":4},"end":{"line":279,"column":null}},"111":{"start":{"line":281,"column":20},"end":{"line":281,"column":null}},"112":{"start":{"line":283,"column":21},"end":{"line":295,"column":null}},"113":{"start":{"line":284,"column":6},"end":{"line":288,"column":null}},"114":{"start":{"line":285,"column":25},"end":{"line":285,"column":null}},"115":{"start":{"line":285,"column":101},"end":{"line":285,"column":114}},"116":{"start":{"line":286,"column":22},"end":{"line":286,"column":null}},"117":{"start":{"line":286,"column":45},"end":{"line":286,"column":62}},"118":{"start":{"line":287,"column":8},"end":{"line":287,"column":null}},"119":{"start":{"line":287,"column":19},"end":{"line":287,"column":null}},"120":{"start":{"line":289,"column":6},"end":{"line":293,"column":null}},"121":{"start":{"line":290,"column":25},"end":{"line":290,"column":null}},"122":{"start":{"line":290,"column":106},"end":{"line":290,"column":119}},"123":{"start":{"line":291,"column":22},"end":{"line":291,"column":null}},"124":{"start":{"line":291,"column":45},"end":{"line":291,"column":62}},"125":{"start":{"line":292,"column":8},"end":{"line":292,"column":null}},"126":{"start":{"line":292,"column":19},"end":{"line":292,"column":null}},"127":{"start":{"line":294,"column":6},"end":{"line":294,"column":null}},"128":{"start":{"line":297,"column":4},"end":{"line":339,"column":null}},"129":{"start":{"line":298,"column":6},"end":{"line":298,"column":null}},"130":{"start":{"line":298,"column":21},"end":{"line":298,"column":null}},"131":{"start":{"line":299,"column":22},"end":{"line":302,"column":null}},"132":{"start":{"line":304,"column":23},"end":{"line":304,"column":null}},"133":{"start":{"line":305,"column":6},"end":{"line":320,"column":null}},"134":{"start":{"line":306,"column":22},"end":{"line":306,"column":null}},"135":{"start":{"line":307,"column":8},"end":{"line":307,"column":null}},"136":{"start":{"line":307,"column":29},"end":{"line":307,"column":null}},"137":{"start":{"line":308,"column":14},"end":{"line":308,"column":null}},"138":{"start":{"line":309,"column":8},"end":{"line":309,"column":null}},"139":{"start":{"line":309,"column":31},"end":{"line":309,"column":null}},"140":{"start":{"line":310,"column":8},"end":{"line":310,"column":null}},"141":{"start":{"line":311,"column":21},"end":{"line":311,"column":null}},"142":{"start":{"line":312,"column":8},"end":{"line":315,"column":null}},"143":{"start":{"line":313,"column":10},"end":{"line":313,"column":null}},"144":{"start":{"line":313,"column":24},"end":{"line":313,"column":55}},"145":{"start":{"line":314,"column":10},"end":{"line":314,"column":null}},"146":{"start":{"line":316,"column":8},"end":{"line":319,"column":null}},"147":{"start":{"line":317,"column":24},"end":{"line":317,"column":null}},"148":{"start":{"line":318,"column":10},"end":{"line":318,"column":null}},"149":{"start":{"line":318,"column":21},"end":{"line":318,"column":null}},"150":{"start":{"line":322,"column":24},"end":{"line":322,"column":null}},"151":{"start":{"line":323,"column":6},"end":{"line":338,"column":null}},"152":{"start":{"line":324,"column":22},"end":{"line":324,"column":null}},"153":{"start":{"line":325,"column":8},"end":{"line":325,"column":null}},"154":{"start":{"line":325,"column":29},"end":{"line":325,"column":null}},"155":{"start":{"line":326,"column":14},"end":{"line":326,"column":null}},"156":{"start":{"line":327,"column":8},"end":{"line":327,"column":null}},"157":{"start":{"line":327,"column":31},"end":{"line":327,"column":null}},"158":{"start":{"line":328,"column":8},"end":{"line":328,"column":null}},"159":{"start":{"line":329,"column":21},"end":{"line":329,"column":null}},"160":{"start":{"line":330,"column":8},"end":{"line":333,"column":null}},"161":{"start":{"line":331,"column":10},"end":{"line":331,"column":null}},"162":{"start":{"line":331,"column":24},"end":{"line":331,"column":56}},"163":{"start":{"line":332,"column":10},"end":{"line":332,"column":null}},"164":{"start":{"line":334,"column":8},"end":{"line":337,"column":null}},"165":{"start":{"line":335,"column":24},"end":{"line":335,"column":null}},"166":{"start":{"line":336,"column":10},"end":{"line":336,"column":null}},"167":{"start":{"line":336,"column":21},"end":{"line":336,"column":null}},"168":{"start":{"line":340,"column":4},"end":{"line":340,"column":null}},"169":{"start":{"line":340,"column":19},"end":{"line":340,"column":37}},"170":{"start":{"line":343,"column":29},"end":{"line":360,"column":null}},"171":{"start":{"line":344,"column":4},"end":{"line":347,"column":null}},"172":{"start":{"line":345,"column":6},"end":{"line":345,"column":null}},"173":{"start":{"line":346,"column":6},"end":{"line":346,"column":null}},"174":{"start":{"line":349,"column":4},"end":{"line":349,"column":null}},"175":{"start":{"line":350,"column":4},"end":{"line":359,"column":null}},"176":{"start":{"line":351,"column":23},"end":{"line":351,"column":null}},"177":{"start":{"line":352,"column":6},"end":{"line":352,"column":null}},"178":{"start":{"line":353,"column":6},"end":{"line":353,"column":null}},"179":{"start":{"line":355,"column":6},"end":{"line":355,"column":null}},"180":{"start":{"line":356,"column":6},"end":{"line":356,"column":null}},"181":{"start":{"line":358,"column":6},"end":{"line":358,"column":null}},"182":{"start":{"line":362,"column":2},"end":{"line":390,"column":null}},"183":{"start":{"line":363,"column":4},"end":{"line":363,"column":null}},"184":{"start":{"line":363,"column":17},"end":{"line":363,"column":null}},"185":{"start":{"line":364,"column":4},"end":{"line":389,"column":null}},"186":{"start":{"line":365,"column":6},"end":{"line":379,"column":null}},"187":{"start":{"line":380,"column":6},"end":{"line":387,"column":null}},"188":{"start":{"line":388,"column":6},"end":{"line":388,"column":null}},"189":{"start":{"line":392,"column":2},"end":{"line":412,"column":null}},"190":{"start":{"line":393,"column":4},"end":{"line":396,"column":null}},"191":{"start":{"line":394,"column":6},"end":{"line":394,"column":null}},"192":{"start":{"line":395,"column":6},"end":{"line":395,"column":null}},"193":{"start":{"line":398,"column":20},"end":{"line":398,"column":null}},"194":{"start":{"line":399,"column":4},"end":{"line":399,"column":null}},"195":{"start":{"line":400,"column":4},"end":{"line":409,"column":null}},"196":{"start":{"line":402,"column":8},"end":{"line":402,"column":null}},"197":{"start":{"line":402,"column":24},"end":{"line":402,"column":null}},"198":{"start":{"line":405,"column":8},"end":{"line":405,"column":null}},"199":{"start":{"line":405,"column":24},"end":{"line":405,"column":null}},"200":{"start":{"line":408,"column":8},"end":{"line":408,"column":null}},"201":{"start":{"line":408,"column":24},"end":{"line":408,"column":null}},"202":{"start":{"line":411,"column":4},"end":{"line":411,"column":null}},"203":{"start":{"line":411,"column":19},"end":{"line":411,"column":37}},"204":{"start":{"line":414,"column":8},"end":{"line":414,"column":null}},"205":{"start":{"line":414,"column":32},"end":{"line":414,"column":null}},"206":{"start":{"line":414,"column":46},"end":{"line":414,"column":71}},"207":{"start":{"line":415,"column":8},"end":{"line":415,"column":null}},"208":{"start":{"line":415,"column":36},"end":{"line":415,"column":null}},"209":{"start":{"line":415,"column":53},"end":{"line":415,"column":78}},"210":{"start":{"line":417,"column":23},"end":{"line":420,"column":null}},"211":{"start":{"line":418,"column":21},"end":{"line":418,"column":null}},"212":{"start":{"line":419,"column":4},"end":{"line":419,"column":null}},"213":{"start":{"line":419,"column":26},"end":{"line":419,"column":88}},"214":{"start":{"line":422,"column":24},"end":{"line":425,"column":null}},"215":{"start":{"line":423,"column":21},"end":{"line":423,"column":null}},"216":{"start":{"line":424,"column":4},"end":{"line":424,"column":null}},"217":{"start":{"line":424,"column":26},"end":{"line":424,"column":68}},"218":{"start":{"line":427,"column":25},"end":{"line":430,"column":null}},"219":{"start":{"line":428,"column":21},"end":{"line":428,"column":null}},"220":{"start":{"line":428,"column":96},"end":{"line":428,"column":109}},"221":{"start":{"line":429,"column":4},"end":{"line":429,"column":null}},"222":{"start":{"line":429,"column":26},"end":{"line":429,"column":54}},"223":{"start":{"line":432,"column":23},"end":{"line":449,"column":null}},"224":{"start":{"line":433,"column":4},"end":{"line":433,"column":null}},"225":{"start":{"line":434,"column":4},"end":{"line":434,"column":null}},"226":{"start":{"line":435,"column":4},"end":{"line":435,"column":null}},"227":{"start":{"line":436,"column":4},"end":{"line":448,"column":null}},"228":{"start":{"line":437,"column":6},"end":{"line":443,"column":null}},"229":{"start":{"line":438,"column":8},"end":{"line":438,"column":null}},"230":{"start":{"line":439,"column":8},"end":{"line":439,"column":null}},"231":{"start":{"line":441,"column":25},"end":{"line":441,"column":null}},"232":{"start":{"line":442,"column":8},"end":{"line":442,"column":null}},"233":{"start":{"line":445,"column":6},"end":{"line":445,"column":null}},"234":{"start":{"line":445,"column":30},"end":{"line":445,"column":null}},"235":{"start":{"line":447,"column":6},"end":{"line":447,"column":null}},"236":{"start":{"line":451,"column":2},"end":{"line":451,"column":null}},"237":{"start":{"line":451,"column":19},"end":{"line":451,"column":null}},"238":{"start":{"line":453,"column":8},"end":{"line":454,"column":null}},"239":{"start":{"line":453,"column":25},"end":{"line":454,"column":null}},"240":{"start":{"line":457,"column":2},"end":{"line":703,"column":null}},"241":{"start":{"line":464,"column":90},"end":{"line":464,"column":null}},"242":{"start":{"line":478,"column":29},"end":{"line":478,"column":null}},"243":{"start":{"line":482,"column":33},"end":{"line":482,"column":82}},"244":{"start":{"line":492,"column":29},"end":{"line":492,"column":null}},"245":{"start":{"line":500,"column":29},"end":{"line":500,"column":77}},"246":{"start":{"line":505,"column":50},"end":{"line":505,"column":82}},"247":{"start":{"line":514,"column":106},"end":{"line":514,"column":151}},"248":{"start":{"line":516,"column":37},"end":{"line":516,"column":103}},"249":{"start":{"line":526,"column":34},"end":{"line":526,"column":58}},"250":{"start":{"line":526,"column":58},"end":{"line":526,"column":86}},"251":{"start":{"line":526,"column":86},"end":{"line":526,"column":117}},"252":{"start":{"line":527,"column":31},"end":{"line":527,"column":52}},"253":{"start":{"line":527,"column":52},"end":{"line":527,"column":80}},"254":{"start":{"line":527,"column":80},"end":{"line":527,"column":103}},"255":{"start":{"line":536,"column":35},"end":{"line":536,"column":null}},"256":{"start":{"line":538,"column":33},"end":{"line":538,"column":null}},"257":{"start":{"line":539,"column":16},"end":{"line":541,"column":null}},"258":{"start":{"line":539,"column":45},"end":{"line":539,"column":83}},"259":{"start":{"line":540,"column":18},"end":{"line":540,"column":null}},"260":{"start":{"line":540,"column":49},"end":{"line":540,"column":70}},"261":{"start":{"line":542,"column":16},"end":{"line":548,"column":null}},"262":{"start":{"line":542,"column":38},"end":{"line":548,"column":18}},"263":{"start":{"line":559,"column":29},"end":{"line":559,"column":68}},"264":{"start":{"line":564,"column":29},"end":{"line":564,"column":69}},"265":{"start":{"line":577,"column":34},"end":{"line":577,"column":63}},"266":{"start":{"line":577,"column":63},"end":{"line":577,"column":99}},"267":{"start":{"line":578,"column":31},"end":{"line":578,"column":57}},"268":{"start":{"line":578,"column":57},"end":{"line":578,"column":85}},"269":{"start":{"line":589,"column":34},"end":{"line":589,"column":64}},"270":{"start":{"line":589,"column":64},"end":{"line":589,"column":101}},"271":{"start":{"line":590,"column":31},"end":{"line":590,"column":58}},"272":{"start":{"line":590,"column":58},"end":{"line":590,"column":87}},"273":{"start":{"line":602,"column":29},"end":{"line":602,"column":null}},"274":{"start":{"line":612,"column":29},"end":{"line":612,"column":null}},"275":{"start":{"line":629,"column":34},"end":{"line":629,"column":59}},"276":{"start":{"line":629,"column":59},"end":{"line":629,"column":91}},"277":{"start":{"line":630,"column":31},"end":{"line":630,"column":53}},"278":{"start":{"line":630,"column":53},"end":{"line":630,"column":77}},"279":{"start":{"line":640,"column":34},"end":{"line":640,"column":60}},"280":{"start":{"line":640,"column":60},"end":{"line":640,"column":93}},"281":{"start":{"line":641,"column":31},"end":{"line":641,"column":54}},"282":{"start":{"line":641,"column":54},"end":{"line":641,"column":79}},"283":{"start":{"line":651,"column":29},"end":{"line":651,"column":77}},"284":{"start":{"line":656,"column":29},"end":{"line":656,"column":83}},"285":{"start":{"line":661,"column":29},"end":{"line":661,"column":81}},"286":{"start":{"line":666,"column":29},"end":{"line":666,"column":78}},"287":{"start":{"line":671,"column":29},"end":{"line":671,"column":null}},"288":{"start":{"line":672,"column":39},"end":{"line":672,"column":95}},"289":{"start":{"line":678,"column":29},"end":{"line":678,"column":84}},"290":{"start":{"line":687,"column":50},"end":{"line":687,"column":83}},"291":{"start":{"line":697,"column":82},"end":{"line":697,"column":102}}},"fnMap":{"0":{"name":"AsyncSearch","decl":{"start":{"line":17,"column":9},"end":{"line":17,"column":21}},"loc":{"start":{"line":17,"column":117},"end":{"line":89,"column":null}},"line":17},"1":{"name":"(anonymous_1)","decl":{"start":{"line":23,"column":2},"end":{"line":23,"column":18}},"loc":{"start":{"line":23,"column":18},"end":{"line":23,"column":53}},"line":23},"2":{"name":"(anonymous_2)","decl":{"start":{"line":25,"column":8},"end":{"line":25,"column":24}},"loc":{"start":{"line":25,"column":30},"end":{"line":35,"column":null}},"line":25},"3":{"name":"(anonymous_3)","decl":{"start":{"line":30,"column":31},"end":{"line":30,"column":43}},"loc":{"start":{"line":30,"column":43},"end":{"line":34,"column":7}},"line":30},"4":{"name":"(anonymous_4)","decl":{"start":{"line":37,"column":8},"end":{"line":37,"column":16}},"loc":{"start":{"line":37,"column":25},"end":{"line":42,"column":null}},"line":37},"5":{"name":"(anonymous_5)","decl":{"start":{"line":44,"column":8},"end":{"line":44,"column":22}},"loc":{"start":{"line":44,"column":22},"end":{"line":48,"column":null}},"line":44},"6":{"name":"(anonymous_6)","decl":{"start":{"line":61,"column":12},"end":{"line":61,"column":27}},"loc":{"start":{"line":61,"column":27},"end":{"line":61,"column":null}},"line":61},"7":{"name":"(anonymous_7)","decl":{"start":{"line":62,"column":12},"end":{"line":62,"column":26}},"loc":{"start":{"line":62,"column":26},"end":{"line":62,"column":null}},"line":62},"8":{"name":"(anonymous_8)","decl":{"start":{"line":62,"column":26},"end":{"line":62,"column":43}},"loc":{"start":{"line":62,"column":43},"end":{"line":62,"column":59}},"line":62},"9":{"name":"(anonymous_9)","decl":{"start":{"line":73,"column":21},"end":{"line":73,"column":25}},"loc":{"start":{"line":74,"column":14},"end":{"line":82,"column":null}},"line":74},"10":{"name":"(anonymous_10)","decl":{"start":{"line":78,"column":16},"end":{"line":78,"column":35}},"loc":{"start":{"line":78,"column":35},"end":{"line":78,"column":null}},"line":78},"11":{"name":"BrokerContactsSelect","decl":{"start":{"line":91,"column":9},"end":{"line":91,"column":30}},"loc":{"start":{"line":91,"column":98},"end":{"line":228,"column":null}},"line":91},"12":{"name":"(anonymous_12)","decl":{"start":{"line":100,"column":2},"end":{"line":100,"column":18}},"loc":{"start":{"line":100,"column":18},"end":{"line":107,"column":5}},"line":100},"13":{"name":"(anonymous_13)","decl":{"start":{"line":109,"column":8},"end":{"line":109,"column":25}},"loc":{"start":{"line":109,"column":37},"end":{"line":124,"column":null}},"line":109},"14":{"name":"(anonymous_14)","decl":{"start":{"line":113,"column":20},"end":{"line":113,"column":28}},"loc":{"start":{"line":113,"column":35},"end":{"line":113,"column":51}},"line":113},"15":{"name":"(anonymous_15)","decl":{"start":{"line":118,"column":9},"end":{"line":118,"column":17}},"loc":{"start":{"line":118,"column":26},"end":{"line":118,"column":52}},"line":118},"16":{"name":"(anonymous_16)","decl":{"start":{"line":119,"column":9},"end":{"line":119,"column":14}},"loc":{"start":{"line":119,"column":23},"end":{"line":119,"column":38}},"line":119},"17":{"name":"(anonymous_17)","decl":{"start":{"line":126,"column":30},"end":{"line":126,"column":42}},"loc":{"start":{"line":126,"column":42},"end":{"line":142,"column":null}},"line":126},"18":{"name":"(anonymous_18)","decl":{"start":{"line":154,"column":10},"end":{"line":154,"column":25}},"loc":{"start":{"line":154,"column":25},"end":{"line":154,"column":null}},"line":154},"19":{"name":"(anonymous_19)","decl":{"start":{"line":154,"column":25},"end":{"line":154,"column":44}},"loc":{"start":{"line":154,"column":56},"end":{"line":154,"column":64}},"line":154},"20":{"name":"(anonymous_20)","decl":{"start":{"line":167,"column":16},"end":{"line":167,"column":27}},"loc":{"start":{"line":167,"column":33},"end":{"line":167,"column":null}},"line":167},"21":{"name":"(anonymous_21)","decl":{"start":{"line":176,"column":16},"end":{"line":176,"column":27}},"loc":{"start":{"line":176,"column":33},"end":{"line":176,"column":null}},"line":176},"22":{"name":"(anonymous_22)","decl":{"start":{"line":185,"column":18},"end":{"line":185,"column":29}},"loc":{"start":{"line":185,"column":35},"end":{"line":185,"column":null}},"line":185},"23":{"name":"(anonymous_23)","decl":{"start":{"line":203,"column":18},"end":{"line":203,"column":23}},"loc":{"start":{"line":203,"column":35},"end":{"line":219,"column":9}},"line":203},"24":{"name":"(anonymous_24)","decl":{"start":{"line":212,"column":16},"end":{"line":212,"column":32}},"loc":{"start":{"line":212,"column":32},"end":{"line":212,"column":null}},"line":212},"25":{"name":"csvToIds","decl":{"start":{"line":230,"column":9},"end":{"line":230,"column":18}},"loc":{"start":{"line":230,"column":25},"end":{"line":236,"column":null}},"line":230},"26":{"name":"(anonymous_26)","decl":{"start":{"line":234,"column":5},"end":{"line":234,"column":10}},"loc":{"start":{"line":234,"column":17},"end":{"line":234,"column":26}},"line":234},"27":{"name":"LoadFormPage","decl":{"start":{"line":254,"column":24},"end":{"line":254,"column":39}},"loc":{"start":{"line":254,"column":39},"end":{"line":705,"column":null}},"line":254},"28":{"name":"(anonymous_28)","decl":{"start":{"line":276,"column":2},"end":{"line":276,"column":18}},"loc":{"start":{"line":276,"column":18},"end":{"line":341,"column":5}},"line":276},"29":{"name":"(anonymous_29)","decl":{"start":{"line":283,"column":21},"end":{"line":283,"column":28}},"loc":{"start":{"line":283,"column":57},"end":{"line":295,"column":null}},"line":283},"30":{"name":"(anonymous_30)","decl":{"start":{"line":285,"column":88},"end":{"line":285,"column":101}},"loc":{"start":{"line":285,"column":101},"end":{"line":285,"column":114}},"line":285},"31":{"name":"(anonymous_31)","decl":{"start":{"line":286,"column":35},"end":{"line":286,"column":40}},"loc":{"start":{"line":286,"column":45},"end":{"line":286,"column":62}},"line":286},"32":{"name":"(anonymous_32)","decl":{"start":{"line":290,"column":93},"end":{"line":290,"column":106}},"loc":{"start":{"line":290,"column":106},"end":{"line":290,"column":119}},"line":290},"33":{"name":"(anonymous_33)","decl":{"start":{"line":291,"column":35},"end":{"line":291,"column":40}},"loc":{"start":{"line":291,"column":45},"end":{"line":291,"column":62}},"line":291},"34":{"name":"(anonymous_34)","decl":{"start":{"line":297,"column":21},"end":{"line":297,"column":32}},"loc":{"start":{"line":297,"column":32},"end":{"line":339,"column":5}},"line":297},"35":{"name":"(anonymous_35)","decl":{"start":{"line":305,"column":44},"end":{"line":305,"column":56}},"loc":{"start":{"line":305,"column":56},"end":{"line":320,"column":7}},"line":305},"36":{"name":"(anonymous_36)","decl":{"start":{"line":313,"column":10},"end":{"line":313,"column":18}},"loc":{"start":{"line":313,"column":24},"end":{"line":313,"column":55}},"line":313},"37":{"name":"(anonymous_37)","decl":{"start":{"line":323,"column":45},"end":{"line":323,"column":57}},"loc":{"start":{"line":323,"column":57},"end":{"line":338,"column":7}},"line":323},"38":{"name":"(anonymous_38)","decl":{"start":{"line":331,"column":10},"end":{"line":331,"column":18}},"loc":{"start":{"line":331,"column":24},"end":{"line":331,"column":56}},"line":331},"39":{"name":"(anonymous_39)","decl":{"start":{"line":340,"column":4},"end":{"line":340,"column":17}},"loc":{"start":{"line":340,"column":17},"end":{"line":340,"column":null}},"line":340},"40":{"name":"(anonymous_40)","decl":{"start":{"line":343,"column":29},"end":{"line":343,"column":36}},"loc":{"start":{"line":343,"column":49},"end":{"line":360,"column":null}},"line":343},"41":{"name":"(anonymous_41)","decl":{"start":{"line":362,"column":2},"end":{"line":362,"column":18}},"loc":{"start":{"line":362,"column":18},"end":{"line":390,"column":5}},"line":362},"42":{"name":"(anonymous_42)","decl":{"start":{"line":364,"column":25},"end":{"line":364,"column":31}},"loc":{"start":{"line":364,"column":44},"end":{"line":389,"column":5}},"line":364},"43":{"name":"(anonymous_43)","decl":{"start":{"line":392,"column":2},"end":{"line":392,"column":18}},"loc":{"start":{"line":392,"column":18},"end":{"line":412,"column":5}},"line":392},"44":{"name":"(anonymous_44)","decl":{"start":{"line":401,"column":7},"end":{"line":401,"column":13}},"loc":{"start":{"line":401,"column":26},"end":{"line":403,"column":7}},"line":401},"45":{"name":"(anonymous_45)","decl":{"start":{"line":404,"column":7},"end":{"line":404,"column":19}},"loc":{"start":{"line":404,"column":19},"end":{"line":406,"column":7}},"line":404},"46":{"name":"(anonymous_46)","decl":{"start":{"line":407,"column":7},"end":{"line":407,"column":21}},"loc":{"start":{"line":407,"column":21},"end":{"line":409,"column":7}},"line":407},"47":{"name":"(anonymous_47)","decl":{"start":{"line":411,"column":4},"end":{"line":411,"column":17}},"loc":{"start":{"line":411,"column":17},"end":{"line":411,"column":null}},"line":411},"48":{"name":"(anonymous_48)","decl":{"start":{"line":414,"column":8},"end":{"line":414,"column":15}},"loc":{"start":{"line":414,"column":32},"end":{"line":414,"column":null}},"line":414},"49":{"name":"(anonymous_49)","decl":{"start":{"line":414,"column":32},"end":{"line":414,"column":40}},"loc":{"start":{"line":414,"column":46},"end":{"line":414,"column":71}},"line":414},"50":{"name":"(anonymous_50)","decl":{"start":{"line":415,"column":8},"end":{"line":415,"column":19}},"loc":{"start":{"line":415,"column":36},"end":{"line":415,"column":null}},"line":415},"51":{"name":"(anonymous_51)","decl":{"start":{"line":415,"column":36},"end":{"line":415,"column":47}},"loc":{"start":{"line":415,"column":53},"end":{"line":415,"column":78}},"line":415},"52":{"name":"(anonymous_52)","decl":{"start":{"line":417,"column":23},"end":{"line":417,"column":30}},"loc":{"start":{"line":417,"column":36},"end":{"line":420,"column":null}},"line":417},"53":{"name":"(anonymous_53)","decl":{"start":{"line":419,"column":16},"end":{"line":419,"column":20}},"loc":{"start":{"line":419,"column":26},"end":{"line":419,"column":88}},"line":419},"54":{"name":"(anonymous_54)","decl":{"start":{"line":422,"column":24},"end":{"line":422,"column":31}},"loc":{"start":{"line":422,"column":37},"end":{"line":425,"column":null}},"line":422},"55":{"name":"(anonymous_55)","decl":{"start":{"line":424,"column":16},"end":{"line":424,"column":20}},"loc":{"start":{"line":424,"column":26},"end":{"line":424,"column":68}},"line":424},"56":{"name":"(anonymous_56)","decl":{"start":{"line":427,"column":25},"end":{"line":427,"column":32}},"loc":{"start":{"line":427,"column":38},"end":{"line":430,"column":null}},"line":427},"57":{"name":"(anonymous_57)","decl":{"start":{"line":428,"column":83},"end":{"line":428,"column":96}},"loc":{"start":{"line":428,"column":96},"end":{"line":428,"column":109}},"line":428},"58":{"name":"(anonymous_58)","decl":{"start":{"line":429,"column":16},"end":{"line":429,"column":20}},"loc":{"start":{"line":429,"column":26},"end":{"line":429,"column":54}},"line":429},"59":{"name":"(anonymous_59)","decl":{"start":{"line":432,"column":23},"end":{"line":432,"column":30}},"loc":{"start":{"line":432,"column":36},"end":{"line":449,"column":null}},"line":432},"60":{"name":"(anonymous_60)","decl":{"start":{"line":453,"column":8},"end":{"line":453,"column":15}},"loc":{"start":{"line":453,"column":25},"end":{"line":454,"column":null}},"line":453},"61":{"name":"(anonymous_61)","decl":{"start":{"line":464,"column":75},"end":{"line":464,"column":90}},"loc":{"start":{"line":464,"column":90},"end":{"line":464,"column":null}},"line":464},"62":{"name":"(anonymous_62)","decl":{"start":{"line":478,"column":14},"end":{"line":478,"column":24}},"loc":{"start":{"line":478,"column":29},"end":{"line":478,"column":null}},"line":478},"63":{"name":"(anonymous_63)","decl":{"start":{"line":482,"column":24},"end":{"line":482,"column":28}},"loc":{"start":{"line":482,"column":33},"end":{"line":482,"column":82}},"line":482},"64":{"name":"(anonymous_64)","decl":{"start":{"line":492,"column":14},"end":{"line":492,"column":24}},"loc":{"start":{"line":492,"column":29},"end":{"line":492,"column":null}},"line":492},"65":{"name":"(anonymous_65)","decl":{"start":{"line":500,"column":14},"end":{"line":500,"column":24}},"loc":{"start":{"line":500,"column":29},"end":{"line":500,"column":77}},"line":500},"66":{"name":"(anonymous_66)","decl":{"start":{"line":505,"column":35},"end":{"line":505,"column":45}},"loc":{"start":{"line":505,"column":50},"end":{"line":505,"column":82}},"line":505},"67":{"name":"(anonymous_67)","decl":{"start":{"line":514,"column":91},"end":{"line":514,"column":101}},"loc":{"start":{"line":514,"column":106},"end":{"line":514,"column":151}},"line":514},"68":{"name":"(anonymous_68)","decl":{"start":{"line":516,"column":28},"end":{"line":516,"column":32}},"loc":{"start":{"line":516,"column":37},"end":{"line":516,"column":103}},"line":516},"69":{"name":"(anonymous_69)","decl":{"start":{"line":526,"column":14},"end":{"line":526,"column":24}},"loc":{"start":{"line":526,"column":32},"end":{"line":526,"column":null}},"line":526},"70":{"name":"(anonymous_70)","decl":{"start":{"line":527,"column":14},"end":{"line":527,"column":29}},"loc":{"start":{"line":527,"column":29},"end":{"line":527,"column":null}},"line":527},"71":{"name":"(anonymous_71)","decl":{"start":{"line":536,"column":14},"end":{"line":536,"column":25}},"loc":{"start":{"line":536,"column":35},"end":{"line":536,"column":null}},"line":536},"72":{"name":"(anonymous_72)","decl":{"start":{"line":537,"column":32},"end":{"line":537,"column":39}},"loc":{"start":{"line":537,"column":51},"end":{"line":549,"column":null}},"line":537},"73":{"name":"(anonymous_73)","decl":{"start":{"line":539,"column":30},"end":{"line":539,"column":36}},"loc":{"start":{"line":539,"column":45},"end":{"line":539,"column":83}},"line":539},"74":{"name":"(anonymous_74)","decl":{"start":{"line":540,"column":18},"end":{"line":540,"column":37}},"loc":{"start":{"line":540,"column":49},"end":{"line":540,"column":70}},"line":540},"75":{"name":"(anonymous_75)","decl":{"start":{"line":542,"column":16},"end":{"line":542,"column":25}},"loc":{"start":{"line":542,"column":38},"end":{"line":548,"column":18}},"line":542},"76":{"name":"(anonymous_76)","decl":{"start":{"line":559,"column":14},"end":{"line":559,"column":24}},"loc":{"start":{"line":559,"column":29},"end":{"line":559,"column":68}},"line":559},"77":{"name":"(anonymous_77)","decl":{"start":{"line":564,"column":14},"end":{"line":564,"column":24}},"loc":{"start":{"line":564,"column":29},"end":{"line":564,"column":69}},"line":564},"78":{"name":"(anonymous_78)","decl":{"start":{"line":577,"column":14},"end":{"line":577,"column":24}},"loc":{"start":{"line":577,"column":32},"end":{"line":577,"column":null}},"line":577},"79":{"name":"(anonymous_79)","decl":{"start":{"line":578,"column":14},"end":{"line":578,"column":29}},"loc":{"start":{"line":578,"column":29},"end":{"line":578,"column":null}},"line":578},"80":{"name":"(anonymous_80)","decl":{"start":{"line":589,"column":14},"end":{"line":589,"column":24}},"loc":{"start":{"line":589,"column":32},"end":{"line":589,"column":null}},"line":589},"81":{"name":"(anonymous_81)","decl":{"start":{"line":590,"column":14},"end":{"line":590,"column":29}},"loc":{"start":{"line":590,"column":29},"end":{"line":590,"column":null}},"line":590},"82":{"name":"(anonymous_82)","decl":{"start":{"line":602,"column":14},"end":{"line":602,"column":24}},"loc":{"start":{"line":602,"column":29},"end":{"line":602,"column":null}},"line":602},"83":{"name":"(anonymous_83)","decl":{"start":{"line":612,"column":14},"end":{"line":612,"column":24}},"loc":{"start":{"line":612,"column":29},"end":{"line":612,"column":null}},"line":612},"84":{"name":"(anonymous_84)","decl":{"start":{"line":629,"column":14},"end":{"line":629,"column":24}},"loc":{"start":{"line":629,"column":32},"end":{"line":629,"column":null}},"line":629},"85":{"name":"(anonymous_85)","decl":{"start":{"line":630,"column":14},"end":{"line":630,"column":29}},"loc":{"start":{"line":630,"column":29},"end":{"line":630,"column":null}},"line":630},"86":{"name":"(anonymous_86)","decl":{"start":{"line":640,"column":14},"end":{"line":640,"column":24}},"loc":{"start":{"line":640,"column":32},"end":{"line":640,"column":null}},"line":640},"87":{"name":"(anonymous_87)","decl":{"start":{"line":641,"column":14},"end":{"line":641,"column":29}},"loc":{"start":{"line":641,"column":29},"end":{"line":641,"column":null}},"line":641},"88":{"name":"(anonymous_88)","decl":{"start":{"line":651,"column":14},"end":{"line":651,"column":24}},"loc":{"start":{"line":651,"column":29},"end":{"line":651,"column":77}},"line":651},"89":{"name":"(anonymous_89)","decl":{"start":{"line":656,"column":14},"end":{"line":656,"column":24}},"loc":{"start":{"line":656,"column":29},"end":{"line":656,"column":83}},"line":656},"90":{"name":"(anonymous_90)","decl":{"start":{"line":661,"column":14},"end":{"line":661,"column":24}},"loc":{"start":{"line":661,"column":29},"end":{"line":661,"column":81}},"line":661},"91":{"name":"(anonymous_91)","decl":{"start":{"line":666,"column":14},"end":{"line":666,"column":24}},"loc":{"start":{"line":666,"column":29},"end":{"line":666,"column":78}},"line":666},"92":{"name":"(anonymous_92)","decl":{"start":{"line":671,"column":14},"end":{"line":671,"column":24}},"loc":{"start":{"line":671,"column":29},"end":{"line":671,"column":null}},"line":671},"93":{"name":"(anonymous_93)","decl":{"start":{"line":672,"column":30},"end":{"line":672,"column":34}},"loc":{"start":{"line":672,"column":39},"end":{"line":672,"column":95}},"line":672},"94":{"name":"(anonymous_94)","decl":{"start":{"line":678,"column":14},"end":{"line":678,"column":24}},"loc":{"start":{"line":678,"column":29},"end":{"line":678,"column":84}},"line":678},"95":{"name":"(anonymous_95)","decl":{"start":{"line":687,"column":35},"end":{"line":687,"column":45}},"loc":{"start":{"line":687,"column":50},"end":{"line":687,"column":83}},"line":687},"96":{"name":"(anonymous_96)","decl":{"start":{"line":697,"column":67},"end":{"line":697,"column":82}},"loc":{"start":{"line":697,"column":82},"end":{"line":697,"column":102}},"line":697}},"branchMap":{"0":{"loc":{"start":{"line":17,"column":30},"end":{"line":17,"column":65}},"type":"default-arg","locations":[{"start":{"line":17,"column":44},"end":{"line":17,"column":65}}],"line":17},"1":{"loc":{"start":{"line":18,"column":37},"end":{"line":18,"column":55}},"type":"binary-expr","locations":[{"start":{"line":18,"column":37},"end":{"line":18,"column":53}},{"start":{"line":18,"column":53},"end":{"line":18,"column":55}}],"line":18},"2":{"loc":{"start":{"line":23,"column":29},"end":{"line":23,"column":47}},"type":"binary-expr","locations":[{"start":{"line":23,"column":29},"end":{"line":23,"column":45}},{"start":{"line":23,"column":45},"end":{"line":23,"column":47}}],"line":23},"3":{"loc":{"start":{"line":29,"column":4},"end":{"line":29,"column":null}},"type":"if","locations":[{"start":{"line":29,"column":4},"end":{"line":29,"column":null}},{"start":{},"end":{}}],"line":29},"4":{"loc":{"start":{"line":52,"column":7},"end":{"line":53,"column":7}},"type":"binary-expr","locations":[{"start":{"line":52,"column":7},"end":{"line":52,"column":16}},{"start":{"line":52,"column":16},"end":{"line":53,"column":7}}],"line":52},"5":{"loc":{"start":{"line":61,"column":27},"end":{"line":61,"column":null}},"type":"binary-expr","locations":[{"start":{"line":61,"column":27},"end":{"line":61,"column":45}},{"start":{"line":61,"column":45},"end":{"line":61,"column":null}}],"line":61},"6":{"loc":{"start":{"line":65,"column":11},"end":{"line":70,"column":null}},"type":"binary-expr","locations":[{"start":{"line":65,"column":11},"end":{"line":65,"column":null}},{"start":{"line":66,"column":12},"end":{"line":70,"column":null}}],"line":65},"7":{"loc":{"start":{"line":71,"column":9},"end":{"line":86,"column":null}},"type":"binary-expr","locations":[{"start":{"line":71,"column":9},"end":{"line":71,"column":17}},{"start":{"line":71,"column":17},"end":{"line":71,"column":null}},{"start":{"line":72,"column":10},"end":{"line":86,"column":null}}],"line":71},"8":{"loc":{"start":{"line":81,"column":17},"end":{"line":82,"column":null}},"type":"binary-expr","locations":[{"start":{"line":81,"column":17},"end":{"line":81,"column":31}},{"start":{"line":81,"column":31},"end":{"line":82,"column":null}}],"line":81},"9":{"loc":{"start":{"line":101,"column":4},"end":{"line":101,"column":null}},"type":"if","locations":[{"start":{"line":101,"column":4},"end":{"line":101,"column":null}},{"start":{},"end":{}}],"line":101},"10":{"loc":{"start":{"line":101,"column":8},"end":{"line":101,"column":44}},"type":"binary-expr","locations":[{"start":{"line":101,"column":8},"end":{"line":101,"column":26}},{"start":{"line":101,"column":26},"end":{"line":101,"column":44}}],"line":101},"11":{"loc":{"start":{"line":103,"column":4},"end":{"line":106,"column":null}},"type":"if","locations":[{"start":{"line":103,"column":4},"end":{"line":106,"column":null}},{"start":{},"end":{}}],"line":103},"12":{"loc":{"start":{"line":112,"column":15},"end":{"line":114,"column":null}},"type":"cond-expr","locations":[{"start":{"line":113,"column":8},"end":{"line":113,"column":null}},{"start":{"line":114,"column":8},"end":{"line":114,"column":null}}],"line":112},"13":{"loc":{"start":{"line":116,"column":4},"end":{"line":121,"column":null}},"type":"if","locations":[{"start":{"line":116,"column":4},"end":{"line":121,"column":null}},{"start":{},"end":{}}],"line":116},"14":{"loc":{"start":{"line":116,"column":8},"end":{"line":116,"column":38}},"type":"binary-expr","locations":[{"start":{"line":116,"column":8},"end":{"line":116,"column":23}},{"start":{"line":116,"column":23},"end":{"line":116,"column":38}}],"line":116},"15":{"loc":{"start":{"line":127,"column":4},"end":{"line":127,"column":null}},"type":"if","locations":[{"start":{"line":127,"column":4},"end":{"line":127,"column":null}},{"start":{},"end":{}}],"line":127},"16":{"loc":{"start":{"line":127,"column":8},"end":{"line":127,"column":81}},"type":"binary-expr","locations":[{"start":{"line":127,"column":8},"end":{"line":127,"column":21}},{"start":{"line":127,"column":21},"end":{"line":127,"column":41}},{"start":{"line":127,"column":41},"end":{"line":127,"column":62}},{"start":{"line":127,"column":62},"end":{"line":127,"column":81}}],"line":127},"17":{"loc":{"start":{"line":138,"column":21},"end":{"line":138,"column":86}},"type":"cond-expr","locations":[{"start":{"line":138,"column":32},"end":{"line":138,"column":59}},{"start":{"line":138,"column":59},"end":{"line":138,"column":86}}],"line":138},"18":{"loc":{"start":{"line":159,"column":7},"end":{"line":200,"column":null}},"type":"binary-expr","locations":[{"start":{"line":159,"column":7},"end":{"line":159,"column":null}},{"start":{"line":160,"column":8},"end":{"line":200,"column":null}}],"line":159},"19":{"loc":{"start":{"line":191,"column":28},"end":{"line":191,"column":null}},"type":"binary-expr","locations":[{"start":{"line":191,"column":28},"end":{"line":191,"column":47}},{"start":{"line":191,"column":47},"end":{"line":191,"column":67}},{"start":{"line":191,"column":67},"end":{"line":191,"column":88}},{"start":{"line":191,"column":88},"end":{"line":191,"column":null}}],"line":191},"20":{"loc":{"start":{"line":199,"column":11},"end":{"line":200,"column":null}},"type":"binary-expr","locations":[{"start":{"line":199,"column":11},"end":{"line":199,"column":26}},{"start":{"line":199,"column":26},"end":{"line":200,"column":null}}],"line":199},"21":{"loc":{"start":{"line":211,"column":26},"end":{"line":211,"column":null}},"type":"binary-expr","locations":[{"start":{"line":211,"column":26},"end":{"line":211,"column":39}},{"start":{"line":211,"column":39},"end":{"line":211,"column":null}}],"line":211},"22":{"loc":{"start":{"line":221,"column":7},"end":{"line":221,"column":null}},"type":"binary-expr","locations":[{"start":{"line":221,"column":7},"end":{"line":221,"column":20}},{"start":{"line":221,"column":20},"end":{"line":221,"column":null}}],"line":221},"23":{"loc":{"start":{"line":222,"column":7},"end":{"line":222,"column":null}},"type":"binary-expr","locations":[{"start":{"line":222,"column":7},"end":{"line":222,"column":19}},{"start":{"line":222,"column":19},"end":{"line":222,"column":30}},{"start":{"line":222,"column":30},"end":{"line":222,"column":null}}],"line":222},"24":{"loc":{"start":{"line":223,"column":7},"end":{"line":224,"column":null}},"type":"binary-expr","locations":[{"start":{"line":223,"column":7},"end":{"line":223,"column":19}},{"start":{"line":223,"column":19},"end":{"line":223,"column":31}},{"start":{"line":223,"column":31},"end":{"line":223,"column":null}},{"start":{"line":224,"column":8},"end":{"line":224,"column":null}}],"line":223},"25":{"loc":{"start":{"line":231,"column":2},"end":{"line":231,"column":null}},"type":"if","locations":[{"start":{"line":231,"column":2},"end":{"line":231,"column":null}},{"start":{},"end":{}}],"line":231},"26":{"loc":{"start":{"line":277,"column":4},"end":{"line":277,"column":null}},"type":"if","locations":[{"start":{"line":277,"column":4},"end":{"line":277,"column":null}},{"start":{},"end":{}}],"line":277},"27":{"loc":{"start":{"line":278,"column":4},"end":{"line":278,"column":null}},"type":"if","locations":[{"start":{"line":278,"column":4},"end":{"line":278,"column":null}},{"start":{},"end":{}}],"line":278},"28":{"loc":{"start":{"line":284,"column":6},"end":{"line":288,"column":null}},"type":"if","locations":[{"start":{"line":284,"column":6},"end":{"line":288,"column":null}},{"start":{},"end":{}}],"line":284},"29":{"loc":{"start":{"line":286,"column":22},"end":{"line":286,"column":null}},"type":"cond-expr","locations":[{"start":{"line":286,"column":30},"end":{"line":286,"column":66}},{"start":{"line":286,"column":66},"end":{"line":286,"column":null}}],"line":286},"30":{"loc":{"start":{"line":287,"column":8},"end":{"line":287,"column":null}},"type":"if","locations":[{"start":{"line":287,"column":8},"end":{"line":287,"column":null}},{"start":{},"end":{}}],"line":287},"31":{"loc":{"start":{"line":289,"column":6},"end":{"line":293,"column":null}},"type":"if","locations":[{"start":{"line":289,"column":6},"end":{"line":293,"column":null}},{"start":{},"end":{}}],"line":289},"32":{"loc":{"start":{"line":291,"column":22},"end":{"line":291,"column":null}},"type":"cond-expr","locations":[{"start":{"line":291,"column":30},"end":{"line":291,"column":66}},{"start":{"line":291,"column":66},"end":{"line":291,"column":null}}],"line":291},"33":{"loc":{"start":{"line":292,"column":8},"end":{"line":292,"column":null}},"type":"if","locations":[{"start":{"line":292,"column":8},"end":{"line":292,"column":null}},{"start":{},"end":{}}],"line":292},"34":{"loc":{"start":{"line":298,"column":6},"end":{"line":298,"column":null}},"type":"if","locations":[{"start":{"line":298,"column":6},"end":{"line":298,"column":null}},{"start":{},"end":{}}],"line":298},"35":{"loc":{"start":{"line":307,"column":8},"end":{"line":307,"column":null}},"type":"if","locations":[{"start":{"line":307,"column":8},"end":{"line":307,"column":null}},{"start":{},"end":{}}],"line":307},"36":{"loc":{"start":{"line":309,"column":8},"end":{"line":309,"column":null}},"type":"if","locations":[{"start":{"line":309,"column":8},"end":{"line":309,"column":null}},{"start":{},"end":{}}],"line":309},"37":{"loc":{"start":{"line":312,"column":8},"end":{"line":315,"column":null}},"type":"if","locations":[{"start":{"line":312,"column":8},"end":{"line":315,"column":null}},{"start":{},"end":{}}],"line":312},"38":{"loc":{"start":{"line":316,"column":8},"end":{"line":319,"column":null}},"type":"if","locations":[{"start":{"line":316,"column":8},"end":{"line":319,"column":null}},{"start":{},"end":{}}],"line":316},"39":{"loc":{"start":{"line":318,"column":10},"end":{"line":318,"column":null}},"type":"if","locations":[{"start":{"line":318,"column":10},"end":{"line":318,"column":null}},{"start":{},"end":{}}],"line":318},"40":{"loc":{"start":{"line":325,"column":8},"end":{"line":325,"column":null}},"type":"if","locations":[{"start":{"line":325,"column":8},"end":{"line":325,"column":null}},{"start":{},"end":{}}],"line":325},"41":{"loc":{"start":{"line":327,"column":8},"end":{"line":327,"column":null}},"type":"if","locations":[{"start":{"line":327,"column":8},"end":{"line":327,"column":null}},{"start":{},"end":{}}],"line":327},"42":{"loc":{"start":{"line":330,"column":8},"end":{"line":333,"column":null}},"type":"if","locations":[{"start":{"line":330,"column":8},"end":{"line":333,"column":null}},{"start":{},"end":{}}],"line":330},"43":{"loc":{"start":{"line":334,"column":8},"end":{"line":337,"column":null}},"type":"if","locations":[{"start":{"line":334,"column":8},"end":{"line":337,"column":null}},{"start":{},"end":{}}],"line":334},"44":{"loc":{"start":{"line":336,"column":10},"end":{"line":336,"column":null}},"type":"if","locations":[{"start":{"line":336,"column":10},"end":{"line":336,"column":null}},{"start":{},"end":{}}],"line":336},"45":{"loc":{"start":{"line":344,"column":4},"end":{"line":347,"column":null}},"type":"if","locations":[{"start":{"line":344,"column":4},"end":{"line":347,"column":null}},{"start":{},"end":{}}],"line":344},"46":{"loc":{"start":{"line":363,"column":4},"end":{"line":363,"column":null}},"type":"if","locations":[{"start":{"line":363,"column":4},"end":{"line":363,"column":null}},{"start":{},"end":{}}],"line":363},"47":{"loc":{"start":{"line":366,"column":16},"end":{"line":366,"column":35}},"type":"binary-expr","locations":[{"start":{"line":366,"column":16},"end":{"line":366,"column":31}},{"start":{"line":366,"column":31},"end":{"line":366,"column":35}}],"line":366},"48":{"loc":{"start":{"line":366,"column":43},"end":{"line":366,"column":null}},"type":"binary-expr","locations":[{"start":{"line":366,"column":43},"end":{"line":366,"column":58}},{"start":{"line":366,"column":58},"end":{"line":366,"column":null}}],"line":366},"49":{"loc":{"start":{"line":367,"column":17},"end":{"line":367,"column":37}},"type":"binary-expr","locations":[{"start":{"line":367,"column":17},"end":{"line":367,"column":33}},{"start":{"line":367,"column":33},"end":{"line":367,"column":37}}],"line":367},"50":{"loc":{"start":{"line":367,"column":48},"end":{"line":367,"column":null}},"type":"binary-expr","locations":[{"start":{"line":367,"column":48},"end":{"line":367,"column":66}},{"start":{"line":367,"column":66},"end":{"line":367,"column":null}}],"line":367},"51":{"loc":{"start":{"line":368,"column":16},"end":{"line":368,"column":34}},"type":"binary-expr","locations":[{"start":{"line":368,"column":16},"end":{"line":368,"column":31}},{"start":{"line":368,"column":31},"end":{"line":368,"column":34}}],"line":368},"52":{"loc":{"start":{"line":368,"column":50},"end":{"line":368,"column":null}},"type":"binary-expr","locations":[{"start":{"line":368,"column":50},"end":{"line":368,"column":73}},{"start":{"line":368,"column":73},"end":{"line":368,"column":null}}],"line":368},"53":{"loc":{"start":{"line":369,"column":22},"end":{"line":369,"column":46}},"type":"binary-expr","locations":[{"start":{"line":369,"column":22},"end":{"line":369,"column":43}},{"start":{"line":369,"column":43},"end":{"line":369,"column":46}}],"line":369},"54":{"loc":{"start":{"line":369,"column":53},"end":{"line":369,"column":null}},"type":"binary-expr","locations":[{"start":{"line":369,"column":53},"end":{"line":369,"column":67}},{"start":{"line":369,"column":67},"end":{"line":369,"column":null}}],"line":369},"55":{"loc":{"start":{"line":370,"column":21},"end":{"line":370,"column":null}},"type":"binary-expr","locations":[{"start":{"line":370,"column":21},"end":{"line":370,"column":41}},{"start":{"line":370,"column":41},"end":{"line":370,"column":null}}],"line":370},"56":{"loc":{"start":{"line":371,"column":21},"end":{"line":371,"column":45}},"type":"binary-expr","locations":[{"start":{"line":371,"column":21},"end":{"line":371,"column":41}},{"start":{"line":371,"column":41},"end":{"line":371,"column":45}}],"line":371},"57":{"loc":{"start":{"line":371,"column":61},"end":{"line":371,"column":null}},"type":"binary-expr","locations":[{"start":{"line":371,"column":61},"end":{"line":371,"column":84}},{"start":{"line":371,"column":84},"end":{"line":371,"column":null}}],"line":371},"58":{"loc":{"start":{"line":372,"column":21},"end":{"line":372,"column":null}},"type":"binary-expr","locations":[{"start":{"line":372,"column":21},"end":{"line":372,"column":41}},{"start":{"line":372,"column":41},"end":{"line":372,"column":null}}],"line":372},"59":{"loc":{"start":{"line":373,"column":22},"end":{"line":373,"column":47}},"type":"binary-expr","locations":[{"start":{"line":373,"column":22},"end":{"line":373,"column":43}},{"start":{"line":373,"column":43},"end":{"line":373,"column":47}}],"line":373},"60":{"loc":{"start":{"line":373,"column":64},"end":{"line":373,"column":null}},"type":"binary-expr","locations":[{"start":{"line":373,"column":64},"end":{"line":373,"column":88}},{"start":{"line":373,"column":88},"end":{"line":373,"column":null}}],"line":373},"61":{"loc":{"start":{"line":374,"column":22},"end":{"line":374,"column":null}},"type":"binary-expr","locations":[{"start":{"line":374,"column":22},"end":{"line":374,"column":43}},{"start":{"line":374,"column":43},"end":{"line":374,"column":null}}],"line":374},"62":{"loc":{"start":{"line":375,"column":16},"end":{"line":375,"column":37}},"type":"binary-expr","locations":[{"start":{"line":375,"column":16},"end":{"line":375,"column":31}},{"start":{"line":375,"column":31},"end":{"line":375,"column":37}}],"line":375},"63":{"loc":{"start":{"line":375,"column":54},"end":{"line":375,"column":null}},"type":"binary-expr","locations":[{"start":{"line":375,"column":54},"end":{"line":375,"column":78}},{"start":{"line":375,"column":78},"end":{"line":375,"column":null}}],"line":375},"64":{"loc":{"start":{"line":376,"column":22},"end":{"line":376,"column":49}},"type":"binary-expr","locations":[{"start":{"line":376,"column":22},"end":{"line":376,"column":43}},{"start":{"line":376,"column":43},"end":{"line":376,"column":49}}],"line":376},"65":{"loc":{"start":{"line":376,"column":58},"end":{"line":376,"column":null}},"type":"binary-expr","locations":[{"start":{"line":376,"column":58},"end":{"line":376,"column":74}},{"start":{"line":376,"column":74},"end":{"line":376,"column":null}}],"line":376},"66":{"loc":{"start":{"line":377,"column":17},"end":{"line":377,"column":39}},"type":"binary-expr","locations":[{"start":{"line":377,"column":17},"end":{"line":377,"column":33}},{"start":{"line":377,"column":33},"end":{"line":377,"column":39}}],"line":377},"67":{"loc":{"start":{"line":377,"column":49},"end":{"line":377,"column":null}},"type":"binary-expr","locations":[{"start":{"line":377,"column":49},"end":{"line":377,"column":66}},{"start":{"line":377,"column":66},"end":{"line":377,"column":null}}],"line":377},"68":{"loc":{"start":{"line":378,"column":17},"end":{"line":378,"column":null}},"type":"binary-expr","locations":[{"start":{"line":378,"column":17},"end":{"line":378,"column":33}},{"start":{"line":378,"column":33},"end":{"line":378,"column":null}}],"line":378},"69":{"loc":{"start":{"line":381,"column":16},"end":{"line":381,"column":null}},"type":"binary-expr","locations":[{"start":{"line":381,"column":16},"end":{"line":381,"column":36}},{"start":{"line":381,"column":36},"end":{"line":381,"column":null}}],"line":381},"70":{"loc":{"start":{"line":382,"column":21},"end":{"line":382,"column":null}},"type":"binary-expr","locations":[{"start":{"line":382,"column":21},"end":{"line":382,"column":49}},{"start":{"line":382,"column":49},"end":{"line":382,"column":null}}],"line":382},"71":{"loc":{"start":{"line":383,"column":22},"end":{"line":383,"column":null}},"type":"binary-expr","locations":[{"start":{"line":383,"column":22},"end":{"line":383,"column":51}},{"start":{"line":383,"column":51},"end":{"line":383,"column":null}}],"line":383},"72":{"loc":{"start":{"line":384,"column":17},"end":{"line":384,"column":null}},"type":"binary-expr","locations":[{"start":{"line":384,"column":17},"end":{"line":384,"column":38}},{"start":{"line":384,"column":38},"end":{"line":384,"column":null}}],"line":384},"73":{"loc":{"start":{"line":385,"column":18},"end":{"line":385,"column":null}},"type":"binary-expr","locations":[{"start":{"line":385,"column":18},"end":{"line":385,"column":40}},{"start":{"line":385,"column":40},"end":{"line":385,"column":null}}],"line":385},"74":{"loc":{"start":{"line":386,"column":17},"end":{"line":386,"column":null}},"type":"binary-expr","locations":[{"start":{"line":386,"column":17},"end":{"line":386,"column":38}},{"start":{"line":386,"column":38},"end":{"line":386,"column":null}}],"line":386},"75":{"loc":{"start":{"line":393,"column":4},"end":{"line":396,"column":null}},"type":"if","locations":[{"start":{"line":393,"column":4},"end":{"line":396,"column":null}},{"start":{},"end":{}}],"line":393},"76":{"loc":{"start":{"line":402,"column":8},"end":{"line":402,"column":null}},"type":"if","locations":[{"start":{"line":402,"column":8},"end":{"line":402,"column":null}},{"start":{},"end":{}}],"line":402},"77":{"loc":{"start":{"line":405,"column":8},"end":{"line":405,"column":null}},"type":"if","locations":[{"start":{"line":405,"column":8},"end":{"line":405,"column":null}},{"start":{},"end":{}}],"line":405},"78":{"loc":{"start":{"line":408,"column":8},"end":{"line":408,"column":null}},"type":"if","locations":[{"start":{"line":408,"column":8},"end":{"line":408,"column":null}},{"start":{},"end":{}}],"line":408},"79":{"loc":{"start":{"line":424,"column":45},"end":{"line":424,"column":66}},"type":"binary-expr","locations":[{"start":{"line":424,"column":45},"end":{"line":424,"column":59}},{"start":{"line":424,"column":59},"end":{"line":424,"column":66}}],"line":424},"80":{"loc":{"start":{"line":437,"column":6},"end":{"line":443,"column":null}},"type":"if","locations":[{"start":{"line":437,"column":6},"end":{"line":443,"column":null}},{"start":{"line":440,"column":13},"end":{"line":443,"column":null}}],"line":437},"81":{"loc":{"start":{"line":445,"column":6},"end":{"line":445,"column":null}},"type":"if","locations":[{"start":{"line":445,"column":6},"end":{"line":445,"column":null}},{"start":{},"end":{}}],"line":445},"82":{"loc":{"start":{"line":451,"column":2},"end":{"line":451,"column":null}},"type":"if","locations":[{"start":{"line":451,"column":2},"end":{"line":451,"column":null}},{"start":{},"end":{}}],"line":451},"83":{"loc":{"start":{"line":453,"column":25},"end":{"line":454,"column":null}},"type":"binary-expr","locations":[{"start":{"line":453,"column":25},"end":{"line":453,"column":null}},{"start":{"line":454,"column":4},"end":{"line":454,"column":null}}],"line":453},"84":{"loc":{"start":{"line":454,"column":45},"end":{"line":454,"column":122}},"type":"cond-expr","locations":[{"start":{"line":454,"column":76},"end":{"line":454,"column":103}},{"start":{"line":454,"column":103},"end":{"line":454,"column":122}}],"line":454},"85":{"loc":{"start":{"line":462,"column":11},"end":{"line":462,"column":null}},"type":"cond-expr","locations":[{"start":{"line":462,"column":20},"end":{"line":462,"column":50}},{"start":{"line":462,"column":50},"end":{"line":462,"column":null}}],"line":462},"86":{"loc":{"start":{"line":476,"column":55},"end":{"line":476,"column":null}},"type":"cond-expr","locations":[{"start":{"line":476,"column":72},"end":{"line":476,"column":87}},{"start":{"line":476,"column":87},"end":{"line":476,"column":null}}],"line":476},"87":{"loc":{"start":{"line":477,"column":21},"end":{"line":477,"column":null}},"type":"binary-expr","locations":[{"start":{"line":477,"column":21},"end":{"line":477,"column":37}},{"start":{"line":477,"column":37},"end":{"line":477,"column":null}}],"line":477},"88":{"loc":{"start":{"line":478,"column":44},"end":{"line":478,"column":66}},"type":"binary-expr","locations":[{"start":{"line":478,"column":44},"end":{"line":478,"column":62}},{"start":{"line":478,"column":62},"end":{"line":478,"column":66}}],"line":478},"89":{"loc":{"start":{"line":490,"column":57},"end":{"line":490,"column":null}},"type":"cond-expr","locations":[{"start":{"line":490,"column":73},"end":{"line":490,"column":88}},{"start":{"line":490,"column":88},"end":{"line":490,"column":null}}],"line":490},"90":{"loc":{"start":{"line":500,"column":43},"end":{"line":500,"column":74}},"type":"binary-expr","locations":[{"start":{"line":500,"column":43},"end":{"line":500,"column":73}},{"start":{"line":500,"column":73},"end":{"line":500,"column":74}}],"line":500},"91":{"loc":{"start":{"line":504,"column":88},"end":{"line":504,"column":null}},"type":"cond-expr","locations":[{"start":{"line":504,"column":105},"end":{"line":504,"column":120}},{"start":{"line":504,"column":120},"end":{"line":504,"column":null}}],"line":504},"92":{"loc":{"start":{"line":514,"column":66},"end":{"line":514,"column":91}},"type":"binary-expr","locations":[{"start":{"line":514,"column":66},"end":{"line":514,"column":87}},{"start":{"line":514,"column":87},"end":{"line":514,"column":91}}],"line":514},"93":{"loc":{"start":{"line":514,"column":126},"end":{"line":514,"column":148}},"type":"binary-expr","locations":[{"start":{"line":514,"column":126},"end":{"line":514,"column":144}},{"start":{"line":514,"column":144},"end":{"line":514,"column":148}}],"line":514},"94":{"loc":{"start":{"line":539,"column":16},"end":{"line":541,"column":null}},"type":"if","locations":[{"start":{"line":539,"column":16},"end":{"line":541,"column":null}},{"start":{},"end":{}}],"line":539},"95":{"loc":{"start":{"line":604,"column":57},"end":{"line":604,"column":null}},"type":"cond-expr","locations":[{"start":{"line":604,"column":78},"end":{"line":604,"column":93}},{"start":{"line":604,"column":93},"end":{"line":604,"column":null}}],"line":604},"96":{"loc":{"start":{"line":614,"column":57},"end":{"line":614,"column":null}},"type":"cond-expr","locations":[{"start":{"line":614,"column":79},"end":{"line":614,"column":94}},{"start":{"line":614,"column":94},"end":{"line":614,"column":null}}],"line":614},"97":{"loc":{"start":{"line":651,"column":42},"end":{"line":651,"column":73}},"type":"binary-expr","locations":[{"start":{"line":651,"column":42},"end":{"line":651,"column":72}},{"start":{"line":651,"column":72},"end":{"line":651,"column":73}}],"line":651},"98":{"loc":{"start":{"line":656,"column":48},"end":{"line":656,"column":79}},"type":"binary-expr","locations":[{"start":{"line":656,"column":48},"end":{"line":656,"column":78}},{"start":{"line":656,"column":78},"end":{"line":656,"column":79}}],"line":656},"99":{"loc":{"start":{"line":661,"column":46},"end":{"line":661,"column":77}},"type":"binary-expr","locations":[{"start":{"line":661,"column":46},"end":{"line":661,"column":76}},{"start":{"line":661,"column":76},"end":{"line":661,"column":77}}],"line":661},"100":{"loc":{"start":{"line":666,"column":43},"end":{"line":666,"column":74}},"type":"binary-expr","locations":[{"start":{"line":666,"column":43},"end":{"line":666,"column":73}},{"start":{"line":666,"column":73},"end":{"line":666,"column":74}}],"line":666},"101":{"loc":{"start":{"line":678,"column":49},"end":{"line":678,"column":80}},"type":"binary-expr","locations":[{"start":{"line":678,"column":49},"end":{"line":678,"column":79}},{"start":{"line":678,"column":79},"end":{"line":678,"column":80}}],"line":678},"102":{"loc":{"start":{"line":694,"column":13},"end":{"line":695,"column":22}},"type":"binary-expr","locations":[{"start":{"line":694,"column":13},"end":{"line":694,"column":23}},{"start":{"line":694,"column":23},"end":{"line":695,"column":22}}],"line":694},"103":{"loc":{"start":{"line":695,"column":13},"end":{"line":695,"column":null}},"type":"cond-expr","locations":[{"start":{"line":695,"column":22},"end":{"line":695,"column":39}},{"start":{"line":695,"column":39},"end":{"line":695,"column":null}}],"line":695}},"s":{"0":1,"1":180,"2":180,"3":180,"4":180,"5":180,"6":90,"7":180,"8":0,"9":0,"10":0,"11":0,"12":0,"13":0,"14":0,"15":0,"16":0,"17":0,"18":0,"19":180,"20":0,"21":0,"22":0,"23":0,"24":180,"25":0,"26":0,"27":0,"28":180,"29":0,"30":0,"31":0,"32":0,"33":0,"34":51,"35":51,"36":51,"37":51,"38":51,"39":51,"40":51,"41":51,"42":37,"43":35,"44":2,"45":2,"46":2,"47":2,"48":51,"49":1,"50":1,"51":1,"52":0,"53":1,"54":1,"55":2,"56":2,"57":1,"58":1,"59":51,"60":2,"61":0,"62":2,"63":2,"64":2,"65":2,"66":2,"67":2,"68":2,"69":2,"70":0,"71":0,"72":2,"73":51,"74":3,"75":3,"76":3,"77":3,"78":2,"79":50,"80":50,"81":1,"82":53,"83":20,"84":33,"85":38,"86":1,"87":1,"88":52,"89":52,"90":52,"91":52,"92":52,"93":52,"94":52,"95":52,"96":52,"97":52,"98":52,"99":52,"100":52,"101":52,"102":52,"103":52,"104":52,"105":52,"106":26,"107":8,"108":18,"109":0,"110":18,"111":18,"112":18,"113":0,"114":0,"115":0,"116":0,"117":0,"118":0,"119":0,"120":0,"121":0,"122":0,"123":0,"124":0,"125":0,"126":0,"127":0,"128":18,"129":0,"130":0,"131":0,"132":0,"133":0,"134":0,"135":0,"136":0,"137":0,"138":0,"139":0,"140":0,"141":0,"142":0,"143":0,"144":0,"145":0,"146":0,"147":0,"148":0,"149":0,"150":0,"151":0,"152":0,"153":0,"154":0,"155":0,"156":0,"157":0,"158":0,"159":0,"160":0,"161":0,"162":0,"163":0,"164":0,"165":0,"166":0,"167":0,"168":18,"169":18,"170":52,"171":2,"172":0,"173":0,"174":2,"175":2,"176":2,"177":2,"178":2,"179":0,"180":0,"181":2,"182":52,"183":18,"184":10,"185":8,"186":8,"187":8,"188":8,"189":52,"190":26,"191":18,"192":18,"193":8,"194":8,"195":8,"196":8,"197":8,"198":0,"199":0,"200":8,"201":8,"202":8,"203":8,"204":52,"205":21,"206":21,"207":52,"208":0,"209":0,"210":52,"211":0,"212":0,"213":0,"214":52,"215":0,"216":0,"217":0,"218":52,"219":0,"220":0,"221":0,"222":0,"223":52,"224":0,"225":0,"226":0,"227":0,"228":0,"229":0,"230":0,"231":0,"232":0,"233":0,"234":0,"235":0,"236":52,"237":16,"238":36,"239":252,"240":36,"241":0,"242":0,"243":72,"244":0,"245":0,"246":0,"247":0,"248":72,"249":0,"250":0,"251":0,"252":0,"253":0,"254":0,"255":1,"256":2,"257":2,"258":4,"259":2,"260":2,"261":2,"262":2,"263":0,"264":0,"265":0,"266":0,"267":0,"268":0,"269":0,"270":0,"271":0,"272":0,"273":10,"274":10,"275":0,"276":0,"277":0,"278":0,"279":0,"280":0,"281":0,"282":0,"283":0,"284":0,"285":0,"286":0,"287":0,"288":144,"289":0,"290":0,"291":0},"f":{"0":180,"1":90,"2":0,"3":0,"4":0,"5":0,"6":0,"7":0,"8":0,"9":0,"10":0,"11":51,"12":37,"13":1,"14":0,"15":2,"16":2,"17":2,"18":3,"19":3,"20":3,"21":3,"22":2,"23":50,"24":1,"25":53,"26":38,"27":52,"28":26,"29":0,"30":0,"31":0,"32":0,"33":0,"34":0,"35":0,"36":0,"37":0,"38":0,"39":18,"40":2,"41":18,"42":8,"43":26,"44":8,"45":0,"46":8,"47":8,"48":21,"49":21,"50":0,"51":0,"52":0,"53":0,"54":0,"55":0,"56":0,"57":0,"58":0,"59":0,"60":252,"61":0,"62":0,"63":72,"64":0,"65":0,"66":0,"67":0,"68":72,"69":0,"70":0,"71":1,"72":2,"73":4,"74":2,"75":2,"76":0,"77":0,"78":0,"79":0,"80":0,"81":0,"82":10,"83":10,"84":0,"85":0,"86":0,"87":0,"88":0,"89":0,"90":0,"91":0,"92":0,"93":144,"94":0,"95":0,"96":0},"b":{"0":[180],"1":[180,132],"2":[90,66],"3":[0,0],"4":[180,180],"5":[0,0],"6":[180,48],"7":[180,0,0],"8":[0,0],"9":[35,2],"10":[37,2],"11":[2,0],"12":[0,1],"13":[1,0],"14":[1,1],"15":[0,2],"16":[2,2,2,2],"17":[0,0],"18":[51,13],"19":[13,11,8,5],"20":[13,0],"21":[50,50],"22":[51,20],"23":[51,31,0],"24":[51,31,31,8],"25":[20,33],"26":[8,18],"27":[0,18],"28":[0,0],"29":[0,0],"30":[0,0],"31":[0,0],"32":[0,0],"33":[0,0],"34":[0,0],"35":[0,0],"36":[0,0],"37":[0,0],"38":[0,0],"39":[0,0],"40":[0,0],"41":[0,0],"42":[0,0],"43":[0,0],"44":[0,0],"45":[0,2],"46":[10,8],"47":[8,0],"48":[8,0],"49":[8,0],"50":[8,8],"51":[8,8],"52":[8,8],"53":[8,8],"54":[8,0],"55":[8,0],"56":[8,0],"57":[8,0],"58":[8,0],"59":[8,0],"60":[8,0],"61":[8,0],"62":[8,0],"63":[8,0],"64":[8,0],"65":[8,0],"66":[8,8],"67":[8,8],"68":[8,0],"69":[8,0],"70":[8,0],"71":[8,0],"72":[8,8],"
[...]
inity:undefined:undefined:undefined:undefined":3,"s:29:4:29:Infinity":11,"s:29:24:29:40":12,"s:29:40:29:56":13,"s:29:56:29:64":14,"s:30:4:34:Infinity":15,"f:30:31:30:43":3,"s:31:19:31:Infinity":16,"s:32:6:32:Infinity":17,"s:33:6:33:Infinity":18,"s:37:8:42:Infinity":19,"f:37:8:37:16":4,"s:38:4:38:Infinity":20,"s:39:4:39:Infinity":21,"s:40:4:40:Infinity":22,"s:41:4:41:Infinity":23,"s:44:8:48:Infinity":24,"f:44:8:44:22":5,"s:45:4:45:Infinity":25,"s:46:4:46:Infinity":26,"s:47:4:47:Infinity":27,"s:50:2:87:Infinity":28,"b:52:7:52:16:52:16:53:7":4,"f:61:12:61:27":6,"s:61:27:61:Infinity":29,"b:61:27:61:45:61:45:61:Infinity":5,"f:62:12:62:26":7,"s:62:26:62:Infinity":30,"f:62:26:62:43":8,"s:62:43:62:59":31,"b:65:11:65:Infinity:66:12:70:Infinity":6,"b:71:9:71:17:71:17:71:Infinity:72:10:86:Infinity":7,"f:73:21:73:25":9,"s:74:14:82:Infinity":32,"f:78:16:78:35":10,"s:78:35:78:Infinity":33,"b:81:17:81:31:81:31:82:Infinity":8,"f:91:9:91:30":11,"s:92:25:92:Infinity":34,"s:93:21:93:Infinity":35,"s:94:26:94:Infinity":36,"s:95:22:95:Infinity":37,"s:96:24:96:Infinity":38,"s:97:8:97:Infinity":39,"s:98:22:98:Infinity":40,"s:100:2:107:Infinity":41,"f:100:2:100:18":12,"b:101:4:101:Infinity:undefined:undefined:undefined:undefined":9,"s:101:4:101:Infinity":42,"b:101:8:101:26:101:26:101:44":10,"s:101:44:101:Infinity":43,"s:102:15:102:Infinity":44,"b:103:4:106:Infinity:undefined:undefined:undefined:undefined":11,"s:103:4:106:Infinity":45,"s:104:6:104:Infinity":46,"s:105:6:105:Infinity":47,"s:109:8:124:Infinity":48,"f:109:8:109:25":13,"s:110:22:110:Infinity":49,"s:111:23:111:Infinity":50,"s:112:15:114:Infinity":51,"b:113:8:113:Infinity:114:8:114:Infinity":12,"f:113:20:113:28":14,"s:113:35:113:51":52,"b:116:4:121:Infinity:undefined:undefined:undefined:undefined":13,"s:116:4:121:Infinity":53,"b:116:8:116:23:116:23:116:38":14,"s:117:22:119:Infinity":54,"f:118:9:118:17":15,"s:118:26:118:52":55,"f:119:9:119:14":16,"s:119:23:119:38":56,"s:120:6:120:Infinity":57,"s:123:4:123:Infinity":58,"s:126:30:142:Infinity":59,"f:126:30:126:42":17,"b:127:4:127:Infinity:undefined:undefined:undefined:undefined":15,"s:127:4:127:Infinity":60,"b:127:8:127:21:127:21:127:41:127:41:127:62:127:62:127:81":16,"s:127:81:127:Infinity":61,"s:128:4:128:Infinity":62,"s:129:4:129:Infinity":63,"s:130:4:141:Infinity":64,"s:131:23:131:Infinity":65,"s:132:6:132:Infinity":66,"s:133:6:133:Infinity":67,"s:134:6:134:Infinity":68,"s:135:6:135:Infinity":69,"s:137:23:137:Infinity":70,"s:138:6:138:Infinity":71,"b:138:32:138:59:138:59:138:86":17,"s:140:6:140:Infinity":72,"s:144:2:226:Infinity":73,"f:154:10:154:25":18,"s:154:25:154:Infinity":74,"f:154:25:154:44":19,"s:154:56:154:64":75,"b:159:7:159:Infinity:160:8:200:Infinity":18,"f:167:16:167:27":20,"s:167:33:167:Infinity":76,"f:176:16:176:27":21,"s:176:33:176:Infinity":77,"f:185:18:185:29":22,"s:185:35:185:Infinity":78,"b:191:28:191:47:191:47:191:67:191:67:191:88:191:88:191:Infinity":19,"b:199:11:199:26:199:26:200:Infinity":20,"f:203:18:203:23":23,"s:204:28:204:Infinity":79,"s:205:10:217:Infinity":80,"b:211:26:211:39:211:39:211:Infinity":21,"f:212:16:212:32":24,"s:212:32:212:Infinity":81,"b:221:7:221:20:221:20:221:Infinity":22,"b:222:7:222:19:222:19:222:30:222:30:222:Infinity":23,"b:223:7:223:19:223:19:223:31:223:31:223:Infinity:224:8:224:Infinity":24,"f:230:9:230:18":25,"b:231:2:231:Infinity:undefined:undefined:undefined:undefined":25,"s:231:2:231:Infinity":82,"s:231:14:231:Infinity":83,"s:232:2:235:Infinity":84,"f:234:5:234:10":26,"s:234:17:234:26":85,"s:238:14:248:Infinity":86,"s:250:22:252:Infinity":87,"f:254:24:254:39":27,"s:255:10:255:Infinity":88,"s:256:8:256:Infinity":89,"s:257:17:257:Infinity":90,"s:259:15:259:Infinity":91,"s:260:18:260:Infinity":92,"s:261:17:261:Infinity":93,"s:262:25:262:Infinity":94,"s:263:32:263:Infinity":95,"s:264:17:264:Infinity":96,"s:265:22:265:Infinity":97,"s:267:8:267:Infinity":98,"s:268:8:268:Infinity":99,"s:270:8:270:Infinity":100,"s:271:8:271:Infinity":101,"s:272:8:272:Infinity":102,"s:273:8:273:Infinity":103,"s:274:8:274:Infinity":104,"s:276:2:341:Infinity":105,"f:276:2:276:18":28,"b:277:4:277:Infinity:undefined:undefined:undefined:undefined":26,"s:277:4:277:Infinity":106,"s:277:21:277:Infinity":107,"b:278:4:278:Infinity:undefined:undefined:undefined:undefined":27,"s:278:4:278:Infinity":108,"s:278:35:278:Infinity":109,"s:279:4:279:Infinity":110,"s:281:20:281:Infinity":111,"s:283:21:295:Infinity":112,"f:283:21:283:28":29,"b:284:6:288:Infinity:undefined:undefined:undefined:undefined":28,"s:284:6:288:Infinity":113,"s:285:25:285:Infinity":114,"f:285:88:285:101":30,"s:285:101:285:114":115,"s:286:22:286:Infinity":116,"b:286:30:286:66:286:66:286:Infinity":29,"f:286:35:286:40":31,"s:286:45:286:62":117,"b:287:8:287:Infinity:undefined:undefined:undefined:undefined":30,"s:287:8:287:Infinity":118,"s:287:19:287:Infinity":119,"b:289:6:293:Infinity:undefined:undefined:undefined:undefined":31,"s:289:6:293:Infinity":120,"s:290:25:290:Infinity":121,"f:290:93:290:106":32,"s:290:106:290:119":122,"s:291:22:291:Infinity":123,"b:291:30:291:66:291:66:291:Infinity":32,"f:291:35:291:40":33,"s:291:45:291:62":124,"b:292:8:292:Infinity:undefined:undefined:undefined:undefined":33,"s:292:8:292:Infinity":125,"s:292:19:292:Infinity":126,"s:294:6:294:Infinity":127,"s:297:4:339:Infinity":128,"f:297:21:297:32":34,"b:298:6:298:Infinity:undefined:undefined:undefined:undefined":34,"s:298:6:298:Infinity":129,"s:298:21:298:Infinity":130,"s:299:22:302:Infinity":131,"s:304:23:304:Infinity":132,"s:305:6:320:Infinity":133,"f:305:44:305:56":35,"s:306:22:306:Infinity":134,"b:307:8:307:Infinity:undefined:undefined:undefined:undefined":35,"s:307:8:307:Infinity":135,"s:307:29:307:Infinity":136,"s:308:14:308:Infinity":137,"b:309:8:309:Infinity:undefined:undefined:undefined:undefined":36,"s:309:8:309:Infinity":138,"s:309:31:309:Infinity":139,"s:310:8:310:Infinity":140,"s:311:21:311:Infinity":141,"b:312:8:315:Infinity:undefined:undefined:undefined:undefined":37,"s:312:8:315:Infinity":142,"s:313:10:313:Infinity":143,"f:313:10:313:18":36,"s:313:24:313:55":144,"s:314:10:314:Infinity":145,"b:316:8:319:Infinity:undefined:undefined:undefined:undefined":38,"s:316:8:319:Infinity":146,"s:317:24:317:Infinity":147,"b:318:10:318:Infinity:undefined:undefined:undefined:undefined":39,"s:318:10:318:Infinity":148,"s:318:21:318:Infinity":149,"s:322:24:322:Infinity":150,"s:323:6:338:Infinity":151,"f:323:45:323:57":37,"s:324:22:324:Infinity":152,"b:325:8:325:Infinity:undefined:undefined:undefined:undefined":40,"s:325:8:325:Infinity":153,"s:325:29:325:Infinity":154,"s:326:14:326:Infinity":155,"b:327:8:327:Infinity:undefined:undefined:undefined:undefined":41,"s:327:8:327:Infinity":156,"s:327:31:327:Infinity":157,"s:328:8:328:Infinity":158,"s:329:21:329:Infinity":159,"b:330:8:333:Infinity:undefined:undefined:undefined:undefined":42,"s:330:8:333:Infinity":160,"s:331:10:331:Infinity":161,"f:331:10:331:18":38,"s:331:24:331:56":162,"s:332:10:332:Infinity":163,"b:334:8:337:Infinity:undefined:undefined:undefined:undefined":43,"s:334:8:337:Infinity":164,"s:335:24:335:Infinity":165,"b:336:10:336:Infinity:undefined:undefined:undefined:undefined":44,"s:336:10:336:Infinity":166,"s:336:21:336:Infinity":167,"s:340:4:340:Infinity":168,"f:340:4:340:17":39,"s:340:19:340:37":169,"s:343:29:360:Infinity":170,"f:343:29:343:36":40,"b:344:4:347:Infinity:undefined:undefined:undefined:undefined":45,"s:344:4:347:Infinity":171,"s:345:6:345:Infinity":172,"s:346:6:346:Infinity":173,"s:349:4:349:Infinity":174,"s:350:4:359:Infinity":175,"s:351:23:351:Infinity":176,"s:352:6:352:Infinity":177,"s:353:6:353:Infinity":178,"s:355:6:355:Infinity":179,"s:356:6:356:Infinity":180,"s:358:6:358:Infinity":181,"s:362:2:390:Infinity":182,"f:362:2:362:18":41,"b:363:4:363:Infinity:undefined:undefined:undefined:undefined":46,"s:363:4:363:Infinity":183,"s:363:17:363:Infinity":184,"s:364:4:389:Infinity":185,"f:364:25:364:31":42,"s:365:6:379:Infinity":186,"b:366:16:366:31:366:31:366:35":47,"b:366:43:366:58:366:58:366:Infinity":48,"b:367:17:367:33:367:33:367:37":49,"b:367:48:367:66:367:66:367:Infinity":50,"b:368:16:368:31:368:31:368:34":51,"b:368:50:368:73:368:73:368:Infinity":52,"b:369:22:369:43:369:43:369:46":53,"b:369:53:369:67:369:67:369:Infinity":54,"b:370:21:370:41:370:41:370:Infinity":55,"b:371:21:371:41:371:41:371:45":56,"b:371:61:371:84:371:84:371:Infinity":57,"b:372:21:372:41:372:41:372:Infinity":58,"b:373:22:373:43:373:43:373:47":59,"b:373:64:373:88:373:88:373:Infinity":60,"b:374:22:374:43:374:43:374:Infinity":61,"b:375:16:375:31:375:31:375:37":62,"b:375:54:375:78:375:78:375:Infinity":63,"b:376:22:376:43:376:43:376:49":64,"b:376:58:376:74:376:74:376:Infinity":65,"b:377:17:377:33:377:33:377:39":66,"b:377:49:377:66:377:66:377:Infinity":67,"b:378:17:378:33:378:33:378:Infinity":68,"s:380:6:387:Infinity":187,"b:381:16:381:36:381:36:381:Infinity":69,"b:382:21:382:49:382:49:382:Infinity":70,"b:383:22:383:51:383:51:383:Infinity":71,"b:384:17:384:38:384:38:384:Infinity":72,"b:385:18:385:40:385:40:385:Infinity":73,"b:386:17:386:38:386:38:386:Infinity":74,"s:388:6:388:Infinity":188,"s:392:2:412:Infinity":189,"f:392:2:392:18":43,"b:393:4:396:Infinity:undefined:undefined:undefined:undefined":75,"s:393:4:396:Infinity":190,"s:394:6:394:Infinity":191,"s:395:6:395:Infinity":192,"s:398:20:398:Infinity":193,"s:399:4:399:Infinity":194,"s:400:4:409:Infinity":195,"f:401:7:401:13":44,"b:402:8:402:Infinity:undefined:undefined:undefined:undefined":76,"s:402:8:402:Infinity":196,"s:402:24:402:Infinity":197,"f:404:7:404:19":45,"b:405:8:405:Infinity:undefined:undefined:undefined:undefined":77,"s:405:8:405:Infinity":198,"s:405:24:405:Infinity":199,"f:407:7:407:21":46,"b:408:8:408:Infinity:undefined:undefined:undefined:undefined":78,"s:408:8:408:Infinity":200,"s:408:24:408:Infinity":201,"s:411:4:411:Infinity":202,"f:411:4:411:17":47,"s:411:19:411:37":203,"s:414:8:414:Infinity":204,"f:414:8:414:15":48,"s:414:32:414:Infinity":205,"f:414:32:414:40":49,"s:414:46:414:71":206,"s:415:8:415:Infinity":207,"f:415:8:415:19":50,"s:415:36:415:Infinity":208,"f:415:36:415:47":51,"s:415:53:415:78":209,"s:417:23:420:Infinity":210,"f:417:23:417:30":52,"s:418:21:418:Infinity":211,"s:419:4:419:Infinity":212,"f:419:16:419:20":53,"s:419:26:419:88":213,"s:422:24:425:Infinity":214,"f:422:24:422:31":54,"s:423:21:423:Infinity":215,"s:424:4:424:Infinity":216,"f:424:16:424:20":55,"s:424:26:424:68":217,"b:424:45:424:59:424:59:424:66":79,"s:427:25:430:Infinity":218,"f:427:25:427:32":56,"s:428:21:428:Infinity":219,"f:428:83:428:96":57,"s:428:96:428:109":220,"s:429:4:429:Infinity":221,"f:429:16:429:20":58,"s:429:26:429:54":222,"s:432:23:449:Infinity":223,"f:432:23:432:30":59,"s:433:4:433:Infinity":224,"s:434:4:434:Infinity":225,"s:435:4:435:Infinity":226,"s:436:4:448:Infinity":227,"b:437:6:443:Infinity:440:13:443:Infinity":80,"s:437:6:443:Infinity":228,"s:438:8:438:Infinity":229,"s:439:8:439:Infinity":230,"s:441:25:441:Infinity":231,"s:442:8:442:Infinity":232,"b:445:6:445:Infinity:undefined:undefined:undefined:undefined":81,"s:445:6:445:Infinity":233,"s:445:30:445:Infinity":234,"s:447:6:447:Infinity":235,"b:451:2:451:Infinity:undefined:undefined:undefined:undefined":82,"s:451:2:451:Infinity":236,"s:451:19:451:Infinity":237,"s:453:8:454:Infinity":238,"f:453:8:453:15":60,"s:453:25:454:Infinity":239,"b:453:25:453:Infinity:454:4:454:Infinity":83,"b:454:76:454:103:454:103:454:122":84,"s:457:2:703:Infinity":240,"b:462:20:462:50:462:50:462:Infinity":85,"f:464:75:464:90":61,"s:464:90:464:Infinity":241,"b:476:72:476:87:476:87:476:Infinity":86,"b:477:21:477:37:477:37:477:Infinity":87,"f:478:14:478:24":62,"s:478:29:478:Infinity":242,"b:478:44:478:62:478:62:478:66":88,"f:482:24:482:28":63,"s:482:33:482:82":243,"b:490:73:490:88:490:88:490:Infinity":89,"f:492:14:492:24":64,"s:492:29:492:Infinity":244,"f:500:14:500:24":65,"s:500:29:500:77":245,"b:500:43:500:73:500:73:500:74":90,"b:504:105:504:120:504:120:504:Infinity":91,"f:505:35:505:45":66,"s:505:50:505:82":246,"b:514:66:514:87:514:87:514:91":92,"f:514:91:514:101":67,"s:514:106:514:151":247,"b:514:126:514:144:514:144:514:148":93,"f:516:28:516:32":68,"s:516:37:516:103":248,"f:526:14:526:24":69,"s:526:34:526:58":249,"s:526:58:526:86":250,"s:526:86:526:117":251,"f:527:14:527:29":70,"s:527:31:527:52":252,"s:527:52:527:80":253,"s:527:80:527:103":254,"f:536:14:536:25":71,"s:536:35:536:Infinity":255,"f:537:32:537:39":72,"s:538:33:538:Infinity":256,"b:539:16:541:Infinity:undefined:undefined:undefined:undefined":94,"s:539:16:541:Infinity":257,"f:539:30:539:36":73,"s:539:45:539:83":258,"s:540:18:540:Infinity":259,"f:540:18:540:37":74,"s:540:49:540:70":260,"s:542:16:548:Infinity":261,"f:542:16:542:25":75,"s:542:38:548:18":262,"f:559:14:559:24":76,"s:559:29:559:68":263,"f:564:14:564:24":77,"s:564:29:564:69":264,"f:577:14:577:24":78,"s:577:34:577:63":265,"s:577:63:577:99":266,"f:578:14:578:29":79,"s:578:31:578:57":267,"s:578:57:578:85":268,"f:589:14:589:24":80,"s:589:34:589:64":269,"s:589:64:589:101":270,"f:590:14:590:29":81,"s:590:31:590:58":271,"s:590:58:590:87":272,"f:602:14:602:24":82,"s:602:29:602:Infinity":273,"b:604:78:604:93:604:93:604:Infinity":95,"f:612:14:612:24":83,"s:612:29:612:Infinity":274,"b:614:79:614:94:614:94:614:Infinity":96,"f:629:14:629:24":84,"s:629:34:629:59":275,"s:629:59:629:91":276,"f:630:14:630:29":85,"s:630:31:630:53":277,"s:630:53:630:77":278,"f:640:14:640:24":86,"s:640:34:640:60":279,"s:640:60:640:93":280,"f:641:14:641:29":87,"s:641:31:641:54":281,"s:641:54:641:79":282,"f:651:14:651:24":88,"s:651:29:651:77":283,"b:651:42:651:72:651:72:651:73":97,"f:656:14:656:24":89,"s:656:29:656:83":284,"b:656:48:656:78:656:78:656:79":98,"f:661:14:661:24":90,"s:661:29:661:81":285,"b:661:46:661:76:661:76:661:77":99,"f:666:14:666:24":91,"s:666:29:666:78":286,"b:666:43:666:73:666:73:666:74":100,"f:671:14:671:24":92,"s:671:29:671:Infinity":287,"f:672:30:672:34":93,"s:672:39:672:95":288,"f:678:14:678:24":94,"s:678:29:678:84":289,"b:678:49:678:79:678:79:678:80":101,"f:687:35:687:45":95,"s:687:50:687:83":290,"b:694:13:694:23:694:23:695:22":102,"b:695:22:695:39:695:39:695:Infinity":103,"f:697:67:697:82":96,"s:697:82:697:102":291},"fnNames":{}}}
,"/Users/gago/Work/Jobee/jems/jems-web-zero/src/services/googleMaps.js": {"path":"/Users/gago/Work/Jobee/jems/jems-web-zero/src/services/googleMaps.js","statementMap":{"0":{"start":{"line":1,"column":14},"end":{"line":1,"column":null}},"1":{"start":{"line":4,"column":2},"end":{"line":4,"column":null}},"2":{"start":{"line":4,"column":15},"end":{"line":4,"column":null}},"3":{"start":{"line":5,"column":2},"end":{"line":5,"column":null}},"4":{"start":{"line":5,"column":27},"end":{"line":5,"column":null}},"5":{"start":{"line":6,"column":2},"end":{"line":13,"column":null}},"6":{"start":{"line":7,"column":4},"end":{"line":7,"column":null}},"7":{"start":{"line":8,"column":19},"end":{"line":8,"column":null}},"8":{"start":{"line":9,"column":4},"end":{"line":9,"column":null}},"9":{"start":{"line":10,"column":4},"end":{"line":10,"column":null}},"10":{"start":{"line":11,"column":4},"end":{"line":11,"column":null}},"11":{"start":{"line":12,"column":4},"end":{"line":12,"column":null}},"12":{"start":{"line":14,"column":2},"end":{"line":14,"column":null}},"13":{"start":{"line":18,"column":8},"end":{"line":19,"column":null}},"14":{"start":{"line":19,"column":4},"end":{"line":19,"column":null}},"15":{"start":{"line":19,"column":42},"end":{"line":19,"column":64}},"16":{"start":{"line":20,"column":2},"end":{"line":25,"column":null}},"17":{"start":{"line":29,"column":2},"end":{"line":46,"column":null}},"18":{"start":{"line":30,"column":20},"end":{"line":30,"column":null}},"19":{"start":{"line":31,"column":4},"end":{"line":45,"column":null}},"20":{"start":{"line":41,"column":8},"end":{"line":41,"column":null}},"21":{"start":{"line":41,"column":29},"end":{"line":41,"column":null}},"22":{"start":{"line":42,"column":23},"end":{"line":42,"column":null}},"23":{"start":{"line":43,"column":8},"end":{"line":43,"column":null}}},"fnMap":{"0":{"name":"loadGoogleMaps","decl":{"start":{"line":3,"column":16},"end":{"line":3,"column":33}},"loc":{"start":{"line":3,"column":33},"end":{"line":15,"column":null}},"line":3},"1":{"name":"(anonymous_1)","decl":{"start":{"line":6,"column":16},"end":{"line":6,"column":25}},"loc":{"start":{"line":6,"column":45},"end":{"line":13,"column":3}},"line":6},"2":{"name":"parsePlaceComponents","decl":{"start":{"line":17,"column":16},"end":{"line":17,"column":37}},"loc":{"start":{"line":17,"column":44},"end":{"line":26,"column":null}},"line":17},"3":{"name":"(anonymous_3)","decl":{"start":{"line":18,"column":8},"end":{"line":18,"column":15}},"loc":{"start":{"line":19,"column":4},"end":{"line":19,"column":null}},"line":19},"4":{"name":"(anonymous_4)","decl":{"start":{"line":19,"column":30},"end":{"line":19,"column":36}},"loc":{"start":{"line":19,"column":42},"end":{"line":19,"column":64}},"line":19},"5":{"name":"calculateMiles","decl":{"start":{"line":28,"column":16},"end":{"line":28,"column":31}},"loc":{"start":{"line":28,"column":52},"end":{"line":47,"column":null}},"line":28},"6":{"name":"(anonymous_6)","decl":{"start":{"line":29,"column":13},"end":{"line":29,"column":22}},"loc":{"start":{"line":29,"column":34},"end":{"line":46,"column":3}},"line":29},"7":{"name":"(anonymous_7)","decl":{"start":{"line":39,"column":6},"end":{"line":39,"column":null}},"loc":{"start":{"line":40,"column":28},"end":{"line":44,"column":null}},"line":40}},"branchMap":{"0":{"loc":{"start":{"line":4,"column":2},"end":{"line":4,"column":null}},"type":"if","locations":[{"start":{"line":4,"column":2},"end":{"line":4,"column":null}},{"start":{},"end":{}}],"line":4},"1":{"loc":{"start":{"line":5,"column":2},"end":{"line":5,"column":null}},"type":"if","locations":[{"start":{"line":5,"column":2},"end":{"line":5,"column":null}},{"start":{},"end":{}}],"line":5},"2":{"loc":{"start":{"line":18,"column":21},"end":{"line":18,"column":null}},"type":"default-arg","locations":[{"start":{"line":18,"column":32},"end":{"line":18,"column":null}}],"line":18},"3":{"loc":{"start":{"line":19,"column":4},"end":{"line":19,"column":null}},"type":"binary-expr","locations":[{"start":{"line":19,"column":4},"end":{"line":19,"column":81}},{"start":{"line":19,"column":81},"end":{"line":19,"column":null}}],"line":19},"4":{"loc":{"start":{"line":41,"column":8},"end":{"line":41,"column":null}},"type":"if","locations":[{"start":{"line":41,"column":8},"end":{"line":41,"column":null}},{"start":{},"end":{}}],"line":41},"5":{"loc":{"start":{"line":43,"column":16},"end":{"line":43,"column":56}},"type":"cond-expr","locations":[{"start":{"line":43,"column":25},"end":{"line":43,"column":52}},{"start":{"line":43,"column":52},"end":{"line":43,"column":56}}],"line":43}},"s":{"0":1,"1":18,"2":17,"3":1,"4":0,"5":1,"6":1,"7":1,"8":1,"9":1,"10":1,"11":1,"12":1,"13":0,"14":0,"15":0,"16":0,"17":0,"18":0,"19":0,"20":0,"21":0,"22":0,"23":0},"f":{"0":18,"1":1,"2":0,"3":0,"4":0,"5":0,"6":0,"7":0},"b":{"0":[17,1],"1":[0,1],"2":[0],"3":[0,0],"4":[0,0],"5":[0,0]},"meta":{"lastBranch":6,"lastFunction":8,"lastStatement":24,"seen":{"s:1:14:1:Infinity":0,"f:3:16:3:33":0,"b:4:2:4:Infinity:undefined:undefined:undefined:undefined":0,"s:4:2:4:Infinity":1,"s:4:15:4:Infinity":2,"b:5:2:5:Infinity:undefined:undefined:undefined:undefined":1,"s:5:2:5:Infinity":3,"s:5:27:5:Infinity":4,"s:6:2:13:Infinity":5,"f:6:16:6:25":1,"s:7:4:7:Infinity":6,"s:8:19:8:Infinity":7,"s:9:4:9:Infinity":8,"s:10:4:10:Infinity":9,"s:11:4:11:Infinity":10,"s:12:4:12:Infinity":11,"s:14:2:14:Infinity":12,"f:17:16:17:37":2,"s:18:8:19:Infinity":13,"f:18:8:18:15":3,"s:19:4:19:Infinity":14,"b:18:32:18:Infinity":2,"b:19:4:19:81:19:81:19:Infinity":3,"f:19:30:19:36":4,"s:19:42:19:64":15,"s:20:2:25:Infinity":16,"f:28:16:28:31":5,"s:29:2:46:Infinity":17,"f:29:13:29:22":6,"s:30:20:30:Infinity":18,"s:31:4:45:Infinity":19,"f:39:6:39:Infinity":7,"b:41:8:41:Infinity:undefined:undefined:undefined:undefined":4,"s:41:8:41:Infinity":20,"s:41:29:41:Infinity":21,"s:42:23:42:Infinity":22,"s:43:8:43:Infinity":23,"b:43:25:43:52:43:52:43:56":5},"fnNames":{}}}
}
